[2022-09-14T12:40:15.423+0300] {processor.py:153} INFO - Started process (PID=18701) to work on /home/alex/code/Hillel_Homework/airflow_project/lib/python3.10/site-packages/airflow/example_dags/plugins/workday.py
[2022-09-14T12:40:15.426+0300] {processor.py:640} INFO - Processing file /home/alex/code/Hillel_Homework/airflow_project/lib/python3.10/site-packages/airflow/example_dags/plugins/workday.py for tasks to queue
[2022-09-14T12:40:15.428+0300] {logging_mixin.py:115} INFO - [2022-09-14T12:40:15.427+0300] {dagbag.py:508} INFO - Filling up the DagBag from /home/alex/code/Hillel_Homework/airflow_project/lib/python3.10/site-packages/airflow/example_dags/plugins/workday.py
[2022-09-14T12:40:15.433+0300] {processor.py:652} WARNING - No viable dags retrieved from /home/alex/code/Hillel_Homework/airflow_project/lib/python3.10/site-packages/airflow/example_dags/plugins/workday.py
[2022-09-14T12:40:15.464+0300] {processor.py:161} INFO - Processing /home/alex/code/Hillel_Homework/airflow_project/lib/python3.10/site-packages/airflow/example_dags/plugins/workday.py took 0.048 seconds
[2022-09-14T12:40:56.068+0300] {processor.py:153} INFO - Started process (PID=18873) to work on /home/alex/code/Hillel_Homework/airflow_project/lib/python3.10/site-packages/airflow/example_dags/plugins/workday.py
[2022-09-14T12:40:56.073+0300] {processor.py:640} INFO - Processing file /home/alex/code/Hillel_Homework/airflow_project/lib/python3.10/site-packages/airflow/example_dags/plugins/workday.py for tasks to queue
[2022-09-14T12:40:56.075+0300] {logging_mixin.py:115} INFO - [2022-09-14T12:40:56.075+0300] {dagbag.py:508} INFO - Filling up the DagBag from /home/alex/code/Hillel_Homework/airflow_project/lib/python3.10/site-packages/airflow/example_dags/plugins/workday.py
[2022-09-14T12:40:56.079+0300] {processor.py:652} WARNING - No viable dags retrieved from /home/alex/code/Hillel_Homework/airflow_project/lib/python3.10/site-packages/airflow/example_dags/plugins/workday.py
[2022-09-14T12:40:56.100+0300] {processor.py:161} INFO - Processing /home/alex/code/Hillel_Homework/airflow_project/lib/python3.10/site-packages/airflow/example_dags/plugins/workday.py took 0.037 seconds
[2022-09-14T12:41:30.197+0300] {processor.py:153} INFO - Started process (PID=18938) to work on /home/alex/code/Hillel_Homework/airflow_project/lib/python3.10/site-packages/airflow/example_dags/plugins/workday.py
[2022-09-14T12:41:30.202+0300] {processor.py:640} INFO - Processing file /home/alex/code/Hillel_Homework/airflow_project/lib/python3.10/site-packages/airflow/example_dags/plugins/workday.py for tasks to queue
[2022-09-14T12:41:30.203+0300] {logging_mixin.py:115} INFO - [2022-09-14T12:41:30.203+0300] {dagbag.py:508} INFO - Filling up the DagBag from /home/alex/code/Hillel_Homework/airflow_project/lib/python3.10/site-packages/airflow/example_dags/plugins/workday.py
[2022-09-14T12:41:30.206+0300] {processor.py:652} WARNING - No viable dags retrieved from /home/alex/code/Hillel_Homework/airflow_project/lib/python3.10/site-packages/airflow/example_dags/plugins/workday.py
[2022-09-14T12:41:30.220+0300] {processor.py:161} INFO - Processing /home/alex/code/Hillel_Homework/airflow_project/lib/python3.10/site-packages/airflow/example_dags/plugins/workday.py took 0.026 seconds
[2022-09-14T12:42:06.037+0300] {processor.py:153} INFO - Started process (PID=19042) to work on /home/alex/code/Hillel_Homework/airflow_project/lib/python3.10/site-packages/airflow/example_dags/plugins/workday.py
[2022-09-14T12:42:06.041+0300] {processor.py:640} INFO - Processing file /home/alex/code/Hillel_Homework/airflow_project/lib/python3.10/site-packages/airflow/example_dags/plugins/workday.py for tasks to queue
[2022-09-14T12:42:06.042+0300] {logging_mixin.py:115} INFO - [2022-09-14T12:42:06.042+0300] {dagbag.py:508} INFO - Filling up the DagBag from /home/alex/code/Hillel_Homework/airflow_project/lib/python3.10/site-packages/airflow/example_dags/plugins/workday.py
[2022-09-14T12:42:06.044+0300] {processor.py:652} WARNING - No viable dags retrieved from /home/alex/code/Hillel_Homework/airflow_project/lib/python3.10/site-packages/airflow/example_dags/plugins/workday.py
[2022-09-14T12:42:06.055+0300] {processor.py:161} INFO - Processing /home/alex/code/Hillel_Homework/airflow_project/lib/python3.10/site-packages/airflow/example_dags/plugins/workday.py took 0.024 seconds
