[2022-09-14T13:01:50.968+0300] {taskinstance.py:1171} INFO - Dependencies all met for <TaskInstance: etl_dag.print_result manual__2022-09-14T10:00:48.958748+00:00 [queued]>
[2022-09-14T13:01:50.981+0300] {taskinstance.py:1171} INFO - Dependencies all met for <TaskInstance: etl_dag.print_result manual__2022-09-14T10:00:48.958748+00:00 [queued]>
[2022-09-14T13:01:50.981+0300] {taskinstance.py:1368} INFO - 
--------------------------------------------------------------------------------
[2022-09-14T13:01:50.981+0300] {taskinstance.py:1369} INFO - Starting attempt 1 of 1
[2022-09-14T13:01:50.981+0300] {taskinstance.py:1370} INFO - 
--------------------------------------------------------------------------------
[2022-09-14T13:01:51.000+0300] {taskinstance.py:1389} INFO - Executing <Task(_PythonDecoratedOperator): print_result> on 2022-09-14 10:00:48.958748+00:00
[2022-09-14T13:01:51.004+0300] {standard_task_runner.py:52} INFO - Started process 20865 to run task
[2022-09-14T13:01:51.007+0300] {standard_task_runner.py:79} INFO - Running: ['airflow', 'tasks', 'run', 'etl_dag', 'print_result', 'manual__2022-09-14T10:00:48.958748+00:00', '--job-id', '5', '--raw', '--subdir', 'DAGS_FOLDER/my_dag.py', '--cfg-path', '/tmp/tmpicod4k1d', '--error-file', '/tmp/tmpc99uwhq3']
[2022-09-14T13:01:51.009+0300] {standard_task_runner.py:80} INFO - Job 5: Subtask print_result
[2022-09-14T13:01:51.060+0300] {task_command.py:371} INFO - Running <TaskInstance: etl_dag.print_result manual__2022-09-14T10:00:48.958748+00:00 [running]> on host alex-TravelMate-P215-52
[2022-09-14T13:01:51.195+0300] {taskinstance.py:1581} INFO - Exporting the following env vars:
AIRFLOW_CTX_DAG_OWNER=admin
AIRFLOW_CTX_DAG_ID=etl_dag
AIRFLOW_CTX_TASK_ID=print_result
AIRFLOW_CTX_EXECUTION_DATE=2022-09-14T10:00:48.958748+00:00
AIRFLOW_CTX_TRY_NUMBER=1
AIRFLOW_CTX_DAG_RUN_ID=manual__2022-09-14T10:00:48.958748+00:00
[2022-09-14T13:01:51.196+0300] {logging_mixin.py:115} INFO - '{"2003":4625,"2004":4269,"2005":3967,"2006":3937,"2007":4055,"2008":4341,"2009":4014,"2010":4060,"2011":3914,"2012":4223,"2013":4058,"2014":4167,"2015":4313}'
[2022-09-14T13:01:51.196+0300] {python.py:173} INFO - Done. Returned value was: None
[2022-09-14T13:01:51.203+0300] {taskinstance.py:1407} INFO - Marking task as SUCCESS. dag_id=etl_dag, task_id=print_result, execution_date=20220914T100048, start_date=20220914T100150, end_date=20220914T100151
[2022-09-14T13:01:51.259+0300] {local_task_job.py:156} INFO - Task exited with return code 0
[2022-09-14T13:01:51.299+0300] {local_task_job.py:279} INFO - 0 downstream tasks scheduled from follow-on schedule check
