[2022-09-14T12:48:19.612+0300] {processor.py:153} INFO - Started process (PID=20035) to work on /home/alex/code/Hillel_Homework/airflow_project/airflow/dags/my_dag.py
[2022-09-14T12:48:19.613+0300] {processor.py:640} INFO - Processing file /home/alex/code/Hillel_Homework/airflow_project/airflow/dags/my_dag.py for tasks to queue
[2022-09-14T12:48:19.613+0300] {logging_mixin.py:115} INFO - [2022-09-14T12:48:19.613+0300] {dagbag.py:508} INFO - Filling up the DagBag from /home/alex/code/Hillel_Homework/airflow_project/airflow/dags/my_dag.py
[2022-09-14T12:48:20.165+0300] {processor.py:650} INFO - DAG(s) dict_keys(['etl_dag']) retrieved from /home/alex/code/Hillel_Homework/airflow_project/airflow/dags/my_dag.py
[2022-09-14T12:48:20.271+0300] {logging_mixin.py:115} INFO - [2022-09-14T12:48:20.270+0300] {manager.py:508} INFO - Created Permission View: can delete on DAG:etl_dag
[2022-09-14T12:48:20.293+0300] {logging_mixin.py:115} INFO - [2022-09-14T12:48:20.293+0300] {manager.py:508} INFO - Created Permission View: can edit on DAG:etl_dag
[2022-09-14T12:48:20.308+0300] {logging_mixin.py:115} INFO - [2022-09-14T12:48:20.308+0300] {manager.py:508} INFO - Created Permission View: can read on DAG:etl_dag
[2022-09-14T12:48:20.309+0300] {logging_mixin.py:115} INFO - [2022-09-14T12:48:20.308+0300] {dag.py:2429} INFO - Sync 1 DAGs
[2022-09-14T12:48:20.321+0300] {logging_mixin.py:115} INFO - [2022-09-14T12:48:20.320+0300] {dag.py:2448} INFO - Creating ORM DAG for etl_dag
[2022-09-14T12:48:20.338+0300] {logging_mixin.py:115} INFO - [2022-09-14T12:48:20.338+0300] {dag.py:2977} INFO - Setting next_dagrun for etl_dag to None, run_after=None
[2022-09-14T12:48:20.364+0300] {processor.py:161} INFO - Processing /home/alex/code/Hillel_Homework/airflow_project/airflow/dags/my_dag.py took 0.755 seconds
[2022-09-14T12:48:50.848+0300] {processor.py:153} INFO - Started process (PID=20311) to work on /home/alex/code/Hillel_Homework/airflow_project/airflow/dags/my_dag.py
[2022-09-14T12:48:50.853+0300] {processor.py:640} INFO - Processing file /home/alex/code/Hillel_Homework/airflow_project/airflow/dags/my_dag.py for tasks to queue
[2022-09-14T12:48:50.854+0300] {logging_mixin.py:115} INFO - [2022-09-14T12:48:50.853+0300] {dagbag.py:508} INFO - Filling up the DagBag from /home/alex/code/Hillel_Homework/airflow_project/airflow/dags/my_dag.py
[2022-09-14T12:48:51.407+0300] {processor.py:650} INFO - DAG(s) dict_keys(['etl_dag']) retrieved from /home/alex/code/Hillel_Homework/airflow_project/airflow/dags/my_dag.py
[2022-09-14T12:48:51.452+0300] {logging_mixin.py:115} INFO - [2022-09-14T12:48:51.452+0300] {dag.py:2429} INFO - Sync 1 DAGs
[2022-09-14T12:48:51.474+0300] {logging_mixin.py:115} INFO - [2022-09-14T12:48:51.473+0300] {dag.py:2977} INFO - Setting next_dagrun for etl_dag to None, run_after=None
[2022-09-14T12:48:51.498+0300] {processor.py:161} INFO - Processing /home/alex/code/Hillel_Homework/airflow_project/airflow/dags/my_dag.py took 0.654 seconds
[2022-09-14T12:49:21.713+0300] {processor.py:153} INFO - Started process (PID=20350) to work on /home/alex/code/Hillel_Homework/airflow_project/airflow/dags/my_dag.py
[2022-09-14T12:49:21.718+0300] {processor.py:640} INFO - Processing file /home/alex/code/Hillel_Homework/airflow_project/airflow/dags/my_dag.py for tasks to queue
[2022-09-14T12:49:21.720+0300] {logging_mixin.py:115} INFO - [2022-09-14T12:49:21.719+0300] {dagbag.py:508} INFO - Filling up the DagBag from /home/alex/code/Hillel_Homework/airflow_project/airflow/dags/my_dag.py
[2022-09-14T12:49:22.135+0300] {processor.py:650} INFO - DAG(s) dict_keys(['etl_dag']) retrieved from /home/alex/code/Hillel_Homework/airflow_project/airflow/dags/my_dag.py
[2022-09-14T12:49:22.146+0300] {logging_mixin.py:115} INFO - [2022-09-14T12:49:22.146+0300] {dag.py:2429} INFO - Sync 1 DAGs
[2022-09-14T12:49:22.165+0300] {logging_mixin.py:115} INFO - [2022-09-14T12:49:22.165+0300] {dag.py:2977} INFO - Setting next_dagrun for etl_dag to None, run_after=None
[2022-09-14T12:49:22.181+0300] {processor.py:161} INFO - Processing /home/alex/code/Hillel_Homework/airflow_project/airflow/dags/my_dag.py took 0.476 seconds
[2022-09-14T12:49:52.319+0300] {processor.py:153} INFO - Started process (PID=20352) to work on /home/alex/code/Hillel_Homework/airflow_project/airflow/dags/my_dag.py
[2022-09-14T12:49:52.327+0300] {processor.py:640} INFO - Processing file /home/alex/code/Hillel_Homework/airflow_project/airflow/dags/my_dag.py for tasks to queue
[2022-09-14T12:49:52.329+0300] {logging_mixin.py:115} INFO - [2022-09-14T12:49:52.328+0300] {dagbag.py:508} INFO - Filling up the DagBag from /home/alex/code/Hillel_Homework/airflow_project/airflow/dags/my_dag.py
[2022-09-14T12:49:52.744+0300] {processor.py:650} INFO - DAG(s) dict_keys(['etl_dag']) retrieved from /home/alex/code/Hillel_Homework/airflow_project/airflow/dags/my_dag.py
[2022-09-14T12:49:52.756+0300] {logging_mixin.py:115} INFO - [2022-09-14T12:49:52.756+0300] {dag.py:2429} INFO - Sync 1 DAGs
[2022-09-14T12:49:52.773+0300] {logging_mixin.py:115} INFO - [2022-09-14T12:49:52.773+0300] {dag.py:2977} INFO - Setting next_dagrun for etl_dag to None, run_after=None
[2022-09-14T12:49:52.790+0300] {processor.py:161} INFO - Processing /home/alex/code/Hillel_Homework/airflow_project/airflow/dags/my_dag.py took 0.478 seconds
[2022-09-14T12:50:22.983+0300] {processor.py:153} INFO - Started process (PID=20370) to work on /home/alex/code/Hillel_Homework/airflow_project/airflow/dags/my_dag.py
[2022-09-14T12:50:22.990+0300] {processor.py:640} INFO - Processing file /home/alex/code/Hillel_Homework/airflow_project/airflow/dags/my_dag.py for tasks to queue
[2022-09-14T12:50:22.992+0300] {logging_mixin.py:115} INFO - [2022-09-14T12:50:22.992+0300] {dagbag.py:508} INFO - Filling up the DagBag from /home/alex/code/Hillel_Homework/airflow_project/airflow/dags/my_dag.py
[2022-09-14T12:50:23.512+0300] {processor.py:650} INFO - DAG(s) dict_keys(['etl_dag']) retrieved from /home/alex/code/Hillel_Homework/airflow_project/airflow/dags/my_dag.py
[2022-09-14T12:50:23.528+0300] {logging_mixin.py:115} INFO - [2022-09-14T12:50:23.528+0300] {dag.py:2429} INFO - Sync 1 DAGs
[2022-09-14T12:50:23.556+0300] {logging_mixin.py:115} INFO - [2022-09-14T12:50:23.555+0300] {dag.py:2977} INFO - Setting next_dagrun for etl_dag to None, run_after=None
[2022-09-14T12:50:23.584+0300] {processor.py:161} INFO - Processing /home/alex/code/Hillel_Homework/airflow_project/airflow/dags/my_dag.py took 0.611 seconds
[2022-09-14T12:50:53.822+0300] {processor.py:153} INFO - Started process (PID=20417) to work on /home/alex/code/Hillel_Homework/airflow_project/airflow/dags/my_dag.py
[2022-09-14T12:50:53.827+0300] {processor.py:640} INFO - Processing file /home/alex/code/Hillel_Homework/airflow_project/airflow/dags/my_dag.py for tasks to queue
[2022-09-14T12:50:53.829+0300] {logging_mixin.py:115} INFO - [2022-09-14T12:50:53.828+0300] {dagbag.py:508} INFO - Filling up the DagBag from /home/alex/code/Hillel_Homework/airflow_project/airflow/dags/my_dag.py
[2022-09-14T12:50:54.230+0300] {processor.py:650} INFO - DAG(s) dict_keys(['etl_dag']) retrieved from /home/alex/code/Hillel_Homework/airflow_project/airflow/dags/my_dag.py
[2022-09-14T12:50:54.242+0300] {logging_mixin.py:115} INFO - [2022-09-14T12:50:54.242+0300] {dag.py:2429} INFO - Sync 1 DAGs
[2022-09-14T12:50:54.260+0300] {logging_mixin.py:115} INFO - [2022-09-14T12:50:54.260+0300] {dag.py:2977} INFO - Setting next_dagrun for etl_dag to None, run_after=None
[2022-09-14T12:50:54.280+0300] {processor.py:161} INFO - Processing /home/alex/code/Hillel_Homework/airflow_project/airflow/dags/my_dag.py took 0.466 seconds
[2022-09-14T12:51:24.472+0300] {processor.py:153} INFO - Started process (PID=20434) to work on /home/alex/code/Hillel_Homework/airflow_project/airflow/dags/my_dag.py
[2022-09-14T12:51:24.473+0300] {processor.py:640} INFO - Processing file /home/alex/code/Hillel_Homework/airflow_project/airflow/dags/my_dag.py for tasks to queue
[2022-09-14T12:51:24.474+0300] {logging_mixin.py:115} INFO - [2022-09-14T12:51:24.474+0300] {dagbag.py:508} INFO - Filling up the DagBag from /home/alex/code/Hillel_Homework/airflow_project/airflow/dags/my_dag.py
[2022-09-14T12:51:24.855+0300] {processor.py:650} INFO - DAG(s) dict_keys(['etl_dag']) retrieved from /home/alex/code/Hillel_Homework/airflow_project/airflow/dags/my_dag.py
[2022-09-14T12:51:24.866+0300] {logging_mixin.py:115} INFO - [2022-09-14T12:51:24.866+0300] {dag.py:2429} INFO - Sync 1 DAGs
[2022-09-14T12:51:24.883+0300] {logging_mixin.py:115} INFO - [2022-09-14T12:51:24.883+0300] {dag.py:2977} INFO - Setting next_dagrun for etl_dag to None, run_after=None
[2022-09-14T12:51:24.906+0300] {processor.py:161} INFO - Processing /home/alex/code/Hillel_Homework/airflow_project/airflow/dags/my_dag.py took 0.436 seconds
[2022-09-14T12:51:55.153+0300] {processor.py:153} INFO - Started process (PID=20448) to work on /home/alex/code/Hillel_Homework/airflow_project/airflow/dags/my_dag.py
[2022-09-14T12:51:55.155+0300] {processor.py:640} INFO - Processing file /home/alex/code/Hillel_Homework/airflow_project/airflow/dags/my_dag.py for tasks to queue
[2022-09-14T12:51:55.156+0300] {logging_mixin.py:115} INFO - [2022-09-14T12:51:55.155+0300] {dagbag.py:508} INFO - Filling up the DagBag from /home/alex/code/Hillel_Homework/airflow_project/airflow/dags/my_dag.py
[2022-09-14T12:51:55.580+0300] {processor.py:650} INFO - DAG(s) dict_keys(['etl_dag']) retrieved from /home/alex/code/Hillel_Homework/airflow_project/airflow/dags/my_dag.py
[2022-09-14T12:51:55.595+0300] {logging_mixin.py:115} INFO - [2022-09-14T12:51:55.595+0300] {dag.py:2429} INFO - Sync 1 DAGs
[2022-09-14T12:51:55.614+0300] {logging_mixin.py:115} INFO - [2022-09-14T12:51:55.613+0300] {dag.py:2977} INFO - Setting next_dagrun for etl_dag to None, run_after=None
[2022-09-14T12:51:55.638+0300] {processor.py:161} INFO - Processing /home/alex/code/Hillel_Homework/airflow_project/airflow/dags/my_dag.py took 0.489 seconds
[2022-09-14T12:52:25.842+0300] {processor.py:153} INFO - Started process (PID=20458) to work on /home/alex/code/Hillel_Homework/airflow_project/airflow/dags/my_dag.py
[2022-09-14T12:52:25.851+0300] {processor.py:640} INFO - Processing file /home/alex/code/Hillel_Homework/airflow_project/airflow/dags/my_dag.py for tasks to queue
[2022-09-14T12:52:25.854+0300] {logging_mixin.py:115} INFO - [2022-09-14T12:52:25.853+0300] {dagbag.py:508} INFO - Filling up the DagBag from /home/alex/code/Hillel_Homework/airflow_project/airflow/dags/my_dag.py
[2022-09-14T12:52:26.244+0300] {processor.py:650} INFO - DAG(s) dict_keys(['etl_dag']) retrieved from /home/alex/code/Hillel_Homework/airflow_project/airflow/dags/my_dag.py
[2022-09-14T12:52:26.255+0300] {logging_mixin.py:115} INFO - [2022-09-14T12:52:26.255+0300] {dag.py:2429} INFO - Sync 1 DAGs
[2022-09-14T12:52:26.273+0300] {logging_mixin.py:115} INFO - [2022-09-14T12:52:26.273+0300] {dag.py:2977} INFO - Setting next_dagrun for etl_dag to None, run_after=None
[2022-09-14T12:52:26.295+0300] {processor.py:161} INFO - Processing /home/alex/code/Hillel_Homework/airflow_project/airflow/dags/my_dag.py took 0.463 seconds
[2022-09-14T12:52:56.501+0300] {processor.py:153} INFO - Started process (PID=20473) to work on /home/alex/code/Hillel_Homework/airflow_project/airflow/dags/my_dag.py
[2022-09-14T12:52:56.509+0300] {processor.py:640} INFO - Processing file /home/alex/code/Hillel_Homework/airflow_project/airflow/dags/my_dag.py for tasks to queue
[2022-09-14T12:52:56.511+0300] {logging_mixin.py:115} INFO - [2022-09-14T12:52:56.511+0300] {dagbag.py:508} INFO - Filling up the DagBag from /home/alex/code/Hillel_Homework/airflow_project/airflow/dags/my_dag.py
[2022-09-14T12:52:56.905+0300] {processor.py:650} INFO - DAG(s) dict_keys(['etl_dag']) retrieved from /home/alex/code/Hillel_Homework/airflow_project/airflow/dags/my_dag.py
[2022-09-14T12:52:56.917+0300] {logging_mixin.py:115} INFO - [2022-09-14T12:52:56.917+0300] {dag.py:2429} INFO - Sync 1 DAGs
[2022-09-14T12:52:56.933+0300] {logging_mixin.py:115} INFO - [2022-09-14T12:52:56.933+0300] {dag.py:2977} INFO - Setting next_dagrun for etl_dag to None, run_after=None
[2022-09-14T12:52:56.956+0300] {processor.py:161} INFO - Processing /home/alex/code/Hillel_Homework/airflow_project/airflow/dags/my_dag.py took 0.461 seconds
[2022-09-14T12:53:27.146+0300] {processor.py:153} INFO - Started process (PID=20527) to work on /home/alex/code/Hillel_Homework/airflow_project/airflow/dags/my_dag.py
[2022-09-14T12:53:27.149+0300] {processor.py:640} INFO - Processing file /home/alex/code/Hillel_Homework/airflow_project/airflow/dags/my_dag.py for tasks to queue
[2022-09-14T12:53:27.152+0300] {logging_mixin.py:115} INFO - [2022-09-14T12:53:27.151+0300] {dagbag.py:508} INFO - Filling up the DagBag from /home/alex/code/Hillel_Homework/airflow_project/airflow/dags/my_dag.py
[2022-09-14T12:53:27.625+0300] {processor.py:650} INFO - DAG(s) dict_keys(['etl_dag']) retrieved from /home/alex/code/Hillel_Homework/airflow_project/airflow/dags/my_dag.py
[2022-09-14T12:53:27.679+0300] {logging_mixin.py:115} INFO - [2022-09-14T12:53:27.678+0300] {dag.py:2429} INFO - Sync 1 DAGs
[2022-09-14T12:53:27.702+0300] {logging_mixin.py:115} INFO - [2022-09-14T12:53:27.701+0300] {dag.py:2977} INFO - Setting next_dagrun for etl_dag to None, run_after=None
[2022-09-14T12:53:27.722+0300] {processor.py:161} INFO - Processing /home/alex/code/Hillel_Homework/airflow_project/airflow/dags/my_dag.py took 0.584 seconds
[2022-09-14T12:53:57.909+0300] {processor.py:153} INFO - Started process (PID=20531) to work on /home/alex/code/Hillel_Homework/airflow_project/airflow/dags/my_dag.py
[2022-09-14T12:53:57.913+0300] {processor.py:640} INFO - Processing file /home/alex/code/Hillel_Homework/airflow_project/airflow/dags/my_dag.py for tasks to queue
[2022-09-14T12:53:57.915+0300] {logging_mixin.py:115} INFO - [2022-09-14T12:53:57.915+0300] {dagbag.py:508} INFO - Filling up the DagBag from /home/alex/code/Hillel_Homework/airflow_project/airflow/dags/my_dag.py
[2022-09-14T12:53:58.327+0300] {processor.py:650} INFO - DAG(s) dict_keys(['etl_dag']) retrieved from /home/alex/code/Hillel_Homework/airflow_project/airflow/dags/my_dag.py
[2022-09-14T12:53:58.338+0300] {logging_mixin.py:115} INFO - [2022-09-14T12:53:58.338+0300] {dag.py:2429} INFO - Sync 1 DAGs
[2022-09-14T12:53:58.357+0300] {logging_mixin.py:115} INFO - [2022-09-14T12:53:58.357+0300] {dag.py:2977} INFO - Setting next_dagrun for etl_dag to None, run_after=None
[2022-09-14T12:53:58.382+0300] {processor.py:161} INFO - Processing /home/alex/code/Hillel_Homework/airflow_project/airflow/dags/my_dag.py took 0.481 seconds
[2022-09-14T12:54:28.588+0300] {processor.py:153} INFO - Started process (PID=20534) to work on /home/alex/code/Hillel_Homework/airflow_project/airflow/dags/my_dag.py
[2022-09-14T12:54:28.591+0300] {processor.py:640} INFO - Processing file /home/alex/code/Hillel_Homework/airflow_project/airflow/dags/my_dag.py for tasks to queue
[2022-09-14T12:54:28.593+0300] {logging_mixin.py:115} INFO - [2022-09-14T12:54:28.593+0300] {dagbag.py:508} INFO - Filling up the DagBag from /home/alex/code/Hillel_Homework/airflow_project/airflow/dags/my_dag.py
[2022-09-14T12:54:29.014+0300] {processor.py:650} INFO - DAG(s) dict_keys(['etl_dag']) retrieved from /home/alex/code/Hillel_Homework/airflow_project/airflow/dags/my_dag.py
[2022-09-14T12:54:29.027+0300] {logging_mixin.py:115} INFO - [2022-09-14T12:54:29.027+0300] {dag.py:2429} INFO - Sync 1 DAGs
[2022-09-14T12:54:29.045+0300] {logging_mixin.py:115} INFO - [2022-09-14T12:54:29.044+0300] {dag.py:2977} INFO - Setting next_dagrun for etl_dag to None, run_after=None
[2022-09-14T12:54:29.069+0300] {processor.py:161} INFO - Processing /home/alex/code/Hillel_Homework/airflow_project/airflow/dags/my_dag.py took 0.490 seconds
[2022-09-14T12:54:59.251+0300] {processor.py:153} INFO - Started process (PID=20542) to work on /home/alex/code/Hillel_Homework/airflow_project/airflow/dags/my_dag.py
[2022-09-14T12:54:59.263+0300] {processor.py:640} INFO - Processing file /home/alex/code/Hillel_Homework/airflow_project/airflow/dags/my_dag.py for tasks to queue
[2022-09-14T12:54:59.265+0300] {logging_mixin.py:115} INFO - [2022-09-14T12:54:59.264+0300] {dagbag.py:508} INFO - Filling up the DagBag from /home/alex/code/Hillel_Homework/airflow_project/airflow/dags/my_dag.py
[2022-09-14T12:54:59.675+0300] {processor.py:650} INFO - DAG(s) dict_keys(['etl_dag']) retrieved from /home/alex/code/Hillel_Homework/airflow_project/airflow/dags/my_dag.py
[2022-09-14T12:54:59.692+0300] {logging_mixin.py:115} INFO - [2022-09-14T12:54:59.692+0300] {dag.py:2429} INFO - Sync 1 DAGs
[2022-09-14T12:54:59.711+0300] {logging_mixin.py:115} INFO - [2022-09-14T12:54:59.710+0300] {dag.py:2977} INFO - Setting next_dagrun for etl_dag to None, run_after=None
[2022-09-14T12:54:59.736+0300] {processor.py:161} INFO - Processing /home/alex/code/Hillel_Homework/airflow_project/airflow/dags/my_dag.py took 0.496 seconds
[2022-09-14T12:55:30.032+0300] {processor.py:153} INFO - Started process (PID=20552) to work on /home/alex/code/Hillel_Homework/airflow_project/airflow/dags/my_dag.py
[2022-09-14T12:55:30.035+0300] {processor.py:640} INFO - Processing file /home/alex/code/Hillel_Homework/airflow_project/airflow/dags/my_dag.py for tasks to queue
[2022-09-14T12:55:30.038+0300] {logging_mixin.py:115} INFO - [2022-09-14T12:55:30.037+0300] {dagbag.py:508} INFO - Filling up the DagBag from /home/alex/code/Hillel_Homework/airflow_project/airflow/dags/my_dag.py
[2022-09-14T12:55:30.469+0300] {processor.py:650} INFO - DAG(s) dict_keys(['etl_dag']) retrieved from /home/alex/code/Hillel_Homework/airflow_project/airflow/dags/my_dag.py
[2022-09-14T12:55:30.481+0300] {logging_mixin.py:115} INFO - [2022-09-14T12:55:30.481+0300] {dag.py:2429} INFO - Sync 1 DAGs
[2022-09-14T12:55:30.499+0300] {logging_mixin.py:115} INFO - [2022-09-14T12:55:30.499+0300] {dag.py:2977} INFO - Setting next_dagrun for etl_dag to None, run_after=None
[2022-09-14T12:55:30.516+0300] {processor.py:161} INFO - Processing /home/alex/code/Hillel_Homework/airflow_project/airflow/dags/my_dag.py took 0.495 seconds
[2022-09-14T12:56:00.850+0300] {processor.py:153} INFO - Started process (PID=20560) to work on /home/alex/code/Hillel_Homework/airflow_project/airflow/dags/my_dag.py
[2022-09-14T12:56:00.857+0300] {processor.py:640} INFO - Processing file /home/alex/code/Hillel_Homework/airflow_project/airflow/dags/my_dag.py for tasks to queue
[2022-09-14T12:56:00.860+0300] {logging_mixin.py:115} INFO - [2022-09-14T12:56:00.859+0300] {dagbag.py:508} INFO - Filling up the DagBag from /home/alex/code/Hillel_Homework/airflow_project/airflow/dags/my_dag.py
[2022-09-14T12:56:01.273+0300] {processor.py:650} INFO - DAG(s) dict_keys(['etl_dag']) retrieved from /home/alex/code/Hillel_Homework/airflow_project/airflow/dags/my_dag.py
[2022-09-14T12:56:01.286+0300] {logging_mixin.py:115} INFO - [2022-09-14T12:56:01.285+0300] {dag.py:2429} INFO - Sync 1 DAGs
[2022-09-14T12:56:01.302+0300] {logging_mixin.py:115} INFO - [2022-09-14T12:56:01.302+0300] {dag.py:2977} INFO - Setting next_dagrun for etl_dag to None, run_after=None
[2022-09-14T12:56:01.321+0300] {processor.py:161} INFO - Processing /home/alex/code/Hillel_Homework/airflow_project/airflow/dags/my_dag.py took 0.480 seconds
[2022-09-14T12:56:31.491+0300] {processor.py:153} INFO - Started process (PID=20563) to work on /home/alex/code/Hillel_Homework/airflow_project/airflow/dags/my_dag.py
[2022-09-14T12:56:31.496+0300] {processor.py:640} INFO - Processing file /home/alex/code/Hillel_Homework/airflow_project/airflow/dags/my_dag.py for tasks to queue
[2022-09-14T12:56:31.497+0300] {logging_mixin.py:115} INFO - [2022-09-14T12:56:31.497+0300] {dagbag.py:508} INFO - Filling up the DagBag from /home/alex/code/Hillel_Homework/airflow_project/airflow/dags/my_dag.py
[2022-09-14T12:56:31.912+0300] {processor.py:650} INFO - DAG(s) dict_keys(['etl_dag']) retrieved from /home/alex/code/Hillel_Homework/airflow_project/airflow/dags/my_dag.py
[2022-09-14T12:56:31.924+0300] {logging_mixin.py:115} INFO - [2022-09-14T12:56:31.924+0300] {dag.py:2429} INFO - Sync 1 DAGs
[2022-09-14T12:56:31.943+0300] {logging_mixin.py:115} INFO - [2022-09-14T12:56:31.943+0300] {dag.py:2977} INFO - Setting next_dagrun for etl_dag to None, run_after=None
[2022-09-14T12:56:31.965+0300] {processor.py:161} INFO - Processing /home/alex/code/Hillel_Homework/airflow_project/airflow/dags/my_dag.py took 0.484 seconds
[2022-09-14T12:57:02.141+0300] {processor.py:153} INFO - Started process (PID=20565) to work on /home/alex/code/Hillel_Homework/airflow_project/airflow/dags/my_dag.py
[2022-09-14T12:57:02.147+0300] {processor.py:640} INFO - Processing file /home/alex/code/Hillel_Homework/airflow_project/airflow/dags/my_dag.py for tasks to queue
[2022-09-14T12:57:02.149+0300] {logging_mixin.py:115} INFO - [2022-09-14T12:57:02.148+0300] {dagbag.py:508} INFO - Filling up the DagBag from /home/alex/code/Hillel_Homework/airflow_project/airflow/dags/my_dag.py
[2022-09-14T12:57:02.560+0300] {processor.py:650} INFO - DAG(s) dict_keys(['etl_dag']) retrieved from /home/alex/code/Hillel_Homework/airflow_project/airflow/dags/my_dag.py
[2022-09-14T12:57:02.574+0300] {logging_mixin.py:115} INFO - [2022-09-14T12:57:02.574+0300] {dag.py:2429} INFO - Sync 1 DAGs
[2022-09-14T12:57:02.592+0300] {logging_mixin.py:115} INFO - [2022-09-14T12:57:02.591+0300] {dag.py:2977} INFO - Setting next_dagrun for etl_dag to None, run_after=None
[2022-09-14T12:57:02.608+0300] {processor.py:161} INFO - Processing /home/alex/code/Hillel_Homework/airflow_project/airflow/dags/my_dag.py took 0.478 seconds
[2022-09-14T12:57:32.805+0300] {processor.py:153} INFO - Started process (PID=20570) to work on /home/alex/code/Hillel_Homework/airflow_project/airflow/dags/my_dag.py
[2022-09-14T12:57:32.819+0300] {processor.py:640} INFO - Processing file /home/alex/code/Hillel_Homework/airflow_project/airflow/dags/my_dag.py for tasks to queue
[2022-09-14T12:57:32.822+0300] {logging_mixin.py:115} INFO - [2022-09-14T12:57:32.821+0300] {dagbag.py:508} INFO - Filling up the DagBag from /home/alex/code/Hillel_Homework/airflow_project/airflow/dags/my_dag.py
[2022-09-14T12:57:33.245+0300] {processor.py:650} INFO - DAG(s) dict_keys(['etl_dag']) retrieved from /home/alex/code/Hillel_Homework/airflow_project/airflow/dags/my_dag.py
[2022-09-14T12:57:33.261+0300] {logging_mixin.py:115} INFO - [2022-09-14T12:57:33.261+0300] {dag.py:2429} INFO - Sync 1 DAGs
[2022-09-14T12:57:33.280+0300] {logging_mixin.py:115} INFO - [2022-09-14T12:57:33.280+0300] {dag.py:2977} INFO - Setting next_dagrun for etl_dag to None, run_after=None
[2022-09-14T12:57:33.297+0300] {processor.py:161} INFO - Processing /home/alex/code/Hillel_Homework/airflow_project/airflow/dags/my_dag.py took 0.502 seconds
[2022-09-14T12:58:03.592+0300] {processor.py:153} INFO - Started process (PID=20573) to work on /home/alex/code/Hillel_Homework/airflow_project/airflow/dags/my_dag.py
[2022-09-14T12:58:03.594+0300] {processor.py:640} INFO - Processing file /home/alex/code/Hillel_Homework/airflow_project/airflow/dags/my_dag.py for tasks to queue
[2022-09-14T12:58:03.597+0300] {logging_mixin.py:115} INFO - [2022-09-14T12:58:03.596+0300] {dagbag.py:508} INFO - Filling up the DagBag from /home/alex/code/Hillel_Homework/airflow_project/airflow/dags/my_dag.py
[2022-09-14T12:58:04.016+0300] {processor.py:650} INFO - DAG(s) dict_keys(['etl_dag']) retrieved from /home/alex/code/Hillel_Homework/airflow_project/airflow/dags/my_dag.py
[2022-09-14T12:58:04.027+0300] {logging_mixin.py:115} INFO - [2022-09-14T12:58:04.027+0300] {dag.py:2429} INFO - Sync 1 DAGs
[2022-09-14T12:58:04.048+0300] {logging_mixin.py:115} INFO - [2022-09-14T12:58:04.048+0300] {dag.py:2977} INFO - Setting next_dagrun for etl_dag to None, run_after=None
[2022-09-14T12:58:04.067+0300] {processor.py:161} INFO - Processing /home/alex/code/Hillel_Homework/airflow_project/airflow/dags/my_dag.py took 0.483 seconds
[2022-09-14T12:58:34.238+0300] {processor.py:153} INFO - Started process (PID=20576) to work on /home/alex/code/Hillel_Homework/airflow_project/airflow/dags/my_dag.py
[2022-09-14T12:58:34.243+0300] {processor.py:640} INFO - Processing file /home/alex/code/Hillel_Homework/airflow_project/airflow/dags/my_dag.py for tasks to queue
[2022-09-14T12:58:34.244+0300] {logging_mixin.py:115} INFO - [2022-09-14T12:58:34.244+0300] {dagbag.py:508} INFO - Filling up the DagBag from /home/alex/code/Hillel_Homework/airflow_project/airflow/dags/my_dag.py
[2022-09-14T12:58:34.653+0300] {processor.py:650} INFO - DAG(s) dict_keys(['etl_dag']) retrieved from /home/alex/code/Hillel_Homework/airflow_project/airflow/dags/my_dag.py
[2022-09-14T12:58:34.700+0300] {logging_mixin.py:115} INFO - [2022-09-14T12:58:34.700+0300] {dag.py:2429} INFO - Sync 1 DAGs
[2022-09-14T12:58:34.720+0300] {logging_mixin.py:115} INFO - [2022-09-14T12:58:34.719+0300] {dag.py:2977} INFO - Setting next_dagrun for etl_dag to None, run_after=None
[2022-09-14T12:58:34.744+0300] {processor.py:161} INFO - Processing /home/alex/code/Hillel_Homework/airflow_project/airflow/dags/my_dag.py took 0.515 seconds
[2022-09-14T12:59:05.021+0300] {processor.py:153} INFO - Started process (PID=20591) to work on /home/alex/code/Hillel_Homework/airflow_project/airflow/dags/my_dag.py
[2022-09-14T12:59:05.024+0300] {processor.py:640} INFO - Processing file /home/alex/code/Hillel_Homework/airflow_project/airflow/dags/my_dag.py for tasks to queue
[2022-09-14T12:59:05.027+0300] {logging_mixin.py:115} INFO - [2022-09-14T12:59:05.026+0300] {dagbag.py:508} INFO - Filling up the DagBag from /home/alex/code/Hillel_Homework/airflow_project/airflow/dags/my_dag.py
[2022-09-14T12:59:05.495+0300] {processor.py:650} INFO - DAG(s) dict_keys(['etl_dag']) retrieved from /home/alex/code/Hillel_Homework/airflow_project/airflow/dags/my_dag.py
[2022-09-14T12:59:05.511+0300] {logging_mixin.py:115} INFO - [2022-09-14T12:59:05.510+0300] {dag.py:2429} INFO - Sync 1 DAGs
[2022-09-14T12:59:05.529+0300] {logging_mixin.py:115} INFO - [2022-09-14T12:59:05.529+0300] {dag.py:2977} INFO - Setting next_dagrun for etl_dag to None, run_after=None
[2022-09-14T12:59:05.549+0300] {processor.py:161} INFO - Processing /home/alex/code/Hillel_Homework/airflow_project/airflow/dags/my_dag.py took 0.541 seconds
[2022-09-14T12:59:35.785+0300] {processor.py:153} INFO - Started process (PID=20667) to work on /home/alex/code/Hillel_Homework/airflow_project/airflow/dags/my_dag.py
[2022-09-14T12:59:35.791+0300] {processor.py:640} INFO - Processing file /home/alex/code/Hillel_Homework/airflow_project/airflow/dags/my_dag.py for tasks to queue
[2022-09-14T12:59:35.793+0300] {logging_mixin.py:115} INFO - [2022-09-14T12:59:35.792+0300] {dagbag.py:508} INFO - Filling up the DagBag from /home/alex/code/Hillel_Homework/airflow_project/airflow/dags/my_dag.py
[2022-09-14T12:59:36.158+0300] {processor.py:650} INFO - DAG(s) dict_keys(['etl_dag']) retrieved from /home/alex/code/Hillel_Homework/airflow_project/airflow/dags/my_dag.py
[2022-09-14T12:59:36.172+0300] {logging_mixin.py:115} INFO - [2022-09-14T12:59:36.172+0300] {dag.py:2429} INFO - Sync 1 DAGs
[2022-09-14T12:59:36.197+0300] {logging_mixin.py:115} INFO - [2022-09-14T12:59:36.197+0300] {dag.py:2977} INFO - Setting next_dagrun for etl_dag to None, run_after=None
[2022-09-14T12:59:36.221+0300] {processor.py:161} INFO - Processing /home/alex/code/Hillel_Homework/airflow_project/airflow/dags/my_dag.py took 0.445 seconds
[2022-09-14T13:00:06.429+0300] {processor.py:153} INFO - Started process (PID=20729) to work on /home/alex/code/Hillel_Homework/airflow_project/airflow/dags/my_dag.py
[2022-09-14T13:00:06.433+0300] {processor.py:640} INFO - Processing file /home/alex/code/Hillel_Homework/airflow_project/airflow/dags/my_dag.py for tasks to queue
[2022-09-14T13:00:06.436+0300] {logging_mixin.py:115} INFO - [2022-09-14T13:00:06.435+0300] {dagbag.py:508} INFO - Filling up the DagBag from /home/alex/code/Hillel_Homework/airflow_project/airflow/dags/my_dag.py
[2022-09-14T13:00:06.859+0300] {processor.py:650} INFO - DAG(s) dict_keys(['etl_dag']) retrieved from /home/alex/code/Hillel_Homework/airflow_project/airflow/dags/my_dag.py
[2022-09-14T13:00:06.873+0300] {logging_mixin.py:115} INFO - [2022-09-14T13:00:06.872+0300] {dag.py:2429} INFO - Sync 1 DAGs
[2022-09-14T13:00:06.897+0300] {logging_mixin.py:115} INFO - [2022-09-14T13:00:06.897+0300] {dag.py:2977} INFO - Setting next_dagrun for etl_dag to None, run_after=None
[2022-09-14T13:00:06.919+0300] {processor.py:161} INFO - Processing /home/alex/code/Hillel_Homework/airflow_project/airflow/dags/my_dag.py took 0.503 seconds
[2022-09-14T13:00:37.151+0300] {processor.py:153} INFO - Started process (PID=20761) to work on /home/alex/code/Hillel_Homework/airflow_project/airflow/dags/my_dag.py
[2022-09-14T13:00:37.157+0300] {processor.py:640} INFO - Processing file /home/alex/code/Hillel_Homework/airflow_project/airflow/dags/my_dag.py for tasks to queue
[2022-09-14T13:00:37.159+0300] {logging_mixin.py:115} INFO - [2022-09-14T13:00:37.159+0300] {dagbag.py:508} INFO - Filling up the DagBag from /home/alex/code/Hillel_Homework/airflow_project/airflow/dags/my_dag.py
[2022-09-14T13:00:37.533+0300] {processor.py:650} INFO - DAG(s) dict_keys(['etl_dag']) retrieved from /home/alex/code/Hillel_Homework/airflow_project/airflow/dags/my_dag.py
[2022-09-14T13:00:37.545+0300] {logging_mixin.py:115} INFO - [2022-09-14T13:00:37.545+0300] {dag.py:2429} INFO - Sync 1 DAGs
[2022-09-14T13:00:37.563+0300] {logging_mixin.py:115} INFO - [2022-09-14T13:00:37.562+0300] {dag.py:2977} INFO - Setting next_dagrun for etl_dag to None, run_after=None
[2022-09-14T13:00:37.583+0300] {processor.py:161} INFO - Processing /home/alex/code/Hillel_Homework/airflow_project/airflow/dags/my_dag.py took 0.442 seconds
[2022-09-14T13:01:45.632+0300] {processor.py:153} INFO - Started process (PID=20850) to work on /home/alex/code/Hillel_Homework/airflow_project/airflow/dags/my_dag.py
[2022-09-14T13:01:45.636+0300] {processor.py:640} INFO - Processing file /home/alex/code/Hillel_Homework/airflow_project/airflow/dags/my_dag.py for tasks to queue
[2022-09-14T13:01:45.637+0300] {logging_mixin.py:115} INFO - [2022-09-14T13:01:45.637+0300] {dagbag.py:508} INFO - Filling up the DagBag from /home/alex/code/Hillel_Homework/airflow_project/airflow/dags/my_dag.py
[2022-09-14T13:01:45.906+0300] {processor.py:650} INFO - DAG(s) dict_keys(['etl_dag']) retrieved from /home/alex/code/Hillel_Homework/airflow_project/airflow/dags/my_dag.py
[2022-09-14T13:01:45.952+0300] {logging_mixin.py:115} INFO - [2022-09-14T13:01:45.951+0300] {dag.py:2429} INFO - Sync 1 DAGs
[2022-09-14T13:01:45.965+0300] {logging_mixin.py:115} INFO - [2022-09-14T13:01:45.965+0300] {dag.py:2977} INFO - Setting next_dagrun for etl_dag to None, run_after=None
[2022-09-14T13:01:45.987+0300] {processor.py:161} INFO - Processing /home/alex/code/Hillel_Homework/airflow_project/airflow/dags/my_dag.py took 0.358 seconds
[2022-09-14T13:02:16.800+0300] {processor.py:153} INFO - Started process (PID=20923) to work on /home/alex/code/Hillel_Homework/airflow_project/airflow/dags/my_dag.py
[2022-09-14T13:02:16.801+0300] {processor.py:640} INFO - Processing file /home/alex/code/Hillel_Homework/airflow_project/airflow/dags/my_dag.py for tasks to queue
[2022-09-14T13:02:16.802+0300] {logging_mixin.py:115} INFO - [2022-09-14T13:02:16.802+0300] {dagbag.py:508} INFO - Filling up the DagBag from /home/alex/code/Hillel_Homework/airflow_project/airflow/dags/my_dag.py
[2022-09-14T13:02:17.196+0300] {processor.py:650} INFO - DAG(s) dict_keys(['etl_dag']) retrieved from /home/alex/code/Hillel_Homework/airflow_project/airflow/dags/my_dag.py
[2022-09-14T13:02:17.248+0300] {logging_mixin.py:115} INFO - [2022-09-14T13:02:17.247+0300] {dag.py:2429} INFO - Sync 1 DAGs
[2022-09-14T13:02:17.266+0300] {logging_mixin.py:115} INFO - [2022-09-14T13:02:17.266+0300] {dag.py:2977} INFO - Setting next_dagrun for etl_dag to None, run_after=None
[2022-09-14T13:02:17.289+0300] {processor.py:161} INFO - Processing /home/alex/code/Hillel_Homework/airflow_project/airflow/dags/my_dag.py took 0.494 seconds
[2022-09-14T13:02:47.857+0300] {processor.py:153} INFO - Started process (PID=20967) to work on /home/alex/code/Hillel_Homework/airflow_project/airflow/dags/my_dag.py
[2022-09-14T13:02:47.863+0300] {processor.py:640} INFO - Processing file /home/alex/code/Hillel_Homework/airflow_project/airflow/dags/my_dag.py for tasks to queue
[2022-09-14T13:02:47.864+0300] {logging_mixin.py:115} INFO - [2022-09-14T13:02:47.864+0300] {dagbag.py:508} INFO - Filling up the DagBag from /home/alex/code/Hillel_Homework/airflow_project/airflow/dags/my_dag.py
[2022-09-14T13:02:48.135+0300] {processor.py:650} INFO - DAG(s) dict_keys(['etl_dag']) retrieved from /home/alex/code/Hillel_Homework/airflow_project/airflow/dags/my_dag.py
[2022-09-14T13:02:48.150+0300] {logging_mixin.py:115} INFO - [2022-09-14T13:02:48.150+0300] {dag.py:2429} INFO - Sync 1 DAGs
[2022-09-14T13:02:48.166+0300] {logging_mixin.py:115} INFO - [2022-09-14T13:02:48.165+0300] {dag.py:2977} INFO - Setting next_dagrun for etl_dag to None, run_after=None
[2022-09-14T13:02:48.194+0300] {processor.py:161} INFO - Processing /home/alex/code/Hillel_Homework/airflow_project/airflow/dags/my_dag.py took 0.341 seconds
[2022-09-14T13:03:18.306+0300] {processor.py:153} INFO - Started process (PID=20995) to work on /home/alex/code/Hillel_Homework/airflow_project/airflow/dags/my_dag.py
[2022-09-14T13:03:18.314+0300] {processor.py:640} INFO - Processing file /home/alex/code/Hillel_Homework/airflow_project/airflow/dags/my_dag.py for tasks to queue
[2022-09-14T13:03:18.315+0300] {logging_mixin.py:115} INFO - [2022-09-14T13:03:18.315+0300] {dagbag.py:508} INFO - Filling up the DagBag from /home/alex/code/Hillel_Homework/airflow_project/airflow/dags/my_dag.py
[2022-09-14T13:03:18.614+0300] {processor.py:650} INFO - DAG(s) dict_keys(['etl_dag']) retrieved from /home/alex/code/Hillel_Homework/airflow_project/airflow/dags/my_dag.py
[2022-09-14T13:03:18.628+0300] {logging_mixin.py:115} INFO - [2022-09-14T13:03:18.628+0300] {dag.py:2429} INFO - Sync 1 DAGs
[2022-09-14T13:03:18.646+0300] {logging_mixin.py:115} INFO - [2022-09-14T13:03:18.645+0300] {dag.py:2977} INFO - Setting next_dagrun for etl_dag to None, run_after=None
[2022-09-14T13:03:18.668+0300] {processor.py:161} INFO - Processing /home/alex/code/Hillel_Homework/airflow_project/airflow/dags/my_dag.py took 0.367 seconds
[2022-09-14T13:03:49.573+0300] {processor.py:153} INFO - Started process (PID=21041) to work on /home/alex/code/Hillel_Homework/airflow_project/airflow/dags/my_dag.py
[2022-09-14T13:03:49.575+0300] {processor.py:640} INFO - Processing file /home/alex/code/Hillel_Homework/airflow_project/airflow/dags/my_dag.py for tasks to queue
[2022-09-14T13:03:49.575+0300] {logging_mixin.py:115} INFO - [2022-09-14T13:03:49.575+0300] {dagbag.py:508} INFO - Filling up the DagBag from /home/alex/code/Hillel_Homework/airflow_project/airflow/dags/my_dag.py
[2022-09-14T13:03:49.848+0300] {processor.py:650} INFO - DAG(s) dict_keys(['etl_dag']) retrieved from /home/alex/code/Hillel_Homework/airflow_project/airflow/dags/my_dag.py
[2022-09-14T13:03:49.861+0300] {logging_mixin.py:115} INFO - [2022-09-14T13:03:49.861+0300] {dag.py:2429} INFO - Sync 1 DAGs
[2022-09-14T13:03:49.877+0300] {logging_mixin.py:115} INFO - [2022-09-14T13:03:49.877+0300] {dag.py:2977} INFO - Setting next_dagrun for etl_dag to None, run_after=None
[2022-09-14T13:03:49.902+0300] {processor.py:161} INFO - Processing /home/alex/code/Hillel_Homework/airflow_project/airflow/dags/my_dag.py took 0.331 seconds
[2022-09-14T13:04:20.701+0300] {processor.py:153} INFO - Started process (PID=21077) to work on /home/alex/code/Hillel_Homework/airflow_project/airflow/dags/my_dag.py
[2022-09-14T13:04:20.709+0300] {processor.py:640} INFO - Processing file /home/alex/code/Hillel_Homework/airflow_project/airflow/dags/my_dag.py for tasks to queue
[2022-09-14T13:04:20.712+0300] {logging_mixin.py:115} INFO - [2022-09-14T13:04:20.711+0300] {dagbag.py:508} INFO - Filling up the DagBag from /home/alex/code/Hillel_Homework/airflow_project/airflow/dags/my_dag.py
[2022-09-14T13:04:21.027+0300] {processor.py:650} INFO - DAG(s) dict_keys(['etl_dag']) retrieved from /home/alex/code/Hillel_Homework/airflow_project/airflow/dags/my_dag.py
[2022-09-14T13:04:21.041+0300] {logging_mixin.py:115} INFO - [2022-09-14T13:04:21.040+0300] {dag.py:2429} INFO - Sync 1 DAGs
[2022-09-14T13:04:21.058+0300] {logging_mixin.py:115} INFO - [2022-09-14T13:04:21.058+0300] {dag.py:2977} INFO - Setting next_dagrun for etl_dag to None, run_after=None
[2022-09-14T13:04:21.083+0300] {processor.py:161} INFO - Processing /home/alex/code/Hillel_Homework/airflow_project/airflow/dags/my_dag.py took 0.389 seconds
[2022-09-14T13:04:51.678+0300] {processor.py:153} INFO - Started process (PID=21120) to work on /home/alex/code/Hillel_Homework/airflow_project/airflow/dags/my_dag.py
[2022-09-14T13:04:51.684+0300] {processor.py:640} INFO - Processing file /home/alex/code/Hillel_Homework/airflow_project/airflow/dags/my_dag.py for tasks to queue
[2022-09-14T13:04:51.685+0300] {logging_mixin.py:115} INFO - [2022-09-14T13:04:51.685+0300] {dagbag.py:508} INFO - Filling up the DagBag from /home/alex/code/Hillel_Homework/airflow_project/airflow/dags/my_dag.py
[2022-09-14T13:04:51.945+0300] {processor.py:650} INFO - DAG(s) dict_keys(['etl_dag']) retrieved from /home/alex/code/Hillel_Homework/airflow_project/airflow/dags/my_dag.py
[2022-09-14T13:04:51.958+0300] {logging_mixin.py:115} INFO - [2022-09-14T13:04:51.958+0300] {dag.py:2429} INFO - Sync 1 DAGs
[2022-09-14T13:04:51.974+0300] {logging_mixin.py:115} INFO - [2022-09-14T13:04:51.974+0300] {dag.py:2977} INFO - Setting next_dagrun for etl_dag to None, run_after=None
[2022-09-14T13:04:51.995+0300] {processor.py:161} INFO - Processing /home/alex/code/Hillel_Homework/airflow_project/airflow/dags/my_dag.py took 0.321 seconds
[2022-09-14T13:05:22.606+0300] {processor.py:153} INFO - Started process (PID=21157) to work on /home/alex/code/Hillel_Homework/airflow_project/airflow/dags/my_dag.py
[2022-09-14T13:05:22.611+0300] {processor.py:640} INFO - Processing file /home/alex/code/Hillel_Homework/airflow_project/airflow/dags/my_dag.py for tasks to queue
[2022-09-14T13:05:22.612+0300] {logging_mixin.py:115} INFO - [2022-09-14T13:05:22.611+0300] {dagbag.py:508} INFO - Filling up the DagBag from /home/alex/code/Hillel_Homework/airflow_project/airflow/dags/my_dag.py
[2022-09-14T13:05:22.877+0300] {processor.py:650} INFO - DAG(s) dict_keys(['etl_dag']) retrieved from /home/alex/code/Hillel_Homework/airflow_project/airflow/dags/my_dag.py
[2022-09-14T13:05:22.928+0300] {logging_mixin.py:115} INFO - [2022-09-14T13:05:22.927+0300] {dag.py:2429} INFO - Sync 1 DAGs
[2022-09-14T13:05:22.940+0300] {logging_mixin.py:115} INFO - [2022-09-14T13:05:22.940+0300] {dag.py:2977} INFO - Setting next_dagrun for etl_dag to None, run_after=None
[2022-09-14T13:05:22.962+0300] {processor.py:161} INFO - Processing /home/alex/code/Hillel_Homework/airflow_project/airflow/dags/my_dag.py took 0.364 seconds
[2022-09-14T13:05:53.493+0300] {processor.py:153} INFO - Started process (PID=21192) to work on /home/alex/code/Hillel_Homework/airflow_project/airflow/dags/my_dag.py
[2022-09-14T13:05:53.496+0300] {processor.py:640} INFO - Processing file /home/alex/code/Hillel_Homework/airflow_project/airflow/dags/my_dag.py for tasks to queue
[2022-09-14T13:05:53.497+0300] {logging_mixin.py:115} INFO - [2022-09-14T13:05:53.497+0300] {dagbag.py:508} INFO - Filling up the DagBag from /home/alex/code/Hillel_Homework/airflow_project/airflow/dags/my_dag.py
[2022-09-14T13:05:53.886+0300] {processor.py:650} INFO - DAG(s) dict_keys(['etl_dag']) retrieved from /home/alex/code/Hillel_Homework/airflow_project/airflow/dags/my_dag.py
[2022-09-14T13:05:53.903+0300] {logging_mixin.py:115} INFO - [2022-09-14T13:05:53.903+0300] {dag.py:2429} INFO - Sync 1 DAGs
[2022-09-14T13:05:53.922+0300] {logging_mixin.py:115} INFO - [2022-09-14T13:05:53.922+0300] {dag.py:2977} INFO - Setting next_dagrun for etl_dag to None, run_after=None
[2022-09-14T13:05:53.947+0300] {processor.py:161} INFO - Processing /home/alex/code/Hillel_Homework/airflow_project/airflow/dags/my_dag.py took 0.458 seconds
[2022-09-14T13:06:24.470+0300] {processor.py:153} INFO - Started process (PID=21222) to work on /home/alex/code/Hillel_Homework/airflow_project/airflow/dags/my_dag.py
[2022-09-14T13:06:24.476+0300] {processor.py:640} INFO - Processing file /home/alex/code/Hillel_Homework/airflow_project/airflow/dags/my_dag.py for tasks to queue
[2022-09-14T13:06:24.477+0300] {logging_mixin.py:115} INFO - [2022-09-14T13:06:24.477+0300] {dagbag.py:508} INFO - Filling up the DagBag from /home/alex/code/Hillel_Homework/airflow_project/airflow/dags/my_dag.py
[2022-09-14T13:06:24.717+0300] {processor.py:650} INFO - DAG(s) dict_keys(['etl_dag']) retrieved from /home/alex/code/Hillel_Homework/airflow_project/airflow/dags/my_dag.py
[2022-09-14T13:06:24.730+0300] {logging_mixin.py:115} INFO - [2022-09-14T13:06:24.730+0300] {dag.py:2429} INFO - Sync 1 DAGs
[2022-09-14T13:06:24.746+0300] {logging_mixin.py:115} INFO - [2022-09-14T13:06:24.746+0300] {dag.py:2977} INFO - Setting next_dagrun for etl_dag to None, run_after=None
[2022-09-14T13:06:24.766+0300] {processor.py:161} INFO - Processing /home/alex/code/Hillel_Homework/airflow_project/airflow/dags/my_dag.py took 0.302 seconds
[2022-09-14T13:06:55.287+0300] {processor.py:153} INFO - Started process (PID=21253) to work on /home/alex/code/Hillel_Homework/airflow_project/airflow/dags/my_dag.py
[2022-09-14T13:06:55.288+0300] {processor.py:640} INFO - Processing file /home/alex/code/Hillel_Homework/airflow_project/airflow/dags/my_dag.py for tasks to queue
[2022-09-14T13:06:55.288+0300] {logging_mixin.py:115} INFO - [2022-09-14T13:06:55.288+0300] {dagbag.py:508} INFO - Filling up the DagBag from /home/alex/code/Hillel_Homework/airflow_project/airflow/dags/my_dag.py
[2022-09-14T13:06:55.535+0300] {processor.py:650} INFO - DAG(s) dict_keys(['etl_dag']) retrieved from /home/alex/code/Hillel_Homework/airflow_project/airflow/dags/my_dag.py
[2022-09-14T13:06:55.578+0300] {logging_mixin.py:115} INFO - [2022-09-14T13:06:55.578+0300] {dag.py:2429} INFO - Sync 1 DAGs
[2022-09-14T13:06:55.592+0300] {logging_mixin.py:115} INFO - [2022-09-14T13:06:55.592+0300] {dag.py:2977} INFO - Setting next_dagrun for etl_dag to None, run_after=None
[2022-09-14T13:06:55.616+0300] {processor.py:161} INFO - Processing /home/alex/code/Hillel_Homework/airflow_project/airflow/dags/my_dag.py took 0.332 seconds
[2022-09-14T13:07:26.106+0300] {processor.py:153} INFO - Started process (PID=21304) to work on /home/alex/code/Hillel_Homework/airflow_project/airflow/dags/my_dag.py
[2022-09-14T13:07:26.111+0300] {processor.py:640} INFO - Processing file /home/alex/code/Hillel_Homework/airflow_project/airflow/dags/my_dag.py for tasks to queue
[2022-09-14T13:07:26.113+0300] {logging_mixin.py:115} INFO - [2022-09-14T13:07:26.112+0300] {dagbag.py:508} INFO - Filling up the DagBag from /home/alex/code/Hillel_Homework/airflow_project/airflow/dags/my_dag.py
[2022-09-14T13:07:26.374+0300] {processor.py:650} INFO - DAG(s) dict_keys(['etl_dag']) retrieved from /home/alex/code/Hillel_Homework/airflow_project/airflow/dags/my_dag.py
[2022-09-14T13:07:26.387+0300] {logging_mixin.py:115} INFO - [2022-09-14T13:07:26.387+0300] {dag.py:2429} INFO - Sync 1 DAGs
[2022-09-14T13:07:26.405+0300] {logging_mixin.py:115} INFO - [2022-09-14T13:07:26.405+0300] {dag.py:2977} INFO - Setting next_dagrun for etl_dag to None, run_after=None
[2022-09-14T13:07:26.430+0300] {processor.py:161} INFO - Processing /home/alex/code/Hillel_Homework/airflow_project/airflow/dags/my_dag.py took 0.330 seconds
[2022-09-14T13:07:56.916+0300] {processor.py:153} INFO - Started process (PID=21353) to work on /home/alex/code/Hillel_Homework/airflow_project/airflow/dags/my_dag.py
[2022-09-14T13:07:56.921+0300] {processor.py:640} INFO - Processing file /home/alex/code/Hillel_Homework/airflow_project/airflow/dags/my_dag.py for tasks to queue
[2022-09-14T13:07:56.922+0300] {logging_mixin.py:115} INFO - [2022-09-14T13:07:56.922+0300] {dagbag.py:508} INFO - Filling up the DagBag from /home/alex/code/Hillel_Homework/airflow_project/airflow/dags/my_dag.py
[2022-09-14T13:07:57.172+0300] {processor.py:650} INFO - DAG(s) dict_keys(['etl_dag']) retrieved from /home/alex/code/Hillel_Homework/airflow_project/airflow/dags/my_dag.py
[2022-09-14T13:07:57.185+0300] {logging_mixin.py:115} INFO - [2022-09-14T13:07:57.185+0300] {dag.py:2429} INFO - Sync 1 DAGs
[2022-09-14T13:07:57.204+0300] {logging_mixin.py:115} INFO - [2022-09-14T13:07:57.204+0300] {dag.py:2977} INFO - Setting next_dagrun for etl_dag to None, run_after=None
[2022-09-14T13:07:57.227+0300] {processor.py:161} INFO - Processing /home/alex/code/Hillel_Homework/airflow_project/airflow/dags/my_dag.py took 0.318 seconds
[2022-09-14T13:08:27.811+0300] {processor.py:153} INFO - Started process (PID=21389) to work on /home/alex/code/Hillel_Homework/airflow_project/airflow/dags/my_dag.py
[2022-09-14T13:08:27.814+0300] {processor.py:640} INFO - Processing file /home/alex/code/Hillel_Homework/airflow_project/airflow/dags/my_dag.py for tasks to queue
[2022-09-14T13:08:27.815+0300] {logging_mixin.py:115} INFO - [2022-09-14T13:08:27.815+0300] {dagbag.py:508} INFO - Filling up the DagBag from /home/alex/code/Hillel_Homework/airflow_project/airflow/dags/my_dag.py
[2022-09-14T13:08:28.057+0300] {processor.py:650} INFO - DAG(s) dict_keys(['etl_dag']) retrieved from /home/alex/code/Hillel_Homework/airflow_project/airflow/dags/my_dag.py
[2022-09-14T13:08:28.069+0300] {logging_mixin.py:115} INFO - [2022-09-14T13:08:28.069+0300] {dag.py:2429} INFO - Sync 1 DAGs
[2022-09-14T13:08:28.085+0300] {logging_mixin.py:115} INFO - [2022-09-14T13:08:28.085+0300] {dag.py:2977} INFO - Setting next_dagrun for etl_dag to None, run_after=None
[2022-09-14T13:08:28.108+0300] {processor.py:161} INFO - Processing /home/alex/code/Hillel_Homework/airflow_project/airflow/dags/my_dag.py took 0.305 seconds
[2022-09-14T13:08:58.390+0300] {processor.py:153} INFO - Started process (PID=21435) to work on /home/alex/code/Hillel_Homework/airflow_project/airflow/dags/my_dag.py
[2022-09-14T13:08:58.390+0300] {processor.py:640} INFO - Processing file /home/alex/code/Hillel_Homework/airflow_project/airflow/dags/my_dag.py for tasks to queue
[2022-09-14T13:08:58.391+0300] {logging_mixin.py:115} INFO - [2022-09-14T13:08:58.391+0300] {dagbag.py:508} INFO - Filling up the DagBag from /home/alex/code/Hillel_Homework/airflow_project/airflow/dags/my_dag.py
[2022-09-14T13:08:58.679+0300] {processor.py:650} INFO - DAG(s) dict_keys(['etl_dag']) retrieved from /home/alex/code/Hillel_Homework/airflow_project/airflow/dags/my_dag.py
[2022-09-14T13:08:58.693+0300] {logging_mixin.py:115} INFO - [2022-09-14T13:08:58.693+0300] {dag.py:2429} INFO - Sync 1 DAGs
[2022-09-14T13:08:58.708+0300] {logging_mixin.py:115} INFO - [2022-09-14T13:08:58.708+0300] {dag.py:2977} INFO - Setting next_dagrun for etl_dag to None, run_after=None
[2022-09-14T13:08:58.729+0300] {processor.py:161} INFO - Processing /home/alex/code/Hillel_Homework/airflow_project/airflow/dags/my_dag.py took 0.342 seconds
[2022-09-14T13:09:28.979+0300] {processor.py:153} INFO - Started process (PID=21626) to work on /home/alex/code/Hillel_Homework/airflow_project/airflow/dags/my_dag.py
[2022-09-14T13:09:28.982+0300] {processor.py:640} INFO - Processing file /home/alex/code/Hillel_Homework/airflow_project/airflow/dags/my_dag.py for tasks to queue
[2022-09-14T13:09:28.984+0300] {logging_mixin.py:115} INFO - [2022-09-14T13:09:28.983+0300] {dagbag.py:508} INFO - Filling up the DagBag from /home/alex/code/Hillel_Homework/airflow_project/airflow/dags/my_dag.py
[2022-09-14T13:09:29.324+0300] {processor.py:650} INFO - DAG(s) dict_keys(['etl_dag']) retrieved from /home/alex/code/Hillel_Homework/airflow_project/airflow/dags/my_dag.py
[2022-09-14T13:09:29.344+0300] {logging_mixin.py:115} INFO - [2022-09-14T13:09:29.344+0300] {dag.py:2429} INFO - Sync 1 DAGs
[2022-09-14T13:09:29.366+0300] {logging_mixin.py:115} INFO - [2022-09-14T13:09:29.365+0300] {dag.py:2977} INFO - Setting next_dagrun for etl_dag to None, run_after=None
[2022-09-14T13:09:29.391+0300] {processor.py:161} INFO - Processing /home/alex/code/Hillel_Homework/airflow_project/airflow/dags/my_dag.py took 0.423 seconds
[2022-09-14T13:09:59.705+0300] {processor.py:153} INFO - Started process (PID=21661) to work on /home/alex/code/Hillel_Homework/airflow_project/airflow/dags/my_dag.py
[2022-09-14T13:09:59.709+0300] {processor.py:640} INFO - Processing file /home/alex/code/Hillel_Homework/airflow_project/airflow/dags/my_dag.py for tasks to queue
[2022-09-14T13:09:59.710+0300] {logging_mixin.py:115} INFO - [2022-09-14T13:09:59.709+0300] {dagbag.py:508} INFO - Filling up the DagBag from /home/alex/code/Hillel_Homework/airflow_project/airflow/dags/my_dag.py
[2022-09-14T13:09:59.979+0300] {processor.py:650} INFO - DAG(s) dict_keys(['etl_dag']) retrieved from /home/alex/code/Hillel_Homework/airflow_project/airflow/dags/my_dag.py
[2022-09-14T13:09:59.993+0300] {logging_mixin.py:115} INFO - [2022-09-14T13:09:59.993+0300] {dag.py:2429} INFO - Sync 1 DAGs
[2022-09-14T13:10:00.022+0300] {logging_mixin.py:115} INFO - [2022-09-14T13:10:00.022+0300] {dag.py:2977} INFO - Setting next_dagrun for etl_dag to None, run_after=None
[2022-09-14T13:10:00.046+0300] {processor.py:161} INFO - Processing /home/alex/code/Hillel_Homework/airflow_project/airflow/dags/my_dag.py took 0.345 seconds
[2022-09-14T13:10:30.288+0300] {processor.py:153} INFO - Started process (PID=21693) to work on /home/alex/code/Hillel_Homework/airflow_project/airflow/dags/my_dag.py
[2022-09-14T13:10:30.294+0300] {processor.py:640} INFO - Processing file /home/alex/code/Hillel_Homework/airflow_project/airflow/dags/my_dag.py for tasks to queue
[2022-09-14T13:10:30.296+0300] {logging_mixin.py:115} INFO - [2022-09-14T13:10:30.296+0300] {dagbag.py:508} INFO - Filling up the DagBag from /home/alex/code/Hillel_Homework/airflow_project/airflow/dags/my_dag.py
[2022-09-14T13:10:30.627+0300] {processor.py:650} INFO - DAG(s) dict_keys(['etl_dag']) retrieved from /home/alex/code/Hillel_Homework/airflow_project/airflow/dags/my_dag.py
[2022-09-14T13:10:30.643+0300] {logging_mixin.py:115} INFO - [2022-09-14T13:10:30.643+0300] {dag.py:2429} INFO - Sync 1 DAGs
[2022-09-14T13:10:30.660+0300] {logging_mixin.py:115} INFO - [2022-09-14T13:10:30.659+0300] {dag.py:2977} INFO - Setting next_dagrun for etl_dag to None, run_after=None
[2022-09-14T13:10:30.681+0300] {processor.py:161} INFO - Processing /home/alex/code/Hillel_Homework/airflow_project/airflow/dags/my_dag.py took 0.399 seconds
[2022-09-14T13:11:01.040+0300] {processor.py:153} INFO - Started process (PID=21727) to work on /home/alex/code/Hillel_Homework/airflow_project/airflow/dags/my_dag.py
[2022-09-14T13:11:01.042+0300] {processor.py:640} INFO - Processing file /home/alex/code/Hillel_Homework/airflow_project/airflow/dags/my_dag.py for tasks to queue
[2022-09-14T13:11:01.047+0300] {logging_mixin.py:115} INFO - [2022-09-14T13:11:01.046+0300] {dagbag.py:508} INFO - Filling up the DagBag from /home/alex/code/Hillel_Homework/airflow_project/airflow/dags/my_dag.py
[2022-09-14T13:11:01.475+0300] {processor.py:650} INFO - DAG(s) dict_keys(['etl_dag']) retrieved from /home/alex/code/Hillel_Homework/airflow_project/airflow/dags/my_dag.py
[2022-09-14T13:11:01.497+0300] {logging_mixin.py:115} INFO - [2022-09-14T13:11:01.497+0300] {dag.py:2429} INFO - Sync 1 DAGs
[2022-09-14T13:11:01.521+0300] {logging_mixin.py:115} INFO - [2022-09-14T13:11:01.520+0300] {dag.py:2977} INFO - Setting next_dagrun for etl_dag to None, run_after=None
[2022-09-14T13:11:01.546+0300] {processor.py:161} INFO - Processing /home/alex/code/Hillel_Homework/airflow_project/airflow/dags/my_dag.py took 0.510 seconds
[2022-09-14T13:11:31.826+0300] {processor.py:153} INFO - Started process (PID=21773) to work on /home/alex/code/Hillel_Homework/airflow_project/airflow/dags/my_dag.py
[2022-09-14T13:11:31.831+0300] {processor.py:640} INFO - Processing file /home/alex/code/Hillel_Homework/airflow_project/airflow/dags/my_dag.py for tasks to queue
[2022-09-14T13:11:31.833+0300] {logging_mixin.py:115} INFO - [2022-09-14T13:11:31.832+0300] {dagbag.py:508} INFO - Filling up the DagBag from /home/alex/code/Hillel_Homework/airflow_project/airflow/dags/my_dag.py
[2022-09-14T13:11:32.123+0300] {processor.py:650} INFO - DAG(s) dict_keys(['etl_dag']) retrieved from /home/alex/code/Hillel_Homework/airflow_project/airflow/dags/my_dag.py
[2022-09-14T13:11:32.145+0300] {logging_mixin.py:115} INFO - [2022-09-14T13:11:32.144+0300] {dag.py:2429} INFO - Sync 1 DAGs
[2022-09-14T13:11:32.171+0300] {logging_mixin.py:115} INFO - [2022-09-14T13:11:32.170+0300] {dag.py:2977} INFO - Setting next_dagrun for etl_dag to None, run_after=None
[2022-09-14T13:11:32.201+0300] {processor.py:161} INFO - Processing /home/alex/code/Hillel_Homework/airflow_project/airflow/dags/my_dag.py took 0.382 seconds
[2022-09-14T13:12:02.500+0300] {processor.py:153} INFO - Started process (PID=21811) to work on /home/alex/code/Hillel_Homework/airflow_project/airflow/dags/my_dag.py
[2022-09-14T13:12:02.503+0300] {processor.py:640} INFO - Processing file /home/alex/code/Hillel_Homework/airflow_project/airflow/dags/my_dag.py for tasks to queue
[2022-09-14T13:12:02.506+0300] {logging_mixin.py:115} INFO - [2022-09-14T13:12:02.505+0300] {dagbag.py:508} INFO - Filling up the DagBag from /home/alex/code/Hillel_Homework/airflow_project/airflow/dags/my_dag.py
[2022-09-14T13:12:02.899+0300] {processor.py:650} INFO - DAG(s) dict_keys(['etl_dag']) retrieved from /home/alex/code/Hillel_Homework/airflow_project/airflow/dags/my_dag.py
[2022-09-14T13:12:02.968+0300] {logging_mixin.py:115} INFO - [2022-09-14T13:12:02.968+0300] {dag.py:2429} INFO - Sync 1 DAGs
[2022-09-14T13:12:02.983+0300] {logging_mixin.py:115} INFO - [2022-09-14T13:12:02.983+0300] {dag.py:2977} INFO - Setting next_dagrun for etl_dag to None, run_after=None
[2022-09-14T13:12:03.005+0300] {processor.py:161} INFO - Processing /home/alex/code/Hillel_Homework/airflow_project/airflow/dags/my_dag.py took 0.515 seconds
[2022-09-14T13:12:33.264+0300] {processor.py:153} INFO - Started process (PID=21849) to work on /home/alex/code/Hillel_Homework/airflow_project/airflow/dags/my_dag.py
[2022-09-14T13:12:33.268+0300] {processor.py:640} INFO - Processing file /home/alex/code/Hillel_Homework/airflow_project/airflow/dags/my_dag.py for tasks to queue
[2022-09-14T13:12:33.269+0300] {logging_mixin.py:115} INFO - [2022-09-14T13:12:33.269+0300] {dagbag.py:508} INFO - Filling up the DagBag from /home/alex/code/Hillel_Homework/airflow_project/airflow/dags/my_dag.py
[2022-09-14T13:12:33.620+0300] {processor.py:650} INFO - DAG(s) dict_keys(['etl_dag']) retrieved from /home/alex/code/Hillel_Homework/airflow_project/airflow/dags/my_dag.py
[2022-09-14T13:12:33.637+0300] {logging_mixin.py:115} INFO - [2022-09-14T13:12:33.637+0300] {dag.py:2429} INFO - Sync 1 DAGs
[2022-09-14T13:12:33.655+0300] {logging_mixin.py:115} INFO - [2022-09-14T13:12:33.655+0300] {dag.py:2977} INFO - Setting next_dagrun for etl_dag to None, run_after=None
[2022-09-14T13:12:33.678+0300] {processor.py:161} INFO - Processing /home/alex/code/Hillel_Homework/airflow_project/airflow/dags/my_dag.py took 0.419 seconds
[2022-09-14T13:13:03.878+0300] {processor.py:153} INFO - Started process (PID=21886) to work on /home/alex/code/Hillel_Homework/airflow_project/airflow/dags/my_dag.py
[2022-09-14T13:13:03.882+0300] {processor.py:640} INFO - Processing file /home/alex/code/Hillel_Homework/airflow_project/airflow/dags/my_dag.py for tasks to queue
[2022-09-14T13:13:03.883+0300] {logging_mixin.py:115} INFO - [2022-09-14T13:13:03.883+0300] {dagbag.py:508} INFO - Filling up the DagBag from /home/alex/code/Hillel_Homework/airflow_project/airflow/dags/my_dag.py
[2022-09-14T13:13:04.275+0300] {processor.py:650} INFO - DAG(s) dict_keys(['etl_dag']) retrieved from /home/alex/code/Hillel_Homework/airflow_project/airflow/dags/my_dag.py
[2022-09-14T13:13:04.298+0300] {logging_mixin.py:115} INFO - [2022-09-14T13:13:04.298+0300] {dag.py:2429} INFO - Sync 1 DAGs
[2022-09-14T13:13:04.326+0300] {logging_mixin.py:115} INFO - [2022-09-14T13:13:04.326+0300] {dag.py:2977} INFO - Setting next_dagrun for etl_dag to None, run_after=None
[2022-09-14T13:13:04.359+0300] {processor.py:161} INFO - Processing /home/alex/code/Hillel_Homework/airflow_project/airflow/dags/my_dag.py took 0.485 seconds
[2022-09-14T13:13:34.570+0300] {processor.py:153} INFO - Started process (PID=21941) to work on /home/alex/code/Hillel_Homework/airflow_project/airflow/dags/my_dag.py
[2022-09-14T13:13:34.572+0300] {processor.py:640} INFO - Processing file /home/alex/code/Hillel_Homework/airflow_project/airflow/dags/my_dag.py for tasks to queue
[2022-09-14T13:13:34.574+0300] {logging_mixin.py:115} INFO - [2022-09-14T13:13:34.574+0300] {dagbag.py:508} INFO - Filling up the DagBag from /home/alex/code/Hillel_Homework/airflow_project/airflow/dags/my_dag.py
[2022-09-14T13:13:34.886+0300] {processor.py:650} INFO - DAG(s) dict_keys(['etl_dag']) retrieved from /home/alex/code/Hillel_Homework/airflow_project/airflow/dags/my_dag.py
[2022-09-14T13:13:34.900+0300] {logging_mixin.py:115} INFO - [2022-09-14T13:13:34.899+0300] {dag.py:2429} INFO - Sync 1 DAGs
[2022-09-14T13:13:34.915+0300] {logging_mixin.py:115} INFO - [2022-09-14T13:13:34.915+0300] {dag.py:2977} INFO - Setting next_dagrun for etl_dag to None, run_after=None
[2022-09-14T13:13:34.936+0300] {processor.py:161} INFO - Processing /home/alex/code/Hillel_Homework/airflow_project/airflow/dags/my_dag.py took 0.373 seconds
[2022-09-14T13:14:05.142+0300] {processor.py:153} INFO - Started process (PID=21980) to work on /home/alex/code/Hillel_Homework/airflow_project/airflow/dags/my_dag.py
[2022-09-14T13:14:05.146+0300] {processor.py:640} INFO - Processing file /home/alex/code/Hillel_Homework/airflow_project/airflow/dags/my_dag.py for tasks to queue
[2022-09-14T13:14:05.148+0300] {logging_mixin.py:115} INFO - [2022-09-14T13:14:05.147+0300] {dagbag.py:508} INFO - Filling up the DagBag from /home/alex/code/Hillel_Homework/airflow_project/airflow/dags/my_dag.py
[2022-09-14T13:14:05.435+0300] {processor.py:650} INFO - DAG(s) dict_keys(['etl_dag']) retrieved from /home/alex/code/Hillel_Homework/airflow_project/airflow/dags/my_dag.py
[2022-09-14T13:14:05.453+0300] {logging_mixin.py:115} INFO - [2022-09-14T13:14:05.453+0300] {dag.py:2429} INFO - Sync 1 DAGs
[2022-09-14T13:14:05.471+0300] {logging_mixin.py:115} INFO - [2022-09-14T13:14:05.471+0300] {dag.py:2977} INFO - Setting next_dagrun for etl_dag to None, run_after=None
[2022-09-14T13:14:05.489+0300] {processor.py:161} INFO - Processing /home/alex/code/Hillel_Homework/airflow_project/airflow/dags/my_dag.py took 0.350 seconds
[2022-09-14T13:14:35.703+0300] {processor.py:153} INFO - Started process (PID=22035) to work on /home/alex/code/Hillel_Homework/airflow_project/airflow/dags/my_dag.py
[2022-09-14T13:14:35.705+0300] {processor.py:640} INFO - Processing file /home/alex/code/Hillel_Homework/airflow_project/airflow/dags/my_dag.py for tasks to queue
[2022-09-14T13:14:35.706+0300] {logging_mixin.py:115} INFO - [2022-09-14T13:14:35.706+0300] {dagbag.py:508} INFO - Filling up the DagBag from /home/alex/code/Hillel_Homework/airflow_project/airflow/dags/my_dag.py
[2022-09-14T13:14:36.001+0300] {processor.py:650} INFO - DAG(s) dict_keys(['etl_dag']) retrieved from /home/alex/code/Hillel_Homework/airflow_project/airflow/dags/my_dag.py
[2022-09-14T13:14:36.024+0300] {logging_mixin.py:115} INFO - [2022-09-14T13:14:36.024+0300] {dag.py:2429} INFO - Sync 1 DAGs
[2022-09-14T13:14:36.045+0300] {logging_mixin.py:115} INFO - [2022-09-14T13:14:36.045+0300] {dag.py:2977} INFO - Setting next_dagrun for etl_dag to None, run_after=None
[2022-09-14T13:14:36.063+0300] {processor.py:161} INFO - Processing /home/alex/code/Hillel_Homework/airflow_project/airflow/dags/my_dag.py took 0.363 seconds
[2022-09-14T13:15:06.265+0300] {processor.py:153} INFO - Started process (PID=22120) to work on /home/alex/code/Hillel_Homework/airflow_project/airflow/dags/my_dag.py
[2022-09-14T13:15:06.270+0300] {processor.py:640} INFO - Processing file /home/alex/code/Hillel_Homework/airflow_project/airflow/dags/my_dag.py for tasks to queue
[2022-09-14T13:15:06.271+0300] {logging_mixin.py:115} INFO - [2022-09-14T13:15:06.271+0300] {dagbag.py:508} INFO - Filling up the DagBag from /home/alex/code/Hillel_Homework/airflow_project/airflow/dags/my_dag.py
[2022-09-14T13:15:06.572+0300] {processor.py:650} INFO - DAG(s) dict_keys(['etl_dag']) retrieved from /home/alex/code/Hillel_Homework/airflow_project/airflow/dags/my_dag.py
[2022-09-14T13:15:06.598+0300] {logging_mixin.py:115} INFO - [2022-09-14T13:15:06.598+0300] {dag.py:2429} INFO - Sync 1 DAGs
[2022-09-14T13:15:06.627+0300] {logging_mixin.py:115} INFO - [2022-09-14T13:15:06.627+0300] {dag.py:2977} INFO - Setting next_dagrun for etl_dag to None, run_after=None
[2022-09-14T13:15:06.652+0300] {processor.py:161} INFO - Processing /home/alex/code/Hillel_Homework/airflow_project/airflow/dags/my_dag.py took 0.391 seconds
