[2022-09-14T12:40:27.264+0300] {processor.py:153} INFO - Started process (PID=18743) to work on /home/alex/code/Hillel_Homework/airflow_project/lib/python3.10/site-packages/airflow/example_dags/example_time_delta_sensor_async.py
[2022-09-14T12:40:27.266+0300] {processor.py:640} INFO - Processing file /home/alex/code/Hillel_Homework/airflow_project/lib/python3.10/site-packages/airflow/example_dags/example_time_delta_sensor_async.py for tasks to queue
[2022-09-14T12:40:27.267+0300] {logging_mixin.py:115} INFO - [2022-09-14T12:40:27.267+0300] {dagbag.py:508} INFO - Filling up the DagBag from /home/alex/code/Hillel_Homework/airflow_project/lib/python3.10/site-packages/airflow/example_dags/example_time_delta_sensor_async.py
[2022-09-14T12:40:27.280+0300] {processor.py:650} INFO - DAG(s) dict_keys(['example_time_delta_sensor_async']) retrieved from /home/alex/code/Hillel_Homework/airflow_project/lib/python3.10/site-packages/airflow/example_dags/example_time_delta_sensor_async.py
[2022-09-14T12:40:27.445+0300] {logging_mixin.py:115} INFO - [2022-09-14T12:40:27.445+0300] {manager.py:508} INFO - Created Permission View: can edit on DAG:example_time_delta_sensor_async
[2022-09-14T12:40:27.460+0300] {logging_mixin.py:115} INFO - [2022-09-14T12:40:27.460+0300] {manager.py:508} INFO - Created Permission View: can read on DAG:example_time_delta_sensor_async
[2022-09-14T12:40:27.472+0300] {logging_mixin.py:115} INFO - [2022-09-14T12:40:27.472+0300] {manager.py:508} INFO - Created Permission View: can delete on DAG:example_time_delta_sensor_async
[2022-09-14T12:40:27.473+0300] {logging_mixin.py:115} INFO - [2022-09-14T12:40:27.473+0300] {dag.py:2429} INFO - Sync 1 DAGs
[2022-09-14T12:40:27.481+0300] {logging_mixin.py:115} INFO - [2022-09-14T12:40:27.481+0300] {dag.py:2448} INFO - Creating ORM DAG for example_time_delta_sensor_async
[2022-09-14T12:40:27.491+0300] {logging_mixin.py:115} INFO - [2022-09-14T12:40:27.491+0300] {dag.py:2977} INFO - Setting next_dagrun for example_time_delta_sensor_async to None, run_after=None
[2022-09-14T12:40:27.516+0300] {processor.py:161} INFO - Processing /home/alex/code/Hillel_Homework/airflow_project/lib/python3.10/site-packages/airflow/example_dags/example_time_delta_sensor_async.py took 0.260 seconds
[2022-09-14T12:41:06.212+0300] {processor.py:153} INFO - Started process (PID=18887) to work on /home/alex/code/Hillel_Homework/airflow_project/lib/python3.10/site-packages/airflow/example_dags/example_time_delta_sensor_async.py
[2022-09-14T12:41:06.217+0300] {processor.py:640} INFO - Processing file /home/alex/code/Hillel_Homework/airflow_project/lib/python3.10/site-packages/airflow/example_dags/example_time_delta_sensor_async.py for tasks to queue
[2022-09-14T12:41:06.219+0300] {logging_mixin.py:115} INFO - [2022-09-14T12:41:06.218+0300] {dagbag.py:508} INFO - Filling up the DagBag from /home/alex/code/Hillel_Homework/airflow_project/lib/python3.10/site-packages/airflow/example_dags/example_time_delta_sensor_async.py
[2022-09-14T12:41:06.235+0300] {processor.py:650} INFO - DAG(s) dict_keys(['example_time_delta_sensor_async']) retrieved from /home/alex/code/Hillel_Homework/airflow_project/lib/python3.10/site-packages/airflow/example_dags/example_time_delta_sensor_async.py
[2022-09-14T12:41:06.319+0300] {logging_mixin.py:115} INFO - [2022-09-14T12:41:06.319+0300] {dag.py:2429} INFO - Sync 1 DAGs
[2022-09-14T12:41:06.337+0300] {logging_mixin.py:115} INFO - [2022-09-14T12:41:06.337+0300] {dag.py:2977} INFO - Setting next_dagrun for example_time_delta_sensor_async to None, run_after=None
[2022-09-14T12:41:06.360+0300] {processor.py:161} INFO - Processing /home/alex/code/Hillel_Homework/airflow_project/lib/python3.10/site-packages/airflow/example_dags/example_time_delta_sensor_async.py took 0.155 seconds
[2022-09-14T12:41:41.206+0300] {processor.py:153} INFO - Started process (PID=18967) to work on /home/alex/code/Hillel_Homework/airflow_project/lib/python3.10/site-packages/airflow/example_dags/example_time_delta_sensor_async.py
[2022-09-14T12:41:41.213+0300] {processor.py:640} INFO - Processing file /home/alex/code/Hillel_Homework/airflow_project/lib/python3.10/site-packages/airflow/example_dags/example_time_delta_sensor_async.py for tasks to queue
[2022-09-14T12:41:41.216+0300] {logging_mixin.py:115} INFO - [2022-09-14T12:41:41.215+0300] {dagbag.py:508} INFO - Filling up the DagBag from /home/alex/code/Hillel_Homework/airflow_project/lib/python3.10/site-packages/airflow/example_dags/example_time_delta_sensor_async.py
[2022-09-14T12:41:41.233+0300] {processor.py:650} INFO - DAG(s) dict_keys(['example_time_delta_sensor_async']) retrieved from /home/alex/code/Hillel_Homework/airflow_project/lib/python3.10/site-packages/airflow/example_dags/example_time_delta_sensor_async.py
[2022-09-14T12:41:41.331+0300] {logging_mixin.py:115} INFO - [2022-09-14T12:41:41.331+0300] {dag.py:2429} INFO - Sync 1 DAGs
[2022-09-14T12:41:41.358+0300] {logging_mixin.py:115} INFO - [2022-09-14T12:41:41.358+0300] {dag.py:2977} INFO - Setting next_dagrun for example_time_delta_sensor_async to None, run_after=None
[2022-09-14T12:41:41.381+0300] {processor.py:161} INFO - Processing /home/alex/code/Hillel_Homework/airflow_project/lib/python3.10/site-packages/airflow/example_dags/example_time_delta_sensor_async.py took 0.185 seconds
[2022-09-14T12:42:16.191+0300] {processor.py:153} INFO - Started process (PID=19063) to work on /home/alex/code/Hillel_Homework/airflow_project/lib/python3.10/site-packages/airflow/example_dags/example_time_delta_sensor_async.py
[2022-09-14T12:42:16.195+0300] {processor.py:640} INFO - Processing file /home/alex/code/Hillel_Homework/airflow_project/lib/python3.10/site-packages/airflow/example_dags/example_time_delta_sensor_async.py for tasks to queue
[2022-09-14T12:42:16.196+0300] {logging_mixin.py:115} INFO - [2022-09-14T12:42:16.196+0300] {dagbag.py:508} INFO - Filling up the DagBag from /home/alex/code/Hillel_Homework/airflow_project/lib/python3.10/site-packages/airflow/example_dags/example_time_delta_sensor_async.py
[2022-09-14T12:42:16.202+0300] {processor.py:650} INFO - DAG(s) dict_keys(['example_time_delta_sensor_async']) retrieved from /home/alex/code/Hillel_Homework/airflow_project/lib/python3.10/site-packages/airflow/example_dags/example_time_delta_sensor_async.py
[2022-09-14T12:42:16.316+0300] {logging_mixin.py:115} INFO - [2022-09-14T12:42:16.316+0300] {dag.py:2429} INFO - Sync 1 DAGs
[2022-09-14T12:42:16.342+0300] {logging_mixin.py:115} INFO - [2022-09-14T12:42:16.341+0300] {dag.py:2977} INFO - Setting next_dagrun for example_time_delta_sensor_async to None, run_after=None
[2022-09-14T12:42:16.375+0300] {processor.py:161} INFO - Processing /home/alex/code/Hillel_Homework/airflow_project/lib/python3.10/site-packages/airflow/example_dags/example_time_delta_sensor_async.py took 0.188 seconds
