[2022-09-14T12:40:52.771+0300] {processor.py:153} INFO - Started process (PID=18863) to work on /home/alex/code/Hillel_Homework/airflow_project/lib/python3.10/site-packages/airflow/example_dags/example_branch_labels.py
[2022-09-14T12:40:52.773+0300] {processor.py:640} INFO - Processing file /home/alex/code/Hillel_Homework/airflow_project/lib/python3.10/site-packages/airflow/example_dags/example_branch_labels.py for tasks to queue
[2022-09-14T12:40:52.774+0300] {logging_mixin.py:115} INFO - [2022-09-14T12:40:52.774+0300] {dagbag.py:508} INFO - Filling up the DagBag from /home/alex/code/Hillel_Homework/airflow_project/lib/python3.10/site-packages/airflow/example_dags/example_branch_labels.py
[2022-09-14T12:40:52.786+0300] {processor.py:650} INFO - DAG(s) dict_keys(['example_branch_labels']) retrieved from /home/alex/code/Hillel_Homework/airflow_project/lib/python3.10/site-packages/airflow/example_dags/example_branch_labels.py
[2022-09-14T12:40:52.869+0300] {logging_mixin.py:115} INFO - [2022-09-14T12:40:52.868+0300] {manager.py:508} INFO - Created Permission View: can edit on DAG:example_branch_labels
[2022-09-14T12:40:52.885+0300] {logging_mixin.py:115} INFO - [2022-09-14T12:40:52.884+0300] {manager.py:508} INFO - Created Permission View: can read on DAG:example_branch_labels
[2022-09-14T12:40:52.898+0300] {logging_mixin.py:115} INFO - [2022-09-14T12:40:52.898+0300] {manager.py:508} INFO - Created Permission View: can delete on DAG:example_branch_labels
[2022-09-14T12:40:52.898+0300] {logging_mixin.py:115} INFO - [2022-09-14T12:40:52.898+0300] {dag.py:2429} INFO - Sync 1 DAGs
[2022-09-14T12:40:52.906+0300] {logging_mixin.py:115} INFO - [2022-09-14T12:40:52.906+0300] {dag.py:2448} INFO - Creating ORM DAG for example_branch_labels
[2022-09-14T12:40:52.920+0300] {logging_mixin.py:115} INFO - [2022-09-14T12:40:52.919+0300] {dag.py:2977} INFO - Setting next_dagrun for example_branch_labels to 2022-09-13T00:00:00+00:00, run_after=2022-09-14T00:00:00+00:00
[2022-09-14T12:40:52.939+0300] {processor.py:161} INFO - Processing /home/alex/code/Hillel_Homework/airflow_project/lib/python3.10/site-packages/airflow/example_dags/example_branch_labels.py took 0.175 seconds
[2022-09-14T12:41:27.646+0300] {processor.py:153} INFO - Started process (PID=18916) to work on /home/alex/code/Hillel_Homework/airflow_project/lib/python3.10/site-packages/airflow/example_dags/example_branch_labels.py
[2022-09-14T12:41:27.646+0300] {processor.py:640} INFO - Processing file /home/alex/code/Hillel_Homework/airflow_project/lib/python3.10/site-packages/airflow/example_dags/example_branch_labels.py for tasks to queue
[2022-09-14T12:41:27.647+0300] {logging_mixin.py:115} INFO - [2022-09-14T12:41:27.647+0300] {dagbag.py:508} INFO - Filling up the DagBag from /home/alex/code/Hillel_Homework/airflow_project/lib/python3.10/site-packages/airflow/example_dags/example_branch_labels.py
[2022-09-14T12:41:27.654+0300] {processor.py:650} INFO - DAG(s) dict_keys(['example_branch_labels']) retrieved from /home/alex/code/Hillel_Homework/airflow_project/lib/python3.10/site-packages/airflow/example_dags/example_branch_labels.py
[2022-09-14T12:41:27.670+0300] {logging_mixin.py:115} INFO - [2022-09-14T12:41:27.670+0300] {dag.py:2429} INFO - Sync 1 DAGs
[2022-09-14T12:41:27.691+0300] {logging_mixin.py:115} INFO - [2022-09-14T12:41:27.691+0300] {dag.py:2977} INFO - Setting next_dagrun for example_branch_labels to 2022-09-13T00:00:00+00:00, run_after=2022-09-14T00:00:00+00:00
[2022-09-14T12:41:27.709+0300] {processor.py:161} INFO - Processing /home/alex/code/Hillel_Homework/airflow_project/lib/python3.10/site-packages/airflow/example_dags/example_branch_labels.py took 0.066 seconds
[2022-09-14T12:42:02.920+0300] {processor.py:153} INFO - Started process (PID=19039) to work on /home/alex/code/Hillel_Homework/airflow_project/lib/python3.10/site-packages/airflow/example_dags/example_branch_labels.py
[2022-09-14T12:42:02.925+0300] {processor.py:640} INFO - Processing file /home/alex/code/Hillel_Homework/airflow_project/lib/python3.10/site-packages/airflow/example_dags/example_branch_labels.py for tasks to queue
[2022-09-14T12:42:02.926+0300] {logging_mixin.py:115} INFO - [2022-09-14T12:42:02.926+0300] {dagbag.py:508} INFO - Filling up the DagBag from /home/alex/code/Hillel_Homework/airflow_project/lib/python3.10/site-packages/airflow/example_dags/example_branch_labels.py
[2022-09-14T12:42:02.937+0300] {processor.py:650} INFO - DAG(s) dict_keys(['example_branch_labels']) retrieved from /home/alex/code/Hillel_Homework/airflow_project/lib/python3.10/site-packages/airflow/example_dags/example_branch_labels.py
[2022-09-14T12:42:02.955+0300] {logging_mixin.py:115} INFO - [2022-09-14T12:42:02.954+0300] {dag.py:2429} INFO - Sync 1 DAGs
[2022-09-14T12:42:02.976+0300] {logging_mixin.py:115} INFO - [2022-09-14T12:42:02.976+0300] {dag.py:2977} INFO - Setting next_dagrun for example_branch_labels to 2022-09-13T00:00:00+00:00, run_after=2022-09-14T00:00:00+00:00
[2022-09-14T12:42:02.999+0300] {processor.py:161} INFO - Processing /home/alex/code/Hillel_Homework/airflow_project/lib/python3.10/site-packages/airflow/example_dags/example_branch_labels.py took 0.085 seconds
