[2022-09-14T12:40:47.388+0300] {processor.py:153} INFO - Started process (PID=18843) to work on /home/alex/code/Hillel_Homework/airflow_project/lib/python3.10/site-packages/airflow/example_dags/example_dag_decorator.py
[2022-09-14T12:40:47.390+0300] {processor.py:640} INFO - Processing file /home/alex/code/Hillel_Homework/airflow_project/lib/python3.10/site-packages/airflow/example_dags/example_dag_decorator.py for tasks to queue
[2022-09-14T12:40:47.391+0300] {logging_mixin.py:115} INFO - [2022-09-14T12:40:47.391+0300] {dagbag.py:508} INFO - Filling up the DagBag from /home/alex/code/Hillel_Homework/airflow_project/lib/python3.10/site-packages/airflow/example_dags/example_dag_decorator.py
[2022-09-14T12:40:47.427+0300] {processor.py:650} INFO - DAG(s) dict_keys(['example_dag_decorator']) retrieved from /home/alex/code/Hillel_Homework/airflow_project/lib/python3.10/site-packages/airflow/example_dags/example_dag_decorator.py
[2022-09-14T12:40:47.514+0300] {logging_mixin.py:115} INFO - [2022-09-14T12:40:47.514+0300] {manager.py:508} INFO - Created Permission View: can edit on DAG:example_dag_decorator
[2022-09-14T12:40:47.538+0300] {logging_mixin.py:115} INFO - [2022-09-14T12:40:47.537+0300] {manager.py:508} INFO - Created Permission View: can read on DAG:example_dag_decorator
[2022-09-14T12:40:47.555+0300] {logging_mixin.py:115} INFO - [2022-09-14T12:40:47.555+0300] {manager.py:508} INFO - Created Permission View: can delete on DAG:example_dag_decorator
[2022-09-14T12:40:47.556+0300] {logging_mixin.py:115} INFO - [2022-09-14T12:40:47.556+0300] {dag.py:2429} INFO - Sync 1 DAGs
[2022-09-14T12:40:47.565+0300] {logging_mixin.py:115} INFO - [2022-09-14T12:40:47.565+0300] {dag.py:2448} INFO - Creating ORM DAG for example_dag_decorator
[2022-09-14T12:40:47.585+0300] {logging_mixin.py:115} INFO - [2022-09-14T12:40:47.585+0300] {dag.py:2977} INFO - Setting next_dagrun for example_dag_decorator to None, run_after=None
[2022-09-14T12:40:47.628+0300] {processor.py:161} INFO - Processing /home/alex/code/Hillel_Homework/airflow_project/lib/python3.10/site-packages/airflow/example_dags/example_dag_decorator.py took 0.247 seconds
[2022-09-14T12:41:22.961+0300] {processor.py:153} INFO - Started process (PID=18906) to work on /home/alex/code/Hillel_Homework/airflow_project/lib/python3.10/site-packages/airflow/example_dags/example_dag_decorator.py
[2022-09-14T12:41:22.965+0300] {processor.py:640} INFO - Processing file /home/alex/code/Hillel_Homework/airflow_project/lib/python3.10/site-packages/airflow/example_dags/example_dag_decorator.py for tasks to queue
[2022-09-14T12:41:22.965+0300] {logging_mixin.py:115} INFO - [2022-09-14T12:41:22.965+0300] {dagbag.py:508} INFO - Filling up the DagBag from /home/alex/code/Hillel_Homework/airflow_project/lib/python3.10/site-packages/airflow/example_dags/example_dag_decorator.py
[2022-09-14T12:41:22.991+0300] {processor.py:650} INFO - DAG(s) dict_keys(['example_dag_decorator']) retrieved from /home/alex/code/Hillel_Homework/airflow_project/lib/python3.10/site-packages/airflow/example_dags/example_dag_decorator.py
[2022-09-14T12:41:23.047+0300] {logging_mixin.py:115} INFO - [2022-09-14T12:41:23.047+0300] {dag.py:2429} INFO - Sync 1 DAGs
[2022-09-14T12:41:23.065+0300] {logging_mixin.py:115} INFO - [2022-09-14T12:41:23.065+0300] {dag.py:2977} INFO - Setting next_dagrun for example_dag_decorator to None, run_after=None
[2022-09-14T12:41:23.089+0300] {processor.py:161} INFO - Processing /home/alex/code/Hillel_Homework/airflow_project/lib/python3.10/site-packages/airflow/example_dags/example_dag_decorator.py took 0.131 seconds
[2022-09-14T12:41:59.546+0300] {processor.py:153} INFO - Started process (PID=19034) to work on /home/alex/code/Hillel_Homework/airflow_project/lib/python3.10/site-packages/airflow/example_dags/example_dag_decorator.py
[2022-09-14T12:41:59.551+0300] {processor.py:640} INFO - Processing file /home/alex/code/Hillel_Homework/airflow_project/lib/python3.10/site-packages/airflow/example_dags/example_dag_decorator.py for tasks to queue
[2022-09-14T12:41:59.553+0300] {logging_mixin.py:115} INFO - [2022-09-14T12:41:59.553+0300] {dagbag.py:508} INFO - Filling up the DagBag from /home/alex/code/Hillel_Homework/airflow_project/lib/python3.10/site-packages/airflow/example_dags/example_dag_decorator.py
[2022-09-14T12:41:59.598+0300] {processor.py:650} INFO - DAG(s) dict_keys(['example_dag_decorator']) retrieved from /home/alex/code/Hillel_Homework/airflow_project/lib/python3.10/site-packages/airflow/example_dags/example_dag_decorator.py
[2022-09-14T12:41:59.617+0300] {logging_mixin.py:115} INFO - [2022-09-14T12:41:59.617+0300] {dag.py:2429} INFO - Sync 1 DAGs
[2022-09-14T12:41:59.636+0300] {logging_mixin.py:115} INFO - [2022-09-14T12:41:59.636+0300] {dag.py:2977} INFO - Setting next_dagrun for example_dag_decorator to None, run_after=None
[2022-09-14T12:41:59.660+0300] {processor.py:161} INFO - Processing /home/alex/code/Hillel_Homework/airflow_project/lib/python3.10/site-packages/airflow/example_dags/example_dag_decorator.py took 0.121 seconds
