[2022-09-14T12:40:36.709+0300] {processor.py:153} INFO - Started process (PID=18776) to work on /home/alex/code/Hillel_Homework/airflow_project/lib/python3.10/site-packages/airflow/example_dags/example_nested_branch_dag.py
[2022-09-14T12:40:36.711+0300] {processor.py:640} INFO - Processing file /home/alex/code/Hillel_Homework/airflow_project/lib/python3.10/site-packages/airflow/example_dags/example_nested_branch_dag.py for tasks to queue
[2022-09-14T12:40:36.713+0300] {logging_mixin.py:115} INFO - [2022-09-14T12:40:36.713+0300] {dagbag.py:508} INFO - Filling up the DagBag from /home/alex/code/Hillel_Homework/airflow_project/lib/python3.10/site-packages/airflow/example_dags/example_nested_branch_dag.py
[2022-09-14T12:40:36.731+0300] {processor.py:650} INFO - DAG(s) dict_keys(['example_nested_branch_dag']) retrieved from /home/alex/code/Hillel_Homework/airflow_project/lib/python3.10/site-packages/airflow/example_dags/example_nested_branch_dag.py
[2022-09-14T12:40:36.818+0300] {logging_mixin.py:115} INFO - [2022-09-14T12:40:36.817+0300] {manager.py:508} INFO - Created Permission View: can edit on DAG:example_nested_branch_dag
[2022-09-14T12:40:36.836+0300] {logging_mixin.py:115} INFO - [2022-09-14T12:40:36.836+0300] {manager.py:508} INFO - Created Permission View: can read on DAG:example_nested_branch_dag
[2022-09-14T12:40:36.849+0300] {logging_mixin.py:115} INFO - [2022-09-14T12:40:36.849+0300] {manager.py:508} INFO - Created Permission View: can delete on DAG:example_nested_branch_dag
[2022-09-14T12:40:36.850+0300] {logging_mixin.py:115} INFO - [2022-09-14T12:40:36.850+0300] {dag.py:2429} INFO - Sync 1 DAGs
[2022-09-14T12:40:36.865+0300] {logging_mixin.py:115} INFO - [2022-09-14T12:40:36.865+0300] {dag.py:2448} INFO - Creating ORM DAG for example_nested_branch_dag
[2022-09-14T12:40:36.881+0300] {logging_mixin.py:115} INFO - [2022-09-14T12:40:36.881+0300] {dag.py:2977} INFO - Setting next_dagrun for example_nested_branch_dag to 2022-09-13T00:00:00+00:00, run_after=2022-09-14T00:00:00+00:00
[2022-09-14T12:40:36.907+0300] {processor.py:161} INFO - Processing /home/alex/code/Hillel_Homework/airflow_project/lib/python3.10/site-packages/airflow/example_dags/example_nested_branch_dag.py took 0.205 seconds
[2022-09-14T12:41:15.198+0300] {processor.py:153} INFO - Started process (PID=18896) to work on /home/alex/code/Hillel_Homework/airflow_project/lib/python3.10/site-packages/airflow/example_dags/example_nested_branch_dag.py
[2022-09-14T12:41:15.202+0300] {processor.py:640} INFO - Processing file /home/alex/code/Hillel_Homework/airflow_project/lib/python3.10/site-packages/airflow/example_dags/example_nested_branch_dag.py for tasks to queue
[2022-09-14T12:41:15.203+0300] {logging_mixin.py:115} INFO - [2022-09-14T12:41:15.203+0300] {dagbag.py:508} INFO - Filling up the DagBag from /home/alex/code/Hillel_Homework/airflow_project/lib/python3.10/site-packages/airflow/example_dags/example_nested_branch_dag.py
[2022-09-14T12:41:15.213+0300] {processor.py:650} INFO - DAG(s) dict_keys(['example_nested_branch_dag']) retrieved from /home/alex/code/Hillel_Homework/airflow_project/lib/python3.10/site-packages/airflow/example_dags/example_nested_branch_dag.py
[2022-09-14T12:41:15.230+0300] {logging_mixin.py:115} INFO - [2022-09-14T12:41:15.229+0300] {dag.py:2429} INFO - Sync 1 DAGs
[2022-09-14T12:41:15.249+0300] {logging_mixin.py:115} INFO - [2022-09-14T12:41:15.249+0300] {dag.py:2977} INFO - Setting next_dagrun for example_nested_branch_dag to 2022-09-13T00:00:00+00:00, run_after=2022-09-14T00:00:00+00:00
[2022-09-14T12:41:15.268+0300] {processor.py:161} INFO - Processing /home/alex/code/Hillel_Homework/airflow_project/lib/python3.10/site-packages/airflow/example_dags/example_nested_branch_dag.py took 0.073 seconds
[2022-09-14T12:41:50.635+0300] {processor.py:153} INFO - Started process (PID=18988) to work on /home/alex/code/Hillel_Homework/airflow_project/lib/python3.10/site-packages/airflow/example_dags/example_nested_branch_dag.py
[2022-09-14T12:41:50.640+0300] {processor.py:640} INFO - Processing file /home/alex/code/Hillel_Homework/airflow_project/lib/python3.10/site-packages/airflow/example_dags/example_nested_branch_dag.py for tasks to queue
[2022-09-14T12:41:50.641+0300] {logging_mixin.py:115} INFO - [2022-09-14T12:41:50.641+0300] {dagbag.py:508} INFO - Filling up the DagBag from /home/alex/code/Hillel_Homework/airflow_project/lib/python3.10/site-packages/airflow/example_dags/example_nested_branch_dag.py
[2022-09-14T12:41:50.656+0300] {processor.py:650} INFO - DAG(s) dict_keys(['example_nested_branch_dag']) retrieved from /home/alex/code/Hillel_Homework/airflow_project/lib/python3.10/site-packages/airflow/example_dags/example_nested_branch_dag.py
[2022-09-14T12:41:50.672+0300] {logging_mixin.py:115} INFO - [2022-09-14T12:41:50.671+0300] {dag.py:2429} INFO - Sync 1 DAGs
[2022-09-14T12:41:50.692+0300] {logging_mixin.py:115} INFO - [2022-09-14T12:41:50.692+0300] {dag.py:2977} INFO - Setting next_dagrun for example_nested_branch_dag to 2022-09-13T00:00:00+00:00, run_after=2022-09-14T00:00:00+00:00
[2022-09-14T12:41:50.713+0300] {processor.py:161} INFO - Processing /home/alex/code/Hillel_Homework/airflow_project/lib/python3.10/site-packages/airflow/example_dags/example_nested_branch_dag.py took 0.089 seconds
[2022-09-14T12:42:25.988+0300] {processor.py:153} INFO - Started process (PID=19077) to work on /home/alex/code/Hillel_Homework/airflow_project/lib/python3.10/site-packages/airflow/example_dags/example_nested_branch_dag.py
[2022-09-14T12:42:25.989+0300] {processor.py:640} INFO - Processing file /home/alex/code/Hillel_Homework/airflow_project/lib/python3.10/site-packages/airflow/example_dags/example_nested_branch_dag.py for tasks to queue
[2022-09-14T12:42:25.990+0300] {logging_mixin.py:115} INFO - [2022-09-14T12:42:25.989+0300] {dagbag.py:508} INFO - Filling up the DagBag from /home/alex/code/Hillel_Homework/airflow_project/lib/python3.10/site-packages/airflow/example_dags/example_nested_branch_dag.py
[2022-09-14T12:42:26.000+0300] {processor.py:650} INFO - DAG(s) dict_keys(['example_nested_branch_dag']) retrieved from /home/alex/code/Hillel_Homework/airflow_project/lib/python3.10/site-packages/airflow/example_dags/example_nested_branch_dag.py
[2022-09-14T12:42:26.016+0300] {logging_mixin.py:115} INFO - [2022-09-14T12:42:26.015+0300] {dag.py:2429} INFO - Sync 1 DAGs
[2022-09-14T12:42:26.038+0300] {logging_mixin.py:115} INFO - [2022-09-14T12:42:26.037+0300] {dag.py:2977} INFO - Setting next_dagrun for example_nested_branch_dag to 2022-09-13T00:00:00+00:00, run_after=2022-09-14T00:00:00+00:00
[2022-09-14T12:42:26.059+0300] {processor.py:161} INFO - Processing /home/alex/code/Hillel_Homework/airflow_project/lib/python3.10/site-packages/airflow/example_dags/example_nested_branch_dag.py took 0.075 seconds
