[2022-09-14T12:40:45.906+0300] {processor.py:153} INFO - Started process (PID=18819) to work on /home/alex/code/Hillel_Homework/airflow_project/lib/python3.10/site-packages/airflow/example_dags/example_external_task_marker_dag.py
[2022-09-14T12:40:45.908+0300] {processor.py:640} INFO - Processing file /home/alex/code/Hillel_Homework/airflow_project/lib/python3.10/site-packages/airflow/example_dags/example_external_task_marker_dag.py for tasks to queue
[2022-09-14T12:40:45.910+0300] {logging_mixin.py:115} INFO - [2022-09-14T12:40:45.909+0300] {dagbag.py:508} INFO - Filling up the DagBag from /home/alex/code/Hillel_Homework/airflow_project/lib/python3.10/site-packages/airflow/example_dags/example_external_task_marker_dag.py
[2022-09-14T12:40:45.921+0300] {processor.py:650} INFO - DAG(s) dict_keys(['example_external_task_marker_parent', 'example_external_task_marker_child']) retrieved from /home/alex/code/Hillel_Homework/airflow_project/lib/python3.10/site-packages/airflow/example_dags/example_external_task_marker_dag.py
[2022-09-14T12:40:46.021+0300] {logging_mixin.py:115} INFO - [2022-09-14T12:40:46.020+0300] {manager.py:508} INFO - Created Permission View: can edit on DAG:example_external_task_marker_parent
[2022-09-14T12:40:46.035+0300] {logging_mixin.py:115} INFO - [2022-09-14T12:40:46.035+0300] {manager.py:508} INFO - Created Permission View: can read on DAG:example_external_task_marker_parent
[2022-09-14T12:40:46.050+0300] {logging_mixin.py:115} INFO - [2022-09-14T12:40:46.050+0300] {manager.py:508} INFO - Created Permission View: can delete on DAG:example_external_task_marker_parent
[2022-09-14T12:40:46.159+0300] {logging_mixin.py:115} INFO - [2022-09-14T12:40:46.159+0300] {manager.py:508} INFO - Created Permission View: can edit on DAG:example_external_task_marker_child
[2022-09-14T12:40:46.176+0300] {logging_mixin.py:115} INFO - [2022-09-14T12:40:46.176+0300] {manager.py:508} INFO - Created Permission View: can read on DAG:example_external_task_marker_child
[2022-09-14T12:40:46.190+0300] {logging_mixin.py:115} INFO - [2022-09-14T12:40:46.190+0300] {manager.py:508} INFO - Created Permission View: can delete on DAG:example_external_task_marker_child
[2022-09-14T12:40:46.191+0300] {logging_mixin.py:115} INFO - [2022-09-14T12:40:46.191+0300] {dag.py:2429} INFO - Sync 2 DAGs
[2022-09-14T12:40:46.203+0300] {logging_mixin.py:115} INFO - [2022-09-14T12:40:46.202+0300] {dag.py:2448} INFO - Creating ORM DAG for example_external_task_marker_child
[2022-09-14T12:40:46.204+0300] {logging_mixin.py:115} INFO - [2022-09-14T12:40:46.203+0300] {dag.py:2448} INFO - Creating ORM DAG for example_external_task_marker_parent
[2022-09-14T12:40:46.218+0300] {logging_mixin.py:115} INFO - [2022-09-14T12:40:46.218+0300] {dag.py:2977} INFO - Setting next_dagrun for example_external_task_marker_child to None, run_after=None
[2022-09-14T12:40:46.219+0300] {logging_mixin.py:115} INFO - [2022-09-14T12:40:46.219+0300] {dag.py:2977} INFO - Setting next_dagrun for example_external_task_marker_parent to None, run_after=None
[2022-09-14T12:40:46.246+0300] {processor.py:161} INFO - Processing /home/alex/code/Hillel_Homework/airflow_project/lib/python3.10/site-packages/airflow/example_dags/example_external_task_marker_dag.py took 0.348 seconds
[2022-09-14T12:41:22.658+0300] {processor.py:153} INFO - Started process (PID=18904) to work on /home/alex/code/Hillel_Homework/airflow_project/lib/python3.10/site-packages/airflow/example_dags/example_external_task_marker_dag.py
[2022-09-14T12:41:22.663+0300] {processor.py:640} INFO - Processing file /home/alex/code/Hillel_Homework/airflow_project/lib/python3.10/site-packages/airflow/example_dags/example_external_task_marker_dag.py for tasks to queue
[2022-09-14T12:41:22.665+0300] {logging_mixin.py:115} INFO - [2022-09-14T12:41:22.664+0300] {dagbag.py:508} INFO - Filling up the DagBag from /home/alex/code/Hillel_Homework/airflow_project/lib/python3.10/site-packages/airflow/example_dags/example_external_task_marker_dag.py
[2022-09-14T12:41:22.675+0300] {processor.py:650} INFO - DAG(s) dict_keys(['example_external_task_marker_parent', 'example_external_task_marker_child']) retrieved from /home/alex/code/Hillel_Homework/airflow_project/lib/python3.10/site-packages/airflow/example_dags/example_external_task_marker_dag.py
[2022-09-14T12:41:22.759+0300] {logging_mixin.py:115} INFO - [2022-09-14T12:41:22.759+0300] {dag.py:2429} INFO - Sync 2 DAGs
[2022-09-14T12:41:22.778+0300] {logging_mixin.py:115} INFO - [2022-09-14T12:41:22.778+0300] {dag.py:2977} INFO - Setting next_dagrun for example_external_task_marker_child to None, run_after=None
[2022-09-14T12:41:22.779+0300] {logging_mixin.py:115} INFO - [2022-09-14T12:41:22.779+0300] {dag.py:2977} INFO - Setting next_dagrun for example_external_task_marker_parent to None, run_after=None
[2022-09-14T12:41:22.803+0300] {processor.py:161} INFO - Processing /home/alex/code/Hillel_Homework/airflow_project/lib/python3.10/site-packages/airflow/example_dags/example_external_task_marker_dag.py took 0.152 seconds
[2022-09-14T12:41:58.299+0300] {processor.py:153} INFO - Started process (PID=19033) to work on /home/alex/code/Hillel_Homework/airflow_project/lib/python3.10/site-packages/airflow/example_dags/example_external_task_marker_dag.py
[2022-09-14T12:41:58.304+0300] {processor.py:640} INFO - Processing file /home/alex/code/Hillel_Homework/airflow_project/lib/python3.10/site-packages/airflow/example_dags/example_external_task_marker_dag.py for tasks to queue
[2022-09-14T12:41:58.306+0300] {logging_mixin.py:115} INFO - [2022-09-14T12:41:58.306+0300] {dagbag.py:508} INFO - Filling up the DagBag from /home/alex/code/Hillel_Homework/airflow_project/lib/python3.10/site-packages/airflow/example_dags/example_external_task_marker_dag.py
[2022-09-14T12:41:58.317+0300] {processor.py:650} INFO - DAG(s) dict_keys(['example_external_task_marker_parent', 'example_external_task_marker_child']) retrieved from /home/alex/code/Hillel_Homework/airflow_project/lib/python3.10/site-packages/airflow/example_dags/example_external_task_marker_dag.py
[2022-09-14T12:41:58.409+0300] {logging_mixin.py:115} INFO - [2022-09-14T12:41:58.408+0300] {dag.py:2429} INFO - Sync 2 DAGs
[2022-09-14T12:41:58.427+0300] {logging_mixin.py:115} INFO - [2022-09-14T12:41:58.427+0300] {dag.py:2977} INFO - Setting next_dagrun for example_external_task_marker_child to None, run_after=None
[2022-09-14T12:41:58.428+0300] {logging_mixin.py:115} INFO - [2022-09-14T12:41:58.428+0300] {dag.py:2977} INFO - Setting next_dagrun for example_external_task_marker_parent to None, run_after=None
[2022-09-14T12:41:58.457+0300] {processor.py:161} INFO - Processing /home/alex/code/Hillel_Homework/airflow_project/lib/python3.10/site-packages/airflow/example_dags/example_external_task_marker_dag.py took 0.164 seconds
