[2022-09-14T12:40:28.633+0300] {processor.py:153} INFO - Started process (PID=18748) to work on /home/alex/code/Hillel_Homework/airflow_project/lib/python3.10/site-packages/airflow/example_dags/example_task_group_decorator.py
[2022-09-14T12:40:28.635+0300] {processor.py:640} INFO - Processing file /home/alex/code/Hillel_Homework/airflow_project/lib/python3.10/site-packages/airflow/example_dags/example_task_group_decorator.py for tasks to queue
[2022-09-14T12:40:28.637+0300] {logging_mixin.py:115} INFO - [2022-09-14T12:40:28.636+0300] {dagbag.py:508} INFO - Filling up the DagBag from /home/alex/code/Hillel_Homework/airflow_project/lib/python3.10/site-packages/airflow/example_dags/example_task_group_decorator.py
[2022-09-14T12:40:28.687+0300] {processor.py:650} INFO - DAG(s) dict_keys(['example_task_group_decorator']) retrieved from /home/alex/code/Hillel_Homework/airflow_project/lib/python3.10/site-packages/airflow/example_dags/example_task_group_decorator.py
[2022-09-14T12:40:28.812+0300] {logging_mixin.py:115} INFO - [2022-09-14T12:40:28.811+0300] {manager.py:508} INFO - Created Permission View: can edit on DAG:example_task_group_decorator
[2022-09-14T12:40:28.838+0300] {logging_mixin.py:115} INFO - [2022-09-14T12:40:28.838+0300] {manager.py:508} INFO - Created Permission View: can read on DAG:example_task_group_decorator
[2022-09-14T12:40:28.858+0300] {logging_mixin.py:115} INFO - [2022-09-14T12:40:28.857+0300] {manager.py:508} INFO - Created Permission View: can delete on DAG:example_task_group_decorator
[2022-09-14T12:40:28.858+0300] {logging_mixin.py:115} INFO - [2022-09-14T12:40:28.858+0300] {dag.py:2429} INFO - Sync 1 DAGs
[2022-09-14T12:40:28.866+0300] {logging_mixin.py:115} INFO - [2022-09-14T12:40:28.866+0300] {dag.py:2448} INFO - Creating ORM DAG for example_task_group_decorator
[2022-09-14T12:40:28.877+0300] {logging_mixin.py:115} INFO - [2022-09-14T12:40:28.877+0300] {dag.py:2977} INFO - Setting next_dagrun for example_task_group_decorator to 2022-09-13T09:40:28.876875+00:00, run_after=2022-09-14T09:40:28.876875+00:00
[2022-09-14T12:40:28.906+0300] {processor.py:161} INFO - Processing /home/alex/code/Hillel_Homework/airflow_project/lib/python3.10/site-packages/airflow/example_dags/example_task_group_decorator.py took 0.280 seconds
[2022-09-14T12:41:07.342+0300] {processor.py:153} INFO - Started process (PID=18888) to work on /home/alex/code/Hillel_Homework/airflow_project/lib/python3.10/site-packages/airflow/example_dags/example_task_group_decorator.py
[2022-09-14T12:41:07.343+0300] {processor.py:640} INFO - Processing file /home/alex/code/Hillel_Homework/airflow_project/lib/python3.10/site-packages/airflow/example_dags/example_task_group_decorator.py for tasks to queue
[2022-09-14T12:41:07.343+0300] {logging_mixin.py:115} INFO - [2022-09-14T12:41:07.343+0300] {dagbag.py:508} INFO - Filling up the DagBag from /home/alex/code/Hillel_Homework/airflow_project/lib/python3.10/site-packages/airflow/example_dags/example_task_group_decorator.py
[2022-09-14T12:41:07.373+0300] {processor.py:650} INFO - DAG(s) dict_keys(['example_task_group_decorator']) retrieved from /home/alex/code/Hillel_Homework/airflow_project/lib/python3.10/site-packages/airflow/example_dags/example_task_group_decorator.py
[2022-09-14T12:41:07.425+0300] {logging_mixin.py:115} INFO - [2022-09-14T12:41:07.425+0300] {dag.py:2429} INFO - Sync 1 DAGs
[2022-09-14T12:41:07.445+0300] {logging_mixin.py:115} INFO - [2022-09-14T12:41:07.445+0300] {dag.py:2977} INFO - Setting next_dagrun for example_task_group_decorator to 2022-09-13T09:41:07.445309+00:00, run_after=2022-09-14T09:41:07.445309+00:00
[2022-09-14T12:41:07.475+0300] {processor.py:161} INFO - Processing /home/alex/code/Hillel_Homework/airflow_project/lib/python3.10/site-packages/airflow/example_dags/example_task_group_decorator.py took 0.136 seconds
[2022-09-14T12:41:42.453+0300] {processor.py:153} INFO - Started process (PID=18969) to work on /home/alex/code/Hillel_Homework/airflow_project/lib/python3.10/site-packages/airflow/example_dags/example_task_group_decorator.py
[2022-09-14T12:41:42.459+0300] {processor.py:640} INFO - Processing file /home/alex/code/Hillel_Homework/airflow_project/lib/python3.10/site-packages/airflow/example_dags/example_task_group_decorator.py for tasks to queue
[2022-09-14T12:41:42.461+0300] {logging_mixin.py:115} INFO - [2022-09-14T12:41:42.460+0300] {dagbag.py:508} INFO - Filling up the DagBag from /home/alex/code/Hillel_Homework/airflow_project/lib/python3.10/site-packages/airflow/example_dags/example_task_group_decorator.py
[2022-09-14T12:41:42.504+0300] {processor.py:650} INFO - DAG(s) dict_keys(['example_task_group_decorator']) retrieved from /home/alex/code/Hillel_Homework/airflow_project/lib/python3.10/site-packages/airflow/example_dags/example_task_group_decorator.py
[2022-09-14T12:41:42.522+0300] {logging_mixin.py:115} INFO - [2022-09-14T12:41:42.521+0300] {dag.py:2429} INFO - Sync 1 DAGs
[2022-09-14T12:41:42.540+0300] {logging_mixin.py:115} INFO - [2022-09-14T12:41:42.539+0300] {dag.py:2977} INFO - Setting next_dagrun for example_task_group_decorator to 2022-09-13T09:41:42.539610+00:00, run_after=2022-09-14T09:41:42.539610+00:00
[2022-09-14T12:41:42.562+0300] {processor.py:161} INFO - Processing /home/alex/code/Hillel_Homework/airflow_project/lib/python3.10/site-packages/airflow/example_dags/example_task_group_decorator.py took 0.116 seconds
[2022-09-14T12:42:17.453+0300] {processor.py:153} INFO - Started process (PID=19064) to work on /home/alex/code/Hillel_Homework/airflow_project/lib/python3.10/site-packages/airflow/example_dags/example_task_group_decorator.py
[2022-09-14T12:42:17.458+0300] {processor.py:640} INFO - Processing file /home/alex/code/Hillel_Homework/airflow_project/lib/python3.10/site-packages/airflow/example_dags/example_task_group_decorator.py for tasks to queue
[2022-09-14T12:42:17.458+0300] {logging_mixin.py:115} INFO - [2022-09-14T12:42:17.458+0300] {dagbag.py:508} INFO - Filling up the DagBag from /home/alex/code/Hillel_Homework/airflow_project/lib/python3.10/site-packages/airflow/example_dags/example_task_group_decorator.py
[2022-09-14T12:42:17.486+0300] {processor.py:650} INFO - DAG(s) dict_keys(['example_task_group_decorator']) retrieved from /home/alex/code/Hillel_Homework/airflow_project/lib/python3.10/site-packages/airflow/example_dags/example_task_group_decorator.py
[2022-09-14T12:42:17.538+0300] {logging_mixin.py:115} INFO - [2022-09-14T12:42:17.538+0300] {dag.py:2429} INFO - Sync 1 DAGs
[2022-09-14T12:42:17.555+0300] {logging_mixin.py:115} INFO - [2022-09-14T12:42:17.555+0300] {dag.py:2977} INFO - Setting next_dagrun for example_task_group_decorator to 2022-09-13T09:42:17.555061+00:00, run_after=2022-09-14T09:42:17.555061+00:00
[2022-09-14T12:42:17.581+0300] {processor.py:161} INFO - Processing /home/alex/code/Hillel_Homework/airflow_project/lib/python3.10/site-packages/airflow/example_dags/example_task_group_decorator.py took 0.130 seconds
