[2022-09-14T12:40:51.384+0300] {processor.py:153} INFO - Started process (PID=18861) to work on /home/alex/code/Hillel_Homework/airflow_project/lib/python3.10/site-packages/airflow/example_dags/example_branch_datetime_operator.py
[2022-09-14T12:40:51.386+0300] {processor.py:640} INFO - Processing file /home/alex/code/Hillel_Homework/airflow_project/lib/python3.10/site-packages/airflow/example_dags/example_branch_datetime_operator.py for tasks to queue
[2022-09-14T12:40:51.387+0300] {logging_mixin.py:115} INFO - [2022-09-14T12:40:51.387+0300] {dagbag.py:508} INFO - Filling up the DagBag from /home/alex/code/Hillel_Homework/airflow_project/lib/python3.10/site-packages/airflow/example_dags/example_branch_datetime_operator.py
[2022-09-14T12:40:51.412+0300] {processor.py:650} INFO - DAG(s) dict_keys(['example_branch_datetime_operator', 'example_branch_datetime_operator_2']) retrieved from /home/alex/code/Hillel_Homework/airflow_project/lib/python3.10/site-packages/airflow/example_dags/example_branch_datetime_operator.py
[2022-09-14T12:40:51.490+0300] {logging_mixin.py:115} INFO - [2022-09-14T12:40:51.490+0300] {manager.py:508} INFO - Created Permission View: can edit on DAG:example_branch_datetime_operator
[2022-09-14T12:40:51.506+0300] {logging_mixin.py:115} INFO - [2022-09-14T12:40:51.506+0300] {manager.py:508} INFO - Created Permission View: can read on DAG:example_branch_datetime_operator
[2022-09-14T12:40:51.519+0300] {logging_mixin.py:115} INFO - [2022-09-14T12:40:51.519+0300] {manager.py:508} INFO - Created Permission View: can delete on DAG:example_branch_datetime_operator
[2022-09-14T12:40:51.556+0300] {logging_mixin.py:115} INFO - [2022-09-14T12:40:51.555+0300] {manager.py:508} INFO - Created Permission View: can edit on DAG:example_branch_datetime_operator_2
[2022-09-14T12:40:51.569+0300] {logging_mixin.py:115} INFO - [2022-09-14T12:40:51.569+0300] {manager.py:508} INFO - Created Permission View: can read on DAG:example_branch_datetime_operator_2
[2022-09-14T12:40:51.585+0300] {logging_mixin.py:115} INFO - [2022-09-14T12:40:51.585+0300] {manager.py:508} INFO - Created Permission View: can delete on DAG:example_branch_datetime_operator_2
[2022-09-14T12:40:51.585+0300] {logging_mixin.py:115} INFO - [2022-09-14T12:40:51.585+0300] {dag.py:2429} INFO - Sync 2 DAGs
[2022-09-14T12:40:51.593+0300] {logging_mixin.py:115} INFO - [2022-09-14T12:40:51.593+0300] {dag.py:2448} INFO - Creating ORM DAG for example_branch_datetime_operator_2
[2022-09-14T12:40:51.593+0300] {logging_mixin.py:115} INFO - [2022-09-14T12:40:51.593+0300] {dag.py:2448} INFO - Creating ORM DAG for example_branch_datetime_operator
[2022-09-14T12:40:51.605+0300] {logging_mixin.py:115} INFO - [2022-09-14T12:40:51.605+0300] {dag.py:2977} INFO - Setting next_dagrun for example_branch_datetime_operator to 2022-09-13T00:00:00+00:00, run_after=2022-09-14T00:00:00+00:00
[2022-09-14T12:40:51.607+0300] {logging_mixin.py:115} INFO - [2022-09-14T12:40:51.607+0300] {dag.py:2977} INFO - Setting next_dagrun for example_branch_datetime_operator_2 to 2022-09-13T00:00:00+00:00, run_after=2022-09-14T00:00:00+00:00
[2022-09-14T12:40:51.630+0300] {processor.py:161} INFO - Processing /home/alex/code/Hillel_Homework/airflow_project/lib/python3.10/site-packages/airflow/example_dags/example_branch_datetime_operator.py took 0.251 seconds
[2022-09-14T12:41:26.500+0300] {processor.py:153} INFO - Started process (PID=18912) to work on /home/alex/code/Hillel_Homework/airflow_project/lib/python3.10/site-packages/airflow/example_dags/example_branch_datetime_operator.py
[2022-09-14T12:41:26.503+0300] {processor.py:640} INFO - Processing file /home/alex/code/Hillel_Homework/airflow_project/lib/python3.10/site-packages/airflow/example_dags/example_branch_datetime_operator.py for tasks to queue
[2022-09-14T12:41:26.504+0300] {logging_mixin.py:115} INFO - [2022-09-14T12:41:26.504+0300] {dagbag.py:508} INFO - Filling up the DagBag from /home/alex/code/Hillel_Homework/airflow_project/lib/python3.10/site-packages/airflow/example_dags/example_branch_datetime_operator.py
[2022-09-14T12:41:26.515+0300] {processor.py:650} INFO - DAG(s) dict_keys(['example_branch_datetime_operator', 'example_branch_datetime_operator_2']) retrieved from /home/alex/code/Hillel_Homework/airflow_project/lib/python3.10/site-packages/airflow/example_dags/example_branch_datetime_operator.py
[2022-09-14T12:41:26.532+0300] {logging_mixin.py:115} INFO - [2022-09-14T12:41:26.532+0300] {dag.py:2429} INFO - Sync 2 DAGs
[2022-09-14T12:41:26.554+0300] {logging_mixin.py:115} INFO - [2022-09-14T12:41:26.554+0300] {dag.py:2977} INFO - Setting next_dagrun for example_branch_datetime_operator to 2022-09-13T00:00:00+00:00, run_after=2022-09-14T00:00:00+00:00
[2022-09-14T12:41:26.557+0300] {logging_mixin.py:115} INFO - [2022-09-14T12:41:26.556+0300] {dag.py:2977} INFO - Setting next_dagrun for example_branch_datetime_operator_2 to 2022-09-13T00:00:00+00:00, run_after=2022-09-14T00:00:00+00:00
[2022-09-14T12:41:26.580+0300] {processor.py:161} INFO - Processing /home/alex/code/Hillel_Homework/airflow_project/lib/python3.10/site-packages/airflow/example_dags/example_branch_datetime_operator.py took 0.083 seconds
[2022-09-14T12:42:01.660+0300] {processor.py:153} INFO - Started process (PID=19038) to work on /home/alex/code/Hillel_Homework/airflow_project/lib/python3.10/site-packages/airflow/example_dags/example_branch_datetime_operator.py
[2022-09-14T12:42:01.665+0300] {processor.py:640} INFO - Processing file /home/alex/code/Hillel_Homework/airflow_project/lib/python3.10/site-packages/airflow/example_dags/example_branch_datetime_operator.py for tasks to queue
[2022-09-14T12:42:01.667+0300] {logging_mixin.py:115} INFO - [2022-09-14T12:42:01.667+0300] {dagbag.py:508} INFO - Filling up the DagBag from /home/alex/code/Hillel_Homework/airflow_project/lib/python3.10/site-packages/airflow/example_dags/example_branch_datetime_operator.py
[2022-09-14T12:42:01.685+0300] {processor.py:650} INFO - DAG(s) dict_keys(['example_branch_datetime_operator', 'example_branch_datetime_operator_2']) retrieved from /home/alex/code/Hillel_Homework/airflow_project/lib/python3.10/site-packages/airflow/example_dags/example_branch_datetime_operator.py
[2022-09-14T12:42:01.703+0300] {logging_mixin.py:115} INFO - [2022-09-14T12:42:01.703+0300] {dag.py:2429} INFO - Sync 2 DAGs
[2022-09-14T12:42:01.724+0300] {logging_mixin.py:115} INFO - [2022-09-14T12:42:01.724+0300] {dag.py:2977} INFO - Setting next_dagrun for example_branch_datetime_operator to 2022-09-13T00:00:00+00:00, run_after=2022-09-14T00:00:00+00:00
[2022-09-14T12:42:01.727+0300] {logging_mixin.py:115} INFO - [2022-09-14T12:42:01.727+0300] {dag.py:2977} INFO - Setting next_dagrun for example_branch_datetime_operator_2 to 2022-09-13T00:00:00+00:00, run_after=2022-09-14T00:00:00+00:00
[2022-09-14T12:42:01.748+0300] {processor.py:161} INFO - Processing /home/alex/code/Hillel_Homework/airflow_project/lib/python3.10/site-packages/airflow/example_dags/example_branch_datetime_operator.py took 0.096 seconds
