[2022-09-14T12:40:33.817+0300] {processor.py:153} INFO - Started process (PID=18768) to work on /home/alex/code/Hillel_Homework/airflow_project/lib/python3.10/site-packages/airflow/example_dags/example_kubernetes_executor.py
[2022-09-14T12:40:33.819+0300] {processor.py:640} INFO - Processing file /home/alex/code/Hillel_Homework/airflow_project/lib/python3.10/site-packages/airflow/example_dags/example_kubernetes_executor.py for tasks to queue
[2022-09-14T12:40:33.820+0300] {logging_mixin.py:115} INFO - [2022-09-14T12:40:33.820+0300] {dagbag.py:508} INFO - Filling up the DagBag from /home/alex/code/Hillel_Homework/airflow_project/lib/python3.10/site-packages/airflow/example_dags/example_kubernetes_executor.py
[2022-09-14T12:40:33.840+0300] {logging_mixin.py:115} INFO - [2022-09-14T12:40:33.840+0300] {example_kubernetes_executor.py:39} WARNING - The example_kubernetes_executor example DAG requires the kubernetes provider. Please install it with: pip install apache-airflow[cncf.kubernetes]
[2022-09-14T12:40:33.840+0300] {processor.py:652} WARNING - No viable dags retrieved from /home/alex/code/Hillel_Homework/airflow_project/lib/python3.10/site-packages/airflow/example_dags/example_kubernetes_executor.py
[2022-09-14T12:40:33.849+0300] {processor.py:161} INFO - Processing /home/alex/code/Hillel_Homework/airflow_project/lib/python3.10/site-packages/airflow/example_dags/example_kubernetes_executor.py took 0.039 seconds
[2022-09-14T12:41:12.627+0300] {processor.py:153} INFO - Started process (PID=18893) to work on /home/alex/code/Hillel_Homework/airflow_project/lib/python3.10/site-packages/airflow/example_dags/example_kubernetes_executor.py
[2022-09-14T12:41:12.632+0300] {processor.py:640} INFO - Processing file /home/alex/code/Hillel_Homework/airflow_project/lib/python3.10/site-packages/airflow/example_dags/example_kubernetes_executor.py for tasks to queue
[2022-09-14T12:41:12.634+0300] {logging_mixin.py:115} INFO - [2022-09-14T12:41:12.634+0300] {dagbag.py:508} INFO - Filling up the DagBag from /home/alex/code/Hillel_Homework/airflow_project/lib/python3.10/site-packages/airflow/example_dags/example_kubernetes_executor.py
[2022-09-14T12:41:12.661+0300] {logging_mixin.py:115} INFO - [2022-09-14T12:41:12.661+0300] {example_kubernetes_executor.py:39} WARNING - The example_kubernetes_executor example DAG requires the kubernetes provider. Please install it with: pip install apache-airflow[cncf.kubernetes]
[2022-09-14T12:41:12.661+0300] {processor.py:652} WARNING - No viable dags retrieved from /home/alex/code/Hillel_Homework/airflow_project/lib/python3.10/site-packages/airflow/example_dags/example_kubernetes_executor.py
[2022-09-14T12:41:12.671+0300] {processor.py:161} INFO - Processing /home/alex/code/Hillel_Homework/airflow_project/lib/python3.10/site-packages/airflow/example_dags/example_kubernetes_executor.py took 0.050 seconds
[2022-09-14T12:41:46.914+0300] {processor.py:153} INFO - Started process (PID=18984) to work on /home/alex/code/Hillel_Homework/airflow_project/lib/python3.10/site-packages/airflow/example_dags/example_kubernetes_executor.py
[2022-09-14T12:41:46.919+0300] {processor.py:640} INFO - Processing file /home/alex/code/Hillel_Homework/airflow_project/lib/python3.10/site-packages/airflow/example_dags/example_kubernetes_executor.py for tasks to queue
[2022-09-14T12:41:46.919+0300] {logging_mixin.py:115} INFO - [2022-09-14T12:41:46.919+0300] {dagbag.py:508} INFO - Filling up the DagBag from /home/alex/code/Hillel_Homework/airflow_project/lib/python3.10/site-packages/airflow/example_dags/example_kubernetes_executor.py
[2022-09-14T12:41:46.942+0300] {logging_mixin.py:115} INFO - [2022-09-14T12:41:46.942+0300] {example_kubernetes_executor.py:39} WARNING - The example_kubernetes_executor example DAG requires the kubernetes provider. Please install it with: pip install apache-airflow[cncf.kubernetes]
[2022-09-14T12:41:46.943+0300] {processor.py:652} WARNING - No viable dags retrieved from /home/alex/code/Hillel_Homework/airflow_project/lib/python3.10/site-packages/airflow/example_dags/example_kubernetes_executor.py
[2022-09-14T12:41:46.956+0300] {processor.py:161} INFO - Processing /home/alex/code/Hillel_Homework/airflow_project/lib/python3.10/site-packages/airflow/example_dags/example_kubernetes_executor.py took 0.046 seconds
[2022-09-14T12:42:23.161+0300] {processor.py:153} INFO - Started process (PID=19070) to work on /home/alex/code/Hillel_Homework/airflow_project/lib/python3.10/site-packages/airflow/example_dags/example_kubernetes_executor.py
[2022-09-14T12:42:23.162+0300] {processor.py:640} INFO - Processing file /home/alex/code/Hillel_Homework/airflow_project/lib/python3.10/site-packages/airflow/example_dags/example_kubernetes_executor.py for tasks to queue
[2022-09-14T12:42:23.164+0300] {logging_mixin.py:115} INFO - [2022-09-14T12:42:23.163+0300] {dagbag.py:508} INFO - Filling up the DagBag from /home/alex/code/Hillel_Homework/airflow_project/lib/python3.10/site-packages/airflow/example_dags/example_kubernetes_executor.py
[2022-09-14T12:42:23.181+0300] {logging_mixin.py:115} INFO - [2022-09-14T12:42:23.181+0300] {example_kubernetes_executor.py:39} WARNING - The example_kubernetes_executor example DAG requires the kubernetes provider. Please install it with: pip install apache-airflow[cncf.kubernetes]
[2022-09-14T12:42:23.181+0300] {processor.py:652} WARNING - No viable dags retrieved from /home/alex/code/Hillel_Homework/airflow_project/lib/python3.10/site-packages/airflow/example_dags/example_kubernetes_executor.py
[2022-09-14T12:42:23.191+0300] {processor.py:161} INFO - Processing /home/alex/code/Hillel_Homework/airflow_project/lib/python3.10/site-packages/airflow/example_dags/example_kubernetes_executor.py took 0.036 seconds
