[2022-09-14T12:40:54.013+0300] {processor.py:153} INFO - Started process (PID=18866) to work on /home/alex/code/Hillel_Homework/airflow_project/lib/python3.10/site-packages/airflow/example_dags/example_branch_operator_decorator.py
[2022-09-14T12:40:54.015+0300] {processor.py:640} INFO - Processing file /home/alex/code/Hillel_Homework/airflow_project/lib/python3.10/site-packages/airflow/example_dags/example_branch_operator_decorator.py for tasks to queue
[2022-09-14T12:40:54.017+0300] {logging_mixin.py:115} INFO - [2022-09-14T12:40:54.016+0300] {dagbag.py:508} INFO - Filling up the DagBag from /home/alex/code/Hillel_Homework/airflow_project/lib/python3.10/site-packages/airflow/example_dags/example_branch_operator_decorator.py
[2022-09-14T12:40:54.050+0300] {processor.py:650} INFO - DAG(s) dict_keys(['example_branch_python_operator_decorator']) retrieved from /home/alex/code/Hillel_Homework/airflow_project/lib/python3.10/site-packages/airflow/example_dags/example_branch_operator_decorator.py
[2022-09-14T12:40:54.133+0300] {logging_mixin.py:115} INFO - [2022-09-14T12:40:54.132+0300] {manager.py:508} INFO - Created Permission View: can edit on DAG:example_branch_python_operator_decorator
[2022-09-14T12:40:54.159+0300] {logging_mixin.py:115} INFO - [2022-09-14T12:40:54.159+0300] {manager.py:508} INFO - Created Permission View: can read on DAG:example_branch_python_operator_decorator
[2022-09-14T12:40:54.180+0300] {logging_mixin.py:115} INFO - [2022-09-14T12:40:54.179+0300] {manager.py:508} INFO - Created Permission View: can delete on DAG:example_branch_python_operator_decorator
[2022-09-14T12:40:54.180+0300] {logging_mixin.py:115} INFO - [2022-09-14T12:40:54.180+0300] {dag.py:2429} INFO - Sync 1 DAGs
[2022-09-14T12:40:54.189+0300] {logging_mixin.py:115} INFO - [2022-09-14T12:40:54.189+0300] {dag.py:2448} INFO - Creating ORM DAG for example_branch_python_operator_decorator
[2022-09-14T12:40:54.201+0300] {logging_mixin.py:115} INFO - [2022-09-14T12:40:54.201+0300] {dag.py:2977} INFO - Setting next_dagrun for example_branch_python_operator_decorator to 2022-09-13T00:00:00+00:00, run_after=2022-09-14T00:00:00+00:00
[2022-09-14T12:40:54.224+0300] {processor.py:161} INFO - Processing /home/alex/code/Hillel_Homework/airflow_project/lib/python3.10/site-packages/airflow/example_dags/example_branch_operator_decorator.py took 0.217 seconds
[2022-09-14T12:41:28.230+0300] {processor.py:153} INFO - Started process (PID=18920) to work on /home/alex/code/Hillel_Homework/airflow_project/lib/python3.10/site-packages/airflow/example_dags/example_branch_operator_decorator.py
[2022-09-14T12:41:28.234+0300] {processor.py:640} INFO - Processing file /home/alex/code/Hillel_Homework/airflow_project/lib/python3.10/site-packages/airflow/example_dags/example_branch_operator_decorator.py for tasks to queue
[2022-09-14T12:41:28.235+0300] {logging_mixin.py:115} INFO - [2022-09-14T12:41:28.235+0300] {dagbag.py:508} INFO - Filling up the DagBag from /home/alex/code/Hillel_Homework/airflow_project/lib/python3.10/site-packages/airflow/example_dags/example_branch_operator_decorator.py
[2022-09-14T12:41:28.265+0300] {processor.py:650} INFO - DAG(s) dict_keys(['example_branch_python_operator_decorator']) retrieved from /home/alex/code/Hillel_Homework/airflow_project/lib/python3.10/site-packages/airflow/example_dags/example_branch_operator_decorator.py
[2022-09-14T12:41:28.288+0300] {logging_mixin.py:115} INFO - [2022-09-14T12:41:28.287+0300] {dag.py:2429} INFO - Sync 1 DAGs
[2022-09-14T12:41:28.317+0300] {logging_mixin.py:115} INFO - [2022-09-14T12:41:28.317+0300] {dag.py:2977} INFO - Setting next_dagrun for example_branch_python_operator_decorator to 2022-09-13T00:00:00+00:00, run_after=2022-09-14T00:00:00+00:00
[2022-09-14T12:41:28.343+0300] {processor.py:161} INFO - Processing /home/alex/code/Hillel_Homework/airflow_project/lib/python3.10/site-packages/airflow/example_dags/example_branch_operator_decorator.py took 0.117 seconds
[2022-09-14T12:42:04.057+0300] {processor.py:153} INFO - Started process (PID=19040) to work on /home/alex/code/Hillel_Homework/airflow_project/lib/python3.10/site-packages/airflow/example_dags/example_branch_operator_decorator.py
[2022-09-14T12:42:04.061+0300] {processor.py:640} INFO - Processing file /home/alex/code/Hillel_Homework/airflow_project/lib/python3.10/site-packages/airflow/example_dags/example_branch_operator_decorator.py for tasks to queue
[2022-09-14T12:42:04.062+0300] {logging_mixin.py:115} INFO - [2022-09-14T12:42:04.062+0300] {dagbag.py:508} INFO - Filling up the DagBag from /home/alex/code/Hillel_Homework/airflow_project/lib/python3.10/site-packages/airflow/example_dags/example_branch_operator_decorator.py
[2022-09-14T12:42:04.084+0300] {processor.py:650} INFO - DAG(s) dict_keys(['example_branch_python_operator_decorator']) retrieved from /home/alex/code/Hillel_Homework/airflow_project/lib/python3.10/site-packages/airflow/example_dags/example_branch_operator_decorator.py
[2022-09-14T12:42:04.100+0300] {logging_mixin.py:115} INFO - [2022-09-14T12:42:04.100+0300] {dag.py:2429} INFO - Sync 1 DAGs
[2022-09-14T12:42:04.122+0300] {logging_mixin.py:115} INFO - [2022-09-14T12:42:04.122+0300] {dag.py:2977} INFO - Setting next_dagrun for example_branch_python_operator_decorator to 2022-09-13T00:00:00+00:00, run_after=2022-09-14T00:00:00+00:00
[2022-09-14T12:42:04.144+0300] {processor.py:161} INFO - Processing /home/alex/code/Hillel_Homework/airflow_project/lib/python3.10/site-packages/airflow/example_dags/example_branch_operator_decorator.py took 0.089 seconds
