[2022-09-14T12:40:25.900+0300] {processor.py:153} INFO - Started process (PID=18741) to work on /home/alex/code/Hillel_Homework/airflow_project/lib/python3.10/site-packages/airflow/example_dags/example_trigger_target_dag.py
[2022-09-14T12:40:25.901+0300] {processor.py:640} INFO - Processing file /home/alex/code/Hillel_Homework/airflow_project/lib/python3.10/site-packages/airflow/example_dags/example_trigger_target_dag.py for tasks to queue
[2022-09-14T12:40:25.902+0300] {logging_mixin.py:115} INFO - [2022-09-14T12:40:25.901+0300] {dagbag.py:508} INFO - Filling up the DagBag from /home/alex/code/Hillel_Homework/airflow_project/lib/python3.10/site-packages/airflow/example_dags/example_trigger_target_dag.py
[2022-09-14T12:40:25.920+0300] {processor.py:650} INFO - DAG(s) dict_keys(['example_trigger_target_dag']) retrieved from /home/alex/code/Hillel_Homework/airflow_project/lib/python3.10/site-packages/airflow/example_dags/example_trigger_target_dag.py
[2022-09-14T12:40:26.024+0300] {logging_mixin.py:115} INFO - [2022-09-14T12:40:26.024+0300] {manager.py:508} INFO - Created Permission View: can edit on DAG:example_trigger_target_dag
[2022-09-14T12:40:26.054+0300] {logging_mixin.py:115} INFO - [2022-09-14T12:40:26.053+0300] {manager.py:508} INFO - Created Permission View: can read on DAG:example_trigger_target_dag
[2022-09-14T12:40:26.075+0300] {logging_mixin.py:115} INFO - [2022-09-14T12:40:26.075+0300] {manager.py:508} INFO - Created Permission View: can delete on DAG:example_trigger_target_dag
[2022-09-14T12:40:26.076+0300] {logging_mixin.py:115} INFO - [2022-09-14T12:40:26.076+0300] {dag.py:2429} INFO - Sync 1 DAGs
[2022-09-14T12:40:26.085+0300] {logging_mixin.py:115} INFO - [2022-09-14T12:40:26.084+0300] {dag.py:2448} INFO - Creating ORM DAG for example_trigger_target_dag
[2022-09-14T12:40:26.095+0300] {logging_mixin.py:115} INFO - [2022-09-14T12:40:26.095+0300] {dag.py:2977} INFO - Setting next_dagrun for example_trigger_target_dag to None, run_after=None
[2022-09-14T12:40:26.116+0300] {processor.py:161} INFO - Processing /home/alex/code/Hillel_Homework/airflow_project/lib/python3.10/site-packages/airflow/example_dags/example_trigger_target_dag.py took 0.219 seconds
[2022-09-14T12:41:05.055+0300] {processor.py:153} INFO - Started process (PID=18886) to work on /home/alex/code/Hillel_Homework/airflow_project/lib/python3.10/site-packages/airflow/example_dags/example_trigger_target_dag.py
[2022-09-14T12:41:05.059+0300] {processor.py:640} INFO - Processing file /home/alex/code/Hillel_Homework/airflow_project/lib/python3.10/site-packages/airflow/example_dags/example_trigger_target_dag.py for tasks to queue
[2022-09-14T12:41:05.059+0300] {logging_mixin.py:115} INFO - [2022-09-14T12:41:05.059+0300] {dagbag.py:508} INFO - Filling up the DagBag from /home/alex/code/Hillel_Homework/airflow_project/lib/python3.10/site-packages/airflow/example_dags/example_trigger_target_dag.py
[2022-09-14T12:41:05.076+0300] {processor.py:650} INFO - DAG(s) dict_keys(['example_trigger_target_dag']) retrieved from /home/alex/code/Hillel_Homework/airflow_project/lib/python3.10/site-packages/airflow/example_dags/example_trigger_target_dag.py
[2022-09-14T12:41:05.093+0300] {logging_mixin.py:115} INFO - [2022-09-14T12:41:05.093+0300] {dag.py:2429} INFO - Sync 1 DAGs
[2022-09-14T12:41:05.112+0300] {logging_mixin.py:115} INFO - [2022-09-14T12:41:05.112+0300] {dag.py:2977} INFO - Setting next_dagrun for example_trigger_target_dag to None, run_after=None
[2022-09-14T12:41:05.133+0300] {processor.py:161} INFO - Processing /home/alex/code/Hillel_Homework/airflow_project/lib/python3.10/site-packages/airflow/example_dags/example_trigger_target_dag.py took 0.080 seconds
[2022-09-14T12:41:40.054+0300] {processor.py:153} INFO - Started process (PID=18966) to work on /home/alex/code/Hillel_Homework/airflow_project/lib/python3.10/site-packages/airflow/example_dags/example_trigger_target_dag.py
[2022-09-14T12:41:40.059+0300] {processor.py:640} INFO - Processing file /home/alex/code/Hillel_Homework/airflow_project/lib/python3.10/site-packages/airflow/example_dags/example_trigger_target_dag.py for tasks to queue
[2022-09-14T12:41:40.062+0300] {logging_mixin.py:115} INFO - [2022-09-14T12:41:40.061+0300] {dagbag.py:508} INFO - Filling up the DagBag from /home/alex/code/Hillel_Homework/airflow_project/lib/python3.10/site-packages/airflow/example_dags/example_trigger_target_dag.py
[2022-09-14T12:41:40.084+0300] {processor.py:650} INFO - DAG(s) dict_keys(['example_trigger_target_dag']) retrieved from /home/alex/code/Hillel_Homework/airflow_project/lib/python3.10/site-packages/airflow/example_dags/example_trigger_target_dag.py
[2022-09-14T12:41:40.098+0300] {logging_mixin.py:115} INFO - [2022-09-14T12:41:40.098+0300] {dag.py:2429} INFO - Sync 1 DAGs
[2022-09-14T12:41:40.117+0300] {logging_mixin.py:115} INFO - [2022-09-14T12:41:40.117+0300] {dag.py:2977} INFO - Setting next_dagrun for example_trigger_target_dag to None, run_after=None
[2022-09-14T12:41:40.140+0300] {processor.py:161} INFO - Processing /home/alex/code/Hillel_Homework/airflow_project/lib/python3.10/site-packages/airflow/example_dags/example_trigger_target_dag.py took 0.092 seconds
[2022-09-14T12:42:15.546+0300] {processor.py:153} INFO - Started process (PID=19061) to work on /home/alex/code/Hillel_Homework/airflow_project/lib/python3.10/site-packages/airflow/example_dags/example_trigger_target_dag.py
[2022-09-14T12:42:15.550+0300] {processor.py:640} INFO - Processing file /home/alex/code/Hillel_Homework/airflow_project/lib/python3.10/site-packages/airflow/example_dags/example_trigger_target_dag.py for tasks to queue
[2022-09-14T12:42:15.552+0300] {logging_mixin.py:115} INFO - [2022-09-14T12:42:15.551+0300] {dagbag.py:508} INFO - Filling up the DagBag from /home/alex/code/Hillel_Homework/airflow_project/lib/python3.10/site-packages/airflow/example_dags/example_trigger_target_dag.py
[2022-09-14T12:42:15.587+0300] {processor.py:650} INFO - DAG(s) dict_keys(['example_trigger_target_dag']) retrieved from /home/alex/code/Hillel_Homework/airflow_project/lib/python3.10/site-packages/airflow/example_dags/example_trigger_target_dag.py
[2022-09-14T12:42:15.613+0300] {logging_mixin.py:115} INFO - [2022-09-14T12:42:15.613+0300] {dag.py:2429} INFO - Sync 1 DAGs
[2022-09-14T12:42:15.644+0300] {logging_mixin.py:115} INFO - [2022-09-14T12:42:15.644+0300] {dag.py:2977} INFO - Setting next_dagrun for example_trigger_target_dag to None, run_after=None
[2022-09-14T12:42:15.678+0300] {processor.py:161} INFO - Processing /home/alex/code/Hillel_Homework/airflow_project/lib/python3.10/site-packages/airflow/example_dags/example_trigger_target_dag.py took 0.136 seconds
