[2022-09-14T12:40:50.094+0300] {processor.py:153} INFO - Started process (PID=18855) to work on /home/alex/code/Hillel_Homework/airflow_project/lib/python3.10/site-packages/airflow/example_dags/example_bash_operator.py
[2022-09-14T12:40:50.096+0300] {processor.py:640} INFO - Processing file /home/alex/code/Hillel_Homework/airflow_project/lib/python3.10/site-packages/airflow/example_dags/example_bash_operator.py for tasks to queue
[2022-09-14T12:40:50.098+0300] {logging_mixin.py:115} INFO - [2022-09-14T12:40:50.097+0300] {dagbag.py:508} INFO - Filling up the DagBag from /home/alex/code/Hillel_Homework/airflow_project/lib/python3.10/site-packages/airflow/example_dags/example_bash_operator.py
[2022-09-14T12:40:50.118+0300] {processor.py:650} INFO - DAG(s) dict_keys(['example_bash_operator']) retrieved from /home/alex/code/Hillel_Homework/airflow_project/lib/python3.10/site-packages/airflow/example_dags/example_bash_operator.py
[2022-09-14T12:40:50.209+0300] {logging_mixin.py:115} INFO - [2022-09-14T12:40:50.209+0300] {manager.py:508} INFO - Created Permission View: can edit on DAG:example_bash_operator
[2022-09-14T12:40:50.225+0300] {logging_mixin.py:115} INFO - [2022-09-14T12:40:50.224+0300] {manager.py:508} INFO - Created Permission View: can read on DAG:example_bash_operator
[2022-09-14T12:40:50.238+0300] {logging_mixin.py:115} INFO - [2022-09-14T12:40:50.238+0300] {manager.py:508} INFO - Created Permission View: can delete on DAG:example_bash_operator
[2022-09-14T12:40:50.239+0300] {logging_mixin.py:115} INFO - [2022-09-14T12:40:50.239+0300] {dag.py:2429} INFO - Sync 1 DAGs
[2022-09-14T12:40:50.256+0300] {logging_mixin.py:115} INFO - [2022-09-14T12:40:50.256+0300] {dag.py:2448} INFO - Creating ORM DAG for example_bash_operator
[2022-09-14T12:40:50.277+0300] {logging_mixin.py:115} INFO - [2022-09-14T12:40:50.277+0300] {dag.py:2977} INFO - Setting next_dagrun for example_bash_operator to 2022-09-13T00:00:00+00:00, run_after=2022-09-14T00:00:00+00:00
[2022-09-14T12:40:50.301+0300] {processor.py:161} INFO - Processing /home/alex/code/Hillel_Homework/airflow_project/lib/python3.10/site-packages/airflow/example_dags/example_bash_operator.py took 0.213 seconds
[2022-09-14T12:41:25.350+0300] {processor.py:153} INFO - Started process (PID=18911) to work on /home/alex/code/Hillel_Homework/airflow_project/lib/python3.10/site-packages/airflow/example_dags/example_bash_operator.py
[2022-09-14T12:41:25.354+0300] {processor.py:640} INFO - Processing file /home/alex/code/Hillel_Homework/airflow_project/lib/python3.10/site-packages/airflow/example_dags/example_bash_operator.py for tasks to queue
[2022-09-14T12:41:25.355+0300] {logging_mixin.py:115} INFO - [2022-09-14T12:41:25.354+0300] {dagbag.py:508} INFO - Filling up the DagBag from /home/alex/code/Hillel_Homework/airflow_project/lib/python3.10/site-packages/airflow/example_dags/example_bash_operator.py
[2022-09-14T12:41:25.367+0300] {processor.py:650} INFO - DAG(s) dict_keys(['example_bash_operator']) retrieved from /home/alex/code/Hillel_Homework/airflow_project/lib/python3.10/site-packages/airflow/example_dags/example_bash_operator.py
[2022-09-14T12:41:25.393+0300] {logging_mixin.py:115} INFO - [2022-09-14T12:41:25.393+0300] {dag.py:2429} INFO - Sync 1 DAGs
[2022-09-14T12:41:25.414+0300] {logging_mixin.py:115} INFO - [2022-09-14T12:41:25.414+0300] {dag.py:2977} INFO - Setting next_dagrun for example_bash_operator to 2022-09-13T00:00:00+00:00, run_after=2022-09-14T00:00:00+00:00
[2022-09-14T12:41:25.438+0300] {processor.py:161} INFO - Processing /home/alex/code/Hillel_Homework/airflow_project/lib/python3.10/site-packages/airflow/example_dags/example_bash_operator.py took 0.091 seconds
[2022-09-14T12:42:00.497+0300] {processor.py:153} INFO - Started process (PID=19036) to work on /home/alex/code/Hillel_Homework/airflow_project/lib/python3.10/site-packages/airflow/example_dags/example_bash_operator.py
[2022-09-14T12:42:00.502+0300] {processor.py:640} INFO - Processing file /home/alex/code/Hillel_Homework/airflow_project/lib/python3.10/site-packages/airflow/example_dags/example_bash_operator.py for tasks to queue
[2022-09-14T12:42:00.502+0300] {logging_mixin.py:115} INFO - [2022-09-14T12:42:00.502+0300] {dagbag.py:508} INFO - Filling up the DagBag from /home/alex/code/Hillel_Homework/airflow_project/lib/python3.10/site-packages/airflow/example_dags/example_bash_operator.py
[2022-09-14T12:42:00.515+0300] {processor.py:650} INFO - DAG(s) dict_keys(['example_bash_operator']) retrieved from /home/alex/code/Hillel_Homework/airflow_project/lib/python3.10/site-packages/airflow/example_dags/example_bash_operator.py
[2022-09-14T12:42:00.540+0300] {logging_mixin.py:115} INFO - [2022-09-14T12:42:00.539+0300] {dag.py:2429} INFO - Sync 1 DAGs
[2022-09-14T12:42:00.560+0300] {logging_mixin.py:115} INFO - [2022-09-14T12:42:00.560+0300] {dag.py:2977} INFO - Setting next_dagrun for example_bash_operator to 2022-09-13T00:00:00+00:00, run_after=2022-09-14T00:00:00+00:00
[2022-09-14T12:42:00.585+0300] {processor.py:161} INFO - Processing /home/alex/code/Hillel_Homework/airflow_project/lib/python3.10/site-packages/airflow/example_dags/example_bash_operator.py took 0.092 seconds
