[2022-09-14T12:40:32.658+0300] {processor.py:153} INFO - Started process (PID=18767) to work on /home/alex/code/Hillel_Homework/airflow_project/lib/python3.10/site-packages/airflow/example_dags/example_local_kubernetes_executor.py
[2022-09-14T12:40:32.660+0300] {processor.py:640} INFO - Processing file /home/alex/code/Hillel_Homework/airflow_project/lib/python3.10/site-packages/airflow/example_dags/example_local_kubernetes_executor.py for tasks to queue
[2022-09-14T12:40:32.661+0300] {logging_mixin.py:115} INFO - [2022-09-14T12:40:32.661+0300] {dagbag.py:508} INFO - Filling up the DagBag from /home/alex/code/Hillel_Homework/airflow_project/lib/python3.10/site-packages/airflow/example_dags/example_local_kubernetes_executor.py
[2022-09-14T12:40:32.687+0300] {logging_mixin.py:115} INFO - [2022-09-14T12:40:32.686+0300] {example_local_kubernetes_executor.py:37} WARNING - Could not import DAGs in example_local_kubernetes_executor.py
Traceback (most recent call last):
  File "/home/alex/code/Hillel_Homework/airflow_project/lib/python3.10/site-packages/airflow/example_dags/example_local_kubernetes_executor.py", line 35, in <module>
    from kubernetes.client import models as k8s
ModuleNotFoundError: No module named 'kubernetes'
[2022-09-14T12:40:32.687+0300] {logging_mixin.py:115} INFO - [2022-09-14T12:40:32.687+0300] {example_local_kubernetes_executor.py:38} WARNING - Install Kubernetes dependencies with: pip install apache-airflow[cncf.kubernetes]
[2022-09-14T12:40:32.687+0300] {processor.py:652} WARNING - No viable dags retrieved from /home/alex/code/Hillel_Homework/airflow_project/lib/python3.10/site-packages/airflow/example_dags/example_local_kubernetes_executor.py
[2022-09-14T12:40:32.696+0300] {processor.py:161} INFO - Processing /home/alex/code/Hillel_Homework/airflow_project/lib/python3.10/site-packages/airflow/example_dags/example_local_kubernetes_executor.py took 0.044 seconds
[2022-09-14T12:41:12.185+0300] {processor.py:153} INFO - Started process (PID=18892) to work on /home/alex/code/Hillel_Homework/airflow_project/lib/python3.10/site-packages/airflow/example_dags/example_local_kubernetes_executor.py
[2022-09-14T12:41:12.333+0300] {processor.py:640} INFO - Processing file /home/alex/code/Hillel_Homework/airflow_project/lib/python3.10/site-packages/airflow/example_dags/example_local_kubernetes_executor.py for tasks to queue
[2022-09-14T12:41:12.335+0300] {logging_mixin.py:115} INFO - [2022-09-14T12:41:12.335+0300] {dagbag.py:508} INFO - Filling up the DagBag from /home/alex/code/Hillel_Homework/airflow_project/lib/python3.10/site-packages/airflow/example_dags/example_local_kubernetes_executor.py
[2022-09-14T12:41:12.368+0300] {logging_mixin.py:115} INFO - [2022-09-14T12:41:12.367+0300] {example_local_kubernetes_executor.py:37} WARNING - Could not import DAGs in example_local_kubernetes_executor.py
Traceback (most recent call last):
  File "/home/alex/code/Hillel_Homework/airflow_project/lib/python3.10/site-packages/airflow/example_dags/example_local_kubernetes_executor.py", line 35, in <module>
    from kubernetes.client import models as k8s
ModuleNotFoundError: No module named 'kubernetes'
[2022-09-14T12:41:12.369+0300] {logging_mixin.py:115} INFO - [2022-09-14T12:41:12.369+0300] {example_local_kubernetes_executor.py:38} WARNING - Install Kubernetes dependencies with: pip install apache-airflow[cncf.kubernetes]
[2022-09-14T12:41:12.369+0300] {processor.py:652} WARNING - No viable dags retrieved from /home/alex/code/Hillel_Homework/airflow_project/lib/python3.10/site-packages/airflow/example_dags/example_local_kubernetes_executor.py
[2022-09-14T12:41:12.380+0300] {processor.py:161} INFO - Processing /home/alex/code/Hillel_Homework/airflow_project/lib/python3.10/site-packages/airflow/example_dags/example_local_kubernetes_executor.py took 0.201 seconds
[2022-09-14T12:41:45.759+0300] {processor.py:153} INFO - Started process (PID=18982) to work on /home/alex/code/Hillel_Homework/airflow_project/lib/python3.10/site-packages/airflow/example_dags/example_local_kubernetes_executor.py
[2022-09-14T12:41:45.763+0300] {processor.py:640} INFO - Processing file /home/alex/code/Hillel_Homework/airflow_project/lib/python3.10/site-packages/airflow/example_dags/example_local_kubernetes_executor.py for tasks to queue
[2022-09-14T12:41:45.764+0300] {logging_mixin.py:115} INFO - [2022-09-14T12:41:45.764+0300] {dagbag.py:508} INFO - Filling up the DagBag from /home/alex/code/Hillel_Homework/airflow_project/lib/python3.10/site-packages/airflow/example_dags/example_local_kubernetes_executor.py
[2022-09-14T12:41:45.786+0300] {logging_mixin.py:115} INFO - [2022-09-14T12:41:45.785+0300] {example_local_kubernetes_executor.py:37} WARNING - Could not import DAGs in example_local_kubernetes_executor.py
Traceback (most recent call last):
  File "/home/alex/code/Hillel_Homework/airflow_project/lib/python3.10/site-packages/airflow/example_dags/example_local_kubernetes_executor.py", line 35, in <module>
    from kubernetes.client import models as k8s
ModuleNotFoundError: No module named 'kubernetes'
[2022-09-14T12:41:45.786+0300] {logging_mixin.py:115} INFO - [2022-09-14T12:41:45.786+0300] {example_local_kubernetes_executor.py:38} WARNING - Install Kubernetes dependencies with: pip install apache-airflow[cncf.kubernetes]
[2022-09-14T12:41:45.787+0300] {processor.py:652} WARNING - No viable dags retrieved from /home/alex/code/Hillel_Homework/airflow_project/lib/python3.10/site-packages/airflow/example_dags/example_local_kubernetes_executor.py
[2022-09-14T12:41:45.798+0300] {processor.py:161} INFO - Processing /home/alex/code/Hillel_Homework/airflow_project/lib/python3.10/site-packages/airflow/example_dags/example_local_kubernetes_executor.py took 0.041 seconds
[2022-09-14T12:42:21.996+0300] {processor.py:153} INFO - Started process (PID=19069) to work on /home/alex/code/Hillel_Homework/airflow_project/lib/python3.10/site-packages/airflow/example_dags/example_local_kubernetes_executor.py
[2022-09-14T12:42:22.001+0300] {processor.py:640} INFO - Processing file /home/alex/code/Hillel_Homework/airflow_project/lib/python3.10/site-packages/airflow/example_dags/example_local_kubernetes_executor.py for tasks to queue
[2022-09-14T12:42:22.004+0300] {logging_mixin.py:115} INFO - [2022-09-14T12:42:22.003+0300] {dagbag.py:508} INFO - Filling up the DagBag from /home/alex/code/Hillel_Homework/airflow_project/lib/python3.10/site-packages/airflow/example_dags/example_local_kubernetes_executor.py
[2022-09-14T12:42:22.025+0300] {logging_mixin.py:115} INFO - [2022-09-14T12:42:22.024+0300] {example_local_kubernetes_executor.py:37} WARNING - Could not import DAGs in example_local_kubernetes_executor.py
Traceback (most recent call last):
  File "/home/alex/code/Hillel_Homework/airflow_project/lib/python3.10/site-packages/airflow/example_dags/example_local_kubernetes_executor.py", line 35, in <module>
    from kubernetes.client import models as k8s
ModuleNotFoundError: No module named 'kubernetes'
[2022-09-14T12:42:22.026+0300] {logging_mixin.py:115} INFO - [2022-09-14T12:42:22.025+0300] {example_local_kubernetes_executor.py:38} WARNING - Install Kubernetes dependencies with: pip install apache-airflow[cncf.kubernetes]
[2022-09-14T12:42:22.026+0300] {processor.py:652} WARNING - No viable dags retrieved from /home/alex/code/Hillel_Homework/airflow_project/lib/python3.10/site-packages/airflow/example_dags/example_local_kubernetes_executor.py
[2022-09-14T12:42:22.035+0300] {processor.py:161} INFO - Processing /home/alex/code/Hillel_Homework/airflow_project/lib/python3.10/site-packages/airflow/example_dags/example_local_kubernetes_executor.py took 0.047 seconds
