[2022-09-14T12:40:42.008+0300] {processor.py:153} INFO - Started process (PID=18801) to work on /home/alex/code/Hillel_Homework/airflow_project/lib/python3.10/site-packages/airflow/example_dags/example_branch_python_dop_operator_3.py
[2022-09-14T12:40:42.011+0300] {processor.py:640} INFO - Processing file /home/alex/code/Hillel_Homework/airflow_project/lib/python3.10/site-packages/airflow/example_dags/example_branch_python_dop_operator_3.py for tasks to queue
[2022-09-14T12:40:42.013+0300] {logging_mixin.py:115} INFO - [2022-09-14T12:40:42.012+0300] {dagbag.py:508} INFO - Filling up the DagBag from /home/alex/code/Hillel_Homework/airflow_project/lib/python3.10/site-packages/airflow/example_dags/example_branch_python_dop_operator_3.py
[2022-09-14T12:40:42.053+0300] {processor.py:650} INFO - DAG(s) dict_keys(['example_branch_dop_operator_v3']) retrieved from /home/alex/code/Hillel_Homework/airflow_project/lib/python3.10/site-packages/airflow/example_dags/example_branch_python_dop_operator_3.py
[2022-09-14T12:40:42.168+0300] {logging_mixin.py:115} INFO - [2022-09-14T12:40:42.167+0300] {manager.py:508} INFO - Created Permission View: can edit on DAG:example_branch_dop_operator_v3
[2022-09-14T12:40:42.197+0300] {logging_mixin.py:115} INFO - [2022-09-14T12:40:42.197+0300] {manager.py:508} INFO - Created Permission View: can read on DAG:example_branch_dop_operator_v3
[2022-09-14T12:40:42.216+0300] {logging_mixin.py:115} INFO - [2022-09-14T12:40:42.215+0300] {manager.py:508} INFO - Created Permission View: can delete on DAG:example_branch_dop_operator_v3
[2022-09-14T12:40:42.216+0300] {logging_mixin.py:115} INFO - [2022-09-14T12:40:42.216+0300] {dag.py:2429} INFO - Sync 1 DAGs
[2022-09-14T12:40:42.230+0300] {logging_mixin.py:115} INFO - [2022-09-14T12:40:42.230+0300] {dag.py:2448} INFO - Creating ORM DAG for example_branch_dop_operator_v3
[2022-09-14T12:40:42.253+0300] {logging_mixin.py:115} INFO - [2022-09-14T12:40:42.253+0300] {dag.py:2977} INFO - Setting next_dagrun for example_branch_dop_operator_v3 to 2022-09-14T09:39:00+00:00, run_after=2022-09-14T09:40:00+00:00
[2022-09-14T12:40:42.281+0300] {processor.py:161} INFO - Processing /home/alex/code/Hillel_Homework/airflow_project/lib/python3.10/site-packages/airflow/example_dags/example_branch_python_dop_operator_3.py took 0.280 seconds
[2022-09-14T12:41:18.969+0300] {processor.py:153} INFO - Started process (PID=18901) to work on /home/alex/code/Hillel_Homework/airflow_project/lib/python3.10/site-packages/airflow/example_dags/example_branch_python_dop_operator_3.py
[2022-09-14T12:41:18.975+0300] {processor.py:640} INFO - Processing file /home/alex/code/Hillel_Homework/airflow_project/lib/python3.10/site-packages/airflow/example_dags/example_branch_python_dop_operator_3.py for tasks to queue
[2022-09-14T12:41:18.976+0300] {logging_mixin.py:115} INFO - [2022-09-14T12:41:18.976+0300] {dagbag.py:508} INFO - Filling up the DagBag from /home/alex/code/Hillel_Homework/airflow_project/lib/python3.10/site-packages/airflow/example_dags/example_branch_python_dop_operator_3.py
[2022-09-14T12:41:18.999+0300] {processor.py:650} INFO - DAG(s) dict_keys(['example_branch_dop_operator_v3']) retrieved from /home/alex/code/Hillel_Homework/airflow_project/lib/python3.10/site-packages/airflow/example_dags/example_branch_python_dop_operator_3.py
[2022-09-14T12:41:19.030+0300] {logging_mixin.py:115} INFO - [2022-09-14T12:41:19.030+0300] {dag.py:2429} INFO - Sync 1 DAGs
[2022-09-14T12:41:19.090+0300] {logging_mixin.py:115} INFO - [2022-09-14T12:41:19.089+0300] {dag.py:2977} INFO - Setting next_dagrun for example_branch_dop_operator_v3 to 2022-09-14T09:40:00+00:00, run_after=2022-09-14T09:41:00+00:00
[2022-09-14T12:41:19.132+0300] {processor.py:161} INFO - Processing /home/alex/code/Hillel_Homework/airflow_project/lib/python3.10/site-packages/airflow/example_dags/example_branch_python_dop_operator_3.py took 0.168 seconds
[2022-09-14T12:41:54.609+0300] {processor.py:153} INFO - Started process (PID=19029) to work on /home/alex/code/Hillel_Homework/airflow_project/lib/python3.10/site-packages/airflow/example_dags/example_branch_python_dop_operator_3.py
[2022-09-14T12:41:54.611+0300] {processor.py:640} INFO - Processing file /home/alex/code/Hillel_Homework/airflow_project/lib/python3.10/site-packages/airflow/example_dags/example_branch_python_dop_operator_3.py for tasks to queue
[2022-09-14T12:41:54.612+0300] {logging_mixin.py:115} INFO - [2022-09-14T12:41:54.612+0300] {dagbag.py:508} INFO - Filling up the DagBag from /home/alex/code/Hillel_Homework/airflow_project/lib/python3.10/site-packages/airflow/example_dags/example_branch_python_dop_operator_3.py
[2022-09-14T12:41:54.628+0300] {processor.py:650} INFO - DAG(s) dict_keys(['example_branch_dop_operator_v3']) retrieved from /home/alex/code/Hillel_Homework/airflow_project/lib/python3.10/site-packages/airflow/example_dags/example_branch_python_dop_operator_3.py
[2022-09-14T12:41:54.650+0300] {logging_mixin.py:115} INFO - [2022-09-14T12:41:54.650+0300] {dag.py:2429} INFO - Sync 1 DAGs
[2022-09-14T12:41:54.683+0300] {logging_mixin.py:115} INFO - [2022-09-14T12:41:54.683+0300] {dag.py:2977} INFO - Setting next_dagrun for example_branch_dop_operator_v3 to 2022-09-14T09:40:00+00:00, run_after=2022-09-14T09:41:00+00:00
[2022-09-14T12:41:54.707+0300] {processor.py:161} INFO - Processing /home/alex/code/Hillel_Homework/airflow_project/lib/python3.10/site-packages/airflow/example_dags/example_branch_python_dop_operator_3.py took 0.102 seconds
