[2022-09-14T12:40:31.298+0300] {processor.py:153} INFO - Started process (PID=18761) to work on /home/alex/code/Hillel_Homework/airflow_project/lib/python3.10/site-packages/airflow/example_dags/example_latest_only_with_trigger.py
[2022-09-14T12:40:31.299+0300] {processor.py:640} INFO - Processing file /home/alex/code/Hillel_Homework/airflow_project/lib/python3.10/site-packages/airflow/example_dags/example_latest_only_with_trigger.py for tasks to queue
[2022-09-14T12:40:31.300+0300] {logging_mixin.py:115} INFO - [2022-09-14T12:40:31.300+0300] {dagbag.py:508} INFO - Filling up the DagBag from /home/alex/code/Hillel_Homework/airflow_project/lib/python3.10/site-packages/airflow/example_dags/example_latest_only_with_trigger.py
[2022-09-14T12:40:31.331+0300] {processor.py:650} INFO - DAG(s) dict_keys(['latest_only_with_trigger']) retrieved from /home/alex/code/Hillel_Homework/airflow_project/lib/python3.10/site-packages/airflow/example_dags/example_latest_only_with_trigger.py
[2022-09-14T12:40:31.423+0300] {logging_mixin.py:115} INFO - [2022-09-14T12:40:31.423+0300] {manager.py:508} INFO - Created Permission View: can edit on DAG:latest_only_with_trigger
[2022-09-14T12:40:31.439+0300] {logging_mixin.py:115} INFO - [2022-09-14T12:40:31.439+0300] {manager.py:508} INFO - Created Permission View: can read on DAG:latest_only_with_trigger
[2022-09-14T12:40:31.452+0300] {logging_mixin.py:115} INFO - [2022-09-14T12:40:31.452+0300] {manager.py:508} INFO - Created Permission View: can delete on DAG:latest_only_with_trigger
[2022-09-14T12:40:31.452+0300] {logging_mixin.py:115} INFO - [2022-09-14T12:40:31.452+0300] {dag.py:2429} INFO - Sync 1 DAGs
[2022-09-14T12:40:31.464+0300] {logging_mixin.py:115} INFO - [2022-09-14T12:40:31.463+0300] {dag.py:2448} INFO - Creating ORM DAG for latest_only_with_trigger
[2022-09-14T12:40:31.478+0300] {logging_mixin.py:115} INFO - [2022-09-14T12:40:31.478+0300] {dag.py:2977} INFO - Setting next_dagrun for latest_only_with_trigger to 2022-09-14T05:40:31.477917+00:00, run_after=2022-09-14T09:40:31.477917+00:00
[2022-09-14T12:40:31.502+0300] {processor.py:161} INFO - Processing /home/alex/code/Hillel_Homework/airflow_project/lib/python3.10/site-packages/airflow/example_dags/example_latest_only_with_trigger.py took 0.207 seconds
[2022-09-14T12:41:11.040+0300] {processor.py:153} INFO - Started process (PID=18891) to work on /home/alex/code/Hillel_Homework/airflow_project/lib/python3.10/site-packages/airflow/example_dags/example_latest_only_with_trigger.py
[2022-09-14T12:41:11.045+0300] {processor.py:640} INFO - Processing file /home/alex/code/Hillel_Homework/airflow_project/lib/python3.10/site-packages/airflow/example_dags/example_latest_only_with_trigger.py for tasks to queue
[2022-09-14T12:41:11.047+0300] {logging_mixin.py:115} INFO - [2022-09-14T12:41:11.047+0300] {dagbag.py:508} INFO - Filling up the DagBag from /home/alex/code/Hillel_Homework/airflow_project/lib/python3.10/site-packages/airflow/example_dags/example_latest_only_with_trigger.py
[2022-09-14T12:41:11.061+0300] {processor.py:650} INFO - DAG(s) dict_keys(['latest_only_with_trigger']) retrieved from /home/alex/code/Hillel_Homework/airflow_project/lib/python3.10/site-packages/airflow/example_dags/example_latest_only_with_trigger.py
[2022-09-14T12:41:11.082+0300] {logging_mixin.py:115} INFO - [2022-09-14T12:41:11.082+0300] {dag.py:2429} INFO - Sync 1 DAGs
[2022-09-14T12:41:11.102+0300] {logging_mixin.py:115} INFO - [2022-09-14T12:41:11.102+0300] {dag.py:2977} INFO - Setting next_dagrun for latest_only_with_trigger to 2022-09-14T05:41:11.101811+00:00, run_after=2022-09-14T09:41:11.101811+00:00
[2022-09-14T12:41:11.125+0300] {processor.py:161} INFO - Processing /home/alex/code/Hillel_Homework/airflow_project/lib/python3.10/site-packages/airflow/example_dags/example_latest_only_with_trigger.py took 0.093 seconds
[2022-09-14T12:41:45.302+0300] {processor.py:153} INFO - Started process (PID=18981) to work on /home/alex/code/Hillel_Homework/airflow_project/lib/python3.10/site-packages/airflow/example_dags/example_latest_only_with_trigger.py
[2022-09-14T12:41:45.306+0300] {processor.py:640} INFO - Processing file /home/alex/code/Hillel_Homework/airflow_project/lib/python3.10/site-packages/airflow/example_dags/example_latest_only_with_trigger.py for tasks to queue
[2022-09-14T12:41:45.307+0300] {logging_mixin.py:115} INFO - [2022-09-14T12:41:45.307+0300] {dagbag.py:508} INFO - Filling up the DagBag from /home/alex/code/Hillel_Homework/airflow_project/lib/python3.10/site-packages/airflow/example_dags/example_latest_only_with_trigger.py
[2022-09-14T12:41:45.313+0300] {processor.py:650} INFO - DAG(s) dict_keys(['latest_only_with_trigger']) retrieved from /home/alex/code/Hillel_Homework/airflow_project/lib/python3.10/site-packages/airflow/example_dags/example_latest_only_with_trigger.py
[2022-09-14T12:41:45.333+0300] {logging_mixin.py:115} INFO - [2022-09-14T12:41:45.333+0300] {dag.py:2429} INFO - Sync 1 DAGs
[2022-09-14T12:41:45.364+0300] {logging_mixin.py:115} INFO - [2022-09-14T12:41:45.364+0300] {dag.py:2977} INFO - Setting next_dagrun for latest_only_with_trigger to 2022-09-14T05:41:45.363885+00:00, run_after=2022-09-14T09:41:45.363885+00:00
[2022-09-14T12:41:45.390+0300] {processor.py:161} INFO - Processing /home/alex/code/Hillel_Homework/airflow_project/lib/python3.10/site-packages/airflow/example_dags/example_latest_only_with_trigger.py took 0.090 seconds
[2022-09-14T12:42:20.806+0300] {processor.py:153} INFO - Started process (PID=19068) to work on /home/alex/code/Hillel_Homework/airflow_project/lib/python3.10/site-packages/airflow/example_dags/example_latest_only_with_trigger.py
[2022-09-14T12:42:20.810+0300] {processor.py:640} INFO - Processing file /home/alex/code/Hillel_Homework/airflow_project/lib/python3.10/site-packages/airflow/example_dags/example_latest_only_with_trigger.py for tasks to queue
[2022-09-14T12:42:20.811+0300] {logging_mixin.py:115} INFO - [2022-09-14T12:42:20.811+0300] {dagbag.py:508} INFO - Filling up the DagBag from /home/alex/code/Hillel_Homework/airflow_project/lib/python3.10/site-packages/airflow/example_dags/example_latest_only_with_trigger.py
[2022-09-14T12:42:20.816+0300] {processor.py:650} INFO - DAG(s) dict_keys(['latest_only_with_trigger']) retrieved from /home/alex/code/Hillel_Homework/airflow_project/lib/python3.10/site-packages/airflow/example_dags/example_latest_only_with_trigger.py
[2022-09-14T12:42:20.832+0300] {logging_mixin.py:115} INFO - [2022-09-14T12:42:20.832+0300] {dag.py:2429} INFO - Sync 1 DAGs
[2022-09-14T12:42:20.852+0300] {logging_mixin.py:115} INFO - [2022-09-14T12:42:20.852+0300] {dag.py:2977} INFO - Setting next_dagrun for latest_only_with_trigger to 2022-09-14T05:42:20.851951+00:00, run_after=2022-09-14T09:42:20.851951+00:00
[2022-09-14T12:42:20.869+0300] {processor.py:161} INFO - Processing /home/alex/code/Hillel_Homework/airflow_project/lib/python3.10/site-packages/airflow/example_dags/example_latest_only_with_trigger.py took 0.067 seconds
