[2022-09-14T12:40:40.694+0300] {processor.py:153} INFO - Started process (PID=18795) to work on /home/alex/code/Hillel_Homework/airflow_project/lib/python3.10/site-packages/airflow/example_dags/example_skip_dag.py
[2022-09-14T12:40:40.695+0300] {processor.py:640} INFO - Processing file /home/alex/code/Hillel_Homework/airflow_project/lib/python3.10/site-packages/airflow/example_dags/example_skip_dag.py for tasks to queue
[2022-09-14T12:40:40.696+0300] {logging_mixin.py:115} INFO - [2022-09-14T12:40:40.696+0300] {dagbag.py:508} INFO - Filling up the DagBag from /home/alex/code/Hillel_Homework/airflow_project/lib/python3.10/site-packages/airflow/example_dags/example_skip_dag.py
[2022-09-14T12:40:40.701+0300] {processor.py:650} INFO - DAG(s) dict_keys(['example_skip_dag']) retrieved from /home/alex/code/Hillel_Homework/airflow_project/lib/python3.10/site-packages/airflow/example_dags/example_skip_dag.py
[2022-09-14T12:40:40.814+0300] {logging_mixin.py:115} INFO - [2022-09-14T12:40:40.813+0300] {manager.py:508} INFO - Created Permission View: can edit on DAG:example_skip_dag
[2022-09-14T12:40:40.829+0300] {logging_mixin.py:115} INFO - [2022-09-14T12:40:40.829+0300] {manager.py:508} INFO - Created Permission View: can read on DAG:example_skip_dag
[2022-09-14T12:40:40.842+0300] {logging_mixin.py:115} INFO - [2022-09-14T12:40:40.842+0300] {manager.py:508} INFO - Created Permission View: can delete on DAG:example_skip_dag
[2022-09-14T12:40:40.843+0300] {logging_mixin.py:115} INFO - [2022-09-14T12:40:40.842+0300] {dag.py:2429} INFO - Sync 1 DAGs
[2022-09-14T12:40:40.851+0300] {logging_mixin.py:115} INFO - [2022-09-14T12:40:40.851+0300] {dag.py:2448} INFO - Creating ORM DAG for example_skip_dag
[2022-09-14T12:40:40.864+0300] {logging_mixin.py:115} INFO - [2022-09-14T12:40:40.864+0300] {dag.py:2977} INFO - Setting next_dagrun for example_skip_dag to 2022-09-13T09:40:40.864154+00:00, run_after=2022-09-14T09:40:40.864154+00:00
[2022-09-14T12:40:40.887+0300] {processor.py:161} INFO - Processing /home/alex/code/Hillel_Homework/airflow_project/lib/python3.10/site-packages/airflow/example_dags/example_skip_dag.py took 0.197 seconds
[2022-09-14T12:41:17.803+0300] {processor.py:153} INFO - Started process (PID=18899) to work on /home/alex/code/Hillel_Homework/airflow_project/lib/python3.10/site-packages/airflow/example_dags/example_skip_dag.py
[2022-09-14T12:41:17.808+0300] {processor.py:640} INFO - Processing file /home/alex/code/Hillel_Homework/airflow_project/lib/python3.10/site-packages/airflow/example_dags/example_skip_dag.py for tasks to queue
[2022-09-14T12:41:17.809+0300] {logging_mixin.py:115} INFO - [2022-09-14T12:41:17.808+0300] {dagbag.py:508} INFO - Filling up the DagBag from /home/alex/code/Hillel_Homework/airflow_project/lib/python3.10/site-packages/airflow/example_dags/example_skip_dag.py
[2022-09-14T12:41:17.816+0300] {processor.py:650} INFO - DAG(s) dict_keys(['example_skip_dag']) retrieved from /home/alex/code/Hillel_Homework/airflow_project/lib/python3.10/site-packages/airflow/example_dags/example_skip_dag.py
[2022-09-14T12:41:17.833+0300] {logging_mixin.py:115} INFO - [2022-09-14T12:41:17.833+0300] {dag.py:2429} INFO - Sync 1 DAGs
[2022-09-14T12:41:17.851+0300] {logging_mixin.py:115} INFO - [2022-09-14T12:41:17.851+0300] {dag.py:2977} INFO - Setting next_dagrun for example_skip_dag to 2022-09-13T09:41:17.851344+00:00, run_after=2022-09-14T09:41:17.851344+00:00
[2022-09-14T12:41:17.871+0300] {processor.py:161} INFO - Processing /home/alex/code/Hillel_Homework/airflow_project/lib/python3.10/site-packages/airflow/example_dags/example_skip_dag.py took 0.073 seconds
[2022-09-14T12:41:54.172+0300] {processor.py:153} INFO - Started process (PID=18998) to work on /home/alex/code/Hillel_Homework/airflow_project/lib/python3.10/site-packages/airflow/example_dags/example_skip_dag.py
[2022-09-14T12:41:54.179+0300] {processor.py:640} INFO - Processing file /home/alex/code/Hillel_Homework/airflow_project/lib/python3.10/site-packages/airflow/example_dags/example_skip_dag.py for tasks to queue
[2022-09-14T12:41:54.180+0300] {logging_mixin.py:115} INFO - [2022-09-14T12:41:54.179+0300] {dagbag.py:508} INFO - Filling up the DagBag from /home/alex/code/Hillel_Homework/airflow_project/lib/python3.10/site-packages/airflow/example_dags/example_skip_dag.py
[2022-09-14T12:41:54.185+0300] {processor.py:650} INFO - DAG(s) dict_keys(['example_skip_dag']) retrieved from /home/alex/code/Hillel_Homework/airflow_project/lib/python3.10/site-packages/airflow/example_dags/example_skip_dag.py
[2022-09-14T12:41:54.203+0300] {logging_mixin.py:115} INFO - [2022-09-14T12:41:54.203+0300] {dag.py:2429} INFO - Sync 1 DAGs
[2022-09-14T12:41:54.231+0300] {logging_mixin.py:115} INFO - [2022-09-14T12:41:54.231+0300] {dag.py:2977} INFO - Setting next_dagrun for example_skip_dag to 2022-09-13T09:41:54.230881+00:00, run_after=2022-09-14T09:41:54.230881+00:00
[2022-09-14T12:41:54.255+0300] {processor.py:161} INFO - Processing /home/alex/code/Hillel_Homework/airflow_project/lib/python3.10/site-packages/airflow/example_dags/example_skip_dag.py took 0.086 seconds
