[2022-09-14T12:40:43.362+0300] {processor.py:153} INFO - Started process (PID=18806) to work on /home/alex/code/Hillel_Homework/airflow_project/lib/python3.10/site-packages/airflow/example_dags/example_complex.py
[2022-09-14T12:40:43.364+0300] {processor.py:640} INFO - Processing file /home/alex/code/Hillel_Homework/airflow_project/lib/python3.10/site-packages/airflow/example_dags/example_complex.py for tasks to queue
[2022-09-14T12:40:43.366+0300] {logging_mixin.py:115} INFO - [2022-09-14T12:40:43.365+0300] {dagbag.py:508} INFO - Filling up the DagBag from /home/alex/code/Hillel_Homework/airflow_project/lib/python3.10/site-packages/airflow/example_dags/example_complex.py
[2022-09-14T12:40:43.400+0300] {processor.py:650} INFO - DAG(s) dict_keys(['example_complex']) retrieved from /home/alex/code/Hillel_Homework/airflow_project/lib/python3.10/site-packages/airflow/example_dags/example_complex.py
[2022-09-14T12:40:43.504+0300] {logging_mixin.py:115} INFO - [2022-09-14T12:40:43.503+0300] {manager.py:508} INFO - Created Permission View: can edit on DAG:example_complex
[2022-09-14T12:40:43.530+0300] {logging_mixin.py:115} INFO - [2022-09-14T12:40:43.530+0300] {manager.py:508} INFO - Created Permission View: can read on DAG:example_complex
[2022-09-14T12:40:43.545+0300] {logging_mixin.py:115} INFO - [2022-09-14T12:40:43.545+0300] {manager.py:508} INFO - Created Permission View: can delete on DAG:example_complex
[2022-09-14T12:40:43.545+0300] {logging_mixin.py:115} INFO - [2022-09-14T12:40:43.545+0300] {dag.py:2429} INFO - Sync 1 DAGs
[2022-09-14T12:40:43.556+0300] {logging_mixin.py:115} INFO - [2022-09-14T12:40:43.556+0300] {dag.py:2448} INFO - Creating ORM DAG for example_complex
[2022-09-14T12:40:43.568+0300] {logging_mixin.py:115} INFO - [2022-09-14T12:40:43.568+0300] {dag.py:2977} INFO - Setting next_dagrun for example_complex to None, run_after=None
[2022-09-14T12:40:43.591+0300] {processor.py:161} INFO - Processing /home/alex/code/Hillel_Homework/airflow_project/lib/python3.10/site-packages/airflow/example_dags/example_complex.py took 0.236 seconds
[2022-09-14T12:41:20.236+0300] {processor.py:153} INFO - Started process (PID=18902) to work on /home/alex/code/Hillel_Homework/airflow_project/lib/python3.10/site-packages/airflow/example_dags/example_complex.py
[2022-09-14T12:41:20.240+0300] {processor.py:640} INFO - Processing file /home/alex/code/Hillel_Homework/airflow_project/lib/python3.10/site-packages/airflow/example_dags/example_complex.py for tasks to queue
[2022-09-14T12:41:20.241+0300] {logging_mixin.py:115} INFO - [2022-09-14T12:41:20.240+0300] {dagbag.py:508} INFO - Filling up the DagBag from /home/alex/code/Hillel_Homework/airflow_project/lib/python3.10/site-packages/airflow/example_dags/example_complex.py
[2022-09-14T12:41:20.254+0300] {processor.py:650} INFO - DAG(s) dict_keys(['example_complex']) retrieved from /home/alex/code/Hillel_Homework/airflow_project/lib/python3.10/site-packages/airflow/example_dags/example_complex.py
[2022-09-14T12:41:20.276+0300] {logging_mixin.py:115} INFO - [2022-09-14T12:41:20.275+0300] {dag.py:2429} INFO - Sync 1 DAGs
[2022-09-14T12:41:20.295+0300] {logging_mixin.py:115} INFO - [2022-09-14T12:41:20.295+0300] {dag.py:2977} INFO - Setting next_dagrun for example_complex to None, run_after=None
[2022-09-14T12:41:20.318+0300] {processor.py:161} INFO - Processing /home/alex/code/Hillel_Homework/airflow_project/lib/python3.10/site-packages/airflow/example_dags/example_complex.py took 0.085 seconds
[2022-09-14T12:41:55.875+0300] {processor.py:153} INFO - Started process (PID=19030) to work on /home/alex/code/Hillel_Homework/airflow_project/lib/python3.10/site-packages/airflow/example_dags/example_complex.py
[2022-09-14T12:41:55.879+0300] {processor.py:640} INFO - Processing file /home/alex/code/Hillel_Homework/airflow_project/lib/python3.10/site-packages/airflow/example_dags/example_complex.py for tasks to queue
[2022-09-14T12:41:55.880+0300] {logging_mixin.py:115} INFO - [2022-09-14T12:41:55.880+0300] {dagbag.py:508} INFO - Filling up the DagBag from /home/alex/code/Hillel_Homework/airflow_project/lib/python3.10/site-packages/airflow/example_dags/example_complex.py
[2022-09-14T12:41:55.895+0300] {processor.py:650} INFO - DAG(s) dict_keys(['example_complex']) retrieved from /home/alex/code/Hillel_Homework/airflow_project/lib/python3.10/site-packages/airflow/example_dags/example_complex.py
[2022-09-14T12:41:55.916+0300] {logging_mixin.py:115} INFO - [2022-09-14T12:41:55.916+0300] {dag.py:2429} INFO - Sync 1 DAGs
[2022-09-14T12:41:55.937+0300] {logging_mixin.py:115} INFO - [2022-09-14T12:41:55.937+0300] {dag.py:2977} INFO - Setting next_dagrun for example_complex to None, run_after=None
[2022-09-14T12:41:55.958+0300] {processor.py:161} INFO - Processing /home/alex/code/Hillel_Homework/airflow_project/lib/python3.10/site-packages/airflow/example_dags/example_complex.py took 0.086 seconds
