[2022-09-14T12:40:44.533+0300] {processor.py:153} INFO - Started process (PID=18808) to work on /home/alex/code/Hillel_Homework/airflow_project/lib/python3.10/site-packages/airflow/example_dags/example_branch_operator.py
[2022-09-14T12:40:44.535+0300] {processor.py:640} INFO - Processing file /home/alex/code/Hillel_Homework/airflow_project/lib/python3.10/site-packages/airflow/example_dags/example_branch_operator.py for tasks to queue
[2022-09-14T12:40:44.537+0300] {logging_mixin.py:115} INFO - [2022-09-14T12:40:44.536+0300] {dagbag.py:508} INFO - Filling up the DagBag from /home/alex/code/Hillel_Homework/airflow_project/lib/python3.10/site-packages/airflow/example_dags/example_branch_operator.py
[2022-09-14T12:40:44.559+0300] {processor.py:650} INFO - DAG(s) dict_keys(['example_branch_operator']) retrieved from /home/alex/code/Hillel_Homework/airflow_project/lib/python3.10/site-packages/airflow/example_dags/example_branch_operator.py
[2022-09-14T12:40:44.655+0300] {logging_mixin.py:115} INFO - [2022-09-14T12:40:44.655+0300] {manager.py:508} INFO - Created Permission View: can edit on DAG:example_branch_operator
[2022-09-14T12:40:44.681+0300] {logging_mixin.py:115} INFO - [2022-09-14T12:40:44.680+0300] {manager.py:508} INFO - Created Permission View: can read on DAG:example_branch_operator
[2022-09-14T12:40:44.698+0300] {logging_mixin.py:115} INFO - [2022-09-14T12:40:44.698+0300] {manager.py:508} INFO - Created Permission View: can delete on DAG:example_branch_operator
[2022-09-14T12:40:44.698+0300] {logging_mixin.py:115} INFO - [2022-09-14T12:40:44.698+0300] {dag.py:2429} INFO - Sync 1 DAGs
[2022-09-14T12:40:44.707+0300] {logging_mixin.py:115} INFO - [2022-09-14T12:40:44.707+0300] {dag.py:2448} INFO - Creating ORM DAG for example_branch_operator
[2022-09-14T12:40:44.720+0300] {logging_mixin.py:115} INFO - [2022-09-14T12:40:44.719+0300] {dag.py:2977} INFO - Setting next_dagrun for example_branch_operator to 2022-09-13T00:00:00+00:00, run_after=2022-09-14T00:00:00+00:00
[2022-09-14T12:40:44.748+0300] {processor.py:161} INFO - Processing /home/alex/code/Hillel_Homework/airflow_project/lib/python3.10/site-packages/airflow/example_dags/example_branch_operator.py took 0.223 seconds
[2022-09-14T12:41:21.401+0300] {processor.py:153} INFO - Started process (PID=18903) to work on /home/alex/code/Hillel_Homework/airflow_project/lib/python3.10/site-packages/airflow/example_dags/example_branch_operator.py
[2022-09-14T12:41:21.406+0300] {processor.py:640} INFO - Processing file /home/alex/code/Hillel_Homework/airflow_project/lib/python3.10/site-packages/airflow/example_dags/example_branch_operator.py for tasks to queue
[2022-09-14T12:41:21.408+0300] {logging_mixin.py:115} INFO - [2022-09-14T12:41:21.408+0300] {dagbag.py:508} INFO - Filling up the DagBag from /home/alex/code/Hillel_Homework/airflow_project/lib/python3.10/site-packages/airflow/example_dags/example_branch_operator.py
[2022-09-14T12:41:21.437+0300] {processor.py:650} INFO - DAG(s) dict_keys(['example_branch_operator']) retrieved from /home/alex/code/Hillel_Homework/airflow_project/lib/python3.10/site-packages/airflow/example_dags/example_branch_operator.py
[2022-09-14T12:41:21.454+0300] {logging_mixin.py:115} INFO - [2022-09-14T12:41:21.454+0300] {dag.py:2429} INFO - Sync 1 DAGs
[2022-09-14T12:41:21.475+0300] {logging_mixin.py:115} INFO - [2022-09-14T12:41:21.475+0300] {dag.py:2977} INFO - Setting next_dagrun for example_branch_operator to 2022-09-13T00:00:00+00:00, run_after=2022-09-14T00:00:00+00:00
[2022-09-14T12:41:21.501+0300] {processor.py:161} INFO - Processing /home/alex/code/Hillel_Homework/airflow_project/lib/python3.10/site-packages/airflow/example_dags/example_branch_operator.py took 0.106 seconds
[2022-09-14T12:41:57.032+0300] {processor.py:153} INFO - Started process (PID=19032) to work on /home/alex/code/Hillel_Homework/airflow_project/lib/python3.10/site-packages/airflow/example_dags/example_branch_operator.py
[2022-09-14T12:41:57.036+0300] {processor.py:640} INFO - Processing file /home/alex/code/Hillel_Homework/airflow_project/lib/python3.10/site-packages/airflow/example_dags/example_branch_operator.py for tasks to queue
[2022-09-14T12:41:57.039+0300] {logging_mixin.py:115} INFO - [2022-09-14T12:41:57.038+0300] {dagbag.py:508} INFO - Filling up the DagBag from /home/alex/code/Hillel_Homework/airflow_project/lib/python3.10/site-packages/airflow/example_dags/example_branch_operator.py
[2022-09-14T12:41:57.068+0300] {processor.py:650} INFO - DAG(s) dict_keys(['example_branch_operator']) retrieved from /home/alex/code/Hillel_Homework/airflow_project/lib/python3.10/site-packages/airflow/example_dags/example_branch_operator.py
[2022-09-14T12:41:57.085+0300] {logging_mixin.py:115} INFO - [2022-09-14T12:41:57.085+0300] {dag.py:2429} INFO - Sync 1 DAGs
[2022-09-14T12:41:57.106+0300] {logging_mixin.py:115} INFO - [2022-09-14T12:41:57.106+0300] {dag.py:2977} INFO - Setting next_dagrun for example_branch_operator to 2022-09-13T00:00:00+00:00, run_after=2022-09-14T00:00:00+00:00
[2022-09-14T12:41:57.126+0300] {processor.py:161} INFO - Processing /home/alex/code/Hillel_Homework/airflow_project/lib/python3.10/site-packages/airflow/example_dags/example_branch_operator.py took 0.102 seconds
