[2022-09-14T12:40:17.937+0300] {processor.py:153} INFO - Started process (PID=18718) to work on /home/alex/code/Hillel_Homework/airflow_project/lib/python3.10/site-packages/airflow/example_dags/example_xcomargs.py
[2022-09-14T12:40:17.940+0300] {processor.py:640} INFO - Processing file /home/alex/code/Hillel_Homework/airflow_project/lib/python3.10/site-packages/airflow/example_dags/example_xcomargs.py for tasks to queue
[2022-09-14T12:40:17.942+0300] {logging_mixin.py:115} INFO - [2022-09-14T12:40:17.941+0300] {dagbag.py:508} INFO - Filling up the DagBag from /home/alex/code/Hillel_Homework/airflow_project/lib/python3.10/site-packages/airflow/example_dags/example_xcomargs.py
[2022-09-14T12:40:17.996+0300] {processor.py:650} INFO - DAG(s) dict_keys(['example_xcom_args', 'example_xcom_args_with_operators']) retrieved from /home/alex/code/Hillel_Homework/airflow_project/lib/python3.10/site-packages/airflow/example_dags/example_xcomargs.py
[2022-09-14T12:40:18.141+0300] {logging_mixin.py:115} INFO - [2022-09-14T12:40:18.140+0300] {manager.py:508} INFO - Created Permission View: can edit on DAG:example_xcom_args
[2022-09-14T12:40:18.167+0300] {logging_mixin.py:115} INFO - [2022-09-14T12:40:18.167+0300] {manager.py:508} INFO - Created Permission View: can read on DAG:example_xcom_args
[2022-09-14T12:40:18.189+0300] {logging_mixin.py:115} INFO - [2022-09-14T12:40:18.188+0300] {manager.py:508} INFO - Created Permission View: can delete on DAG:example_xcom_args
[2022-09-14T12:40:18.228+0300] {logging_mixin.py:115} INFO - [2022-09-14T12:40:18.228+0300] {manager.py:508} INFO - Created Permission View: can edit on DAG:example_xcom_args_with_operators
[2022-09-14T12:40:18.248+0300] {logging_mixin.py:115} INFO - [2022-09-14T12:40:18.247+0300] {manager.py:508} INFO - Created Permission View: can read on DAG:example_xcom_args_with_operators
[2022-09-14T12:40:18.267+0300] {logging_mixin.py:115} INFO - [2022-09-14T12:40:18.266+0300] {manager.py:508} INFO - Created Permission View: can delete on DAG:example_xcom_args_with_operators
[2022-09-14T12:40:18.268+0300] {logging_mixin.py:115} INFO - [2022-09-14T12:40:18.267+0300] {dag.py:2429} INFO - Sync 2 DAGs
[2022-09-14T12:40:18.281+0300] {logging_mixin.py:115} INFO - [2022-09-14T12:40:18.281+0300] {dag.py:2448} INFO - Creating ORM DAG for example_xcom_args
[2022-09-14T12:40:18.282+0300] {logging_mixin.py:115} INFO - [2022-09-14T12:40:18.282+0300] {dag.py:2448} INFO - Creating ORM DAG for example_xcom_args_with_operators
[2022-09-14T12:40:18.299+0300] {logging_mixin.py:115} INFO - [2022-09-14T12:40:18.299+0300] {dag.py:2977} INFO - Setting next_dagrun for example_xcom_args to None, run_after=None
[2022-09-14T12:40:18.300+0300] {logging_mixin.py:115} INFO - [2022-09-14T12:40:18.300+0300] {dag.py:2977} INFO - Setting next_dagrun for example_xcom_args_with_operators to None, run_after=None
[2022-09-14T12:40:18.338+0300] {processor.py:161} INFO - Processing /home/alex/code/Hillel_Homework/airflow_project/lib/python3.10/site-packages/airflow/example_dags/example_xcomargs.py took 0.404 seconds
[2022-09-14T12:40:58.070+0300] {processor.py:153} INFO - Started process (PID=18875) to work on /home/alex/code/Hillel_Homework/airflow_project/lib/python3.10/site-packages/airflow/example_dags/example_xcomargs.py
[2022-09-14T12:40:58.075+0300] {processor.py:640} INFO - Processing file /home/alex/code/Hillel_Homework/airflow_project/lib/python3.10/site-packages/airflow/example_dags/example_xcomargs.py for tasks to queue
[2022-09-14T12:40:58.079+0300] {logging_mixin.py:115} INFO - [2022-09-14T12:40:58.078+0300] {dagbag.py:508} INFO - Filling up the DagBag from /home/alex/code/Hillel_Homework/airflow_project/lib/python3.10/site-packages/airflow/example_dags/example_xcomargs.py
[2022-09-14T12:40:58.116+0300] {processor.py:650} INFO - DAG(s) dict_keys(['example_xcom_args', 'example_xcom_args_with_operators']) retrieved from /home/alex/code/Hillel_Homework/airflow_project/lib/python3.10/site-packages/airflow/example_dags/example_xcomargs.py
[2022-09-14T12:40:58.166+0300] {logging_mixin.py:115} INFO - [2022-09-14T12:40:58.165+0300] {dag.py:2429} INFO - Sync 2 DAGs
[2022-09-14T12:40:58.183+0300] {logging_mixin.py:115} INFO - [2022-09-14T12:40:58.183+0300] {dag.py:2977} INFO - Setting next_dagrun for example_xcom_args to None, run_after=None
[2022-09-14T12:40:58.183+0300] {logging_mixin.py:115} INFO - [2022-09-14T12:40:58.183+0300] {dag.py:2977} INFO - Setting next_dagrun for example_xcom_args_with_operators to None, run_after=None
[2022-09-14T12:40:58.206+0300] {processor.py:161} INFO - Processing /home/alex/code/Hillel_Homework/airflow_project/lib/python3.10/site-packages/airflow/example_dags/example_xcomargs.py took 0.143 seconds
[2022-09-14T12:41:32.724+0300] {processor.py:153} INFO - Started process (PID=18941) to work on /home/alex/code/Hillel_Homework/airflow_project/lib/python3.10/site-packages/airflow/example_dags/example_xcomargs.py
[2022-09-14T12:41:32.730+0300] {processor.py:640} INFO - Processing file /home/alex/code/Hillel_Homework/airflow_project/lib/python3.10/site-packages/airflow/example_dags/example_xcomargs.py for tasks to queue
[2022-09-14T12:41:32.731+0300] {logging_mixin.py:115} INFO - [2022-09-14T12:41:32.731+0300] {dagbag.py:508} INFO - Filling up the DagBag from /home/alex/code/Hillel_Homework/airflow_project/lib/python3.10/site-packages/airflow/example_dags/example_xcomargs.py
[2022-09-14T12:41:32.766+0300] {processor.py:650} INFO - DAG(s) dict_keys(['example_xcom_args', 'example_xcom_args_with_operators']) retrieved from /home/alex/code/Hillel_Homework/airflow_project/lib/python3.10/site-packages/airflow/example_dags/example_xcomargs.py
[2022-09-14T12:41:32.857+0300] {logging_mixin.py:115} INFO - [2022-09-14T12:41:32.857+0300] {dag.py:2429} INFO - Sync 2 DAGs
[2022-09-14T12:41:32.884+0300] {logging_mixin.py:115} INFO - [2022-09-14T12:41:32.884+0300] {dag.py:2977} INFO - Setting next_dagrun for example_xcom_args to None, run_after=None
[2022-09-14T12:41:32.885+0300] {logging_mixin.py:115} INFO - [2022-09-14T12:41:32.885+0300] {dag.py:2977} INFO - Setting next_dagrun for example_xcom_args_with_operators to None, run_after=None
[2022-09-14T12:41:32.912+0300] {processor.py:161} INFO - Processing /home/alex/code/Hillel_Homework/airflow_project/lib/python3.10/site-packages/airflow/example_dags/example_xcomargs.py took 0.192 seconds
[2022-09-14T12:42:08.459+0300] {processor.py:153} INFO - Started process (PID=19044) to work on /home/alex/code/Hillel_Homework/airflow_project/lib/python3.10/site-packages/airflow/example_dags/example_xcomargs.py
[2022-09-14T12:42:08.464+0300] {processor.py:640} INFO - Processing file /home/alex/code/Hillel_Homework/airflow_project/lib/python3.10/site-packages/airflow/example_dags/example_xcomargs.py for tasks to queue
[2022-09-14T12:42:08.467+0300] {logging_mixin.py:115} INFO - [2022-09-14T12:42:08.466+0300] {dagbag.py:508} INFO - Filling up the DagBag from /home/alex/code/Hillel_Homework/airflow_project/lib/python3.10/site-packages/airflow/example_dags/example_xcomargs.py
[2022-09-14T12:42:08.503+0300] {processor.py:650} INFO - DAG(s) dict_keys(['example_xcom_args', 'example_xcom_args_with_operators']) retrieved from /home/alex/code/Hillel_Homework/airflow_project/lib/python3.10/site-packages/airflow/example_dags/example_xcomargs.py
[2022-09-14T12:42:08.521+0300] {logging_mixin.py:115} INFO - [2022-09-14T12:42:08.521+0300] {dag.py:2429} INFO - Sync 2 DAGs
[2022-09-14T12:42:08.539+0300] {logging_mixin.py:115} INFO - [2022-09-14T12:42:08.539+0300] {dag.py:2977} INFO - Setting next_dagrun for example_xcom_args to None, run_after=None
[2022-09-14T12:42:08.540+0300] {logging_mixin.py:115} INFO - [2022-09-14T12:42:08.539+0300] {dag.py:2977} INFO - Setting next_dagrun for example_xcom_args_with_operators to None, run_after=None
[2022-09-14T12:42:08.561+0300] {processor.py:161} INFO - Processing /home/alex/code/Hillel_Homework/airflow_project/lib/python3.10/site-packages/airflow/example_dags/example_xcomargs.py took 0.109 seconds
