[2022-09-14T12:40:34.534+0300] {processor.py:153} INFO - Started process (PID=18769) to work on /home/alex/code/Hillel_Homework/airflow_project/lib/python3.10/site-packages/airflow/example_dags/example_python_operator.py
[2022-09-14T12:40:34.536+0300] {processor.py:640} INFO - Processing file /home/alex/code/Hillel_Homework/airflow_project/lib/python3.10/site-packages/airflow/example_dags/example_python_operator.py for tasks to queue
[2022-09-14T12:40:34.538+0300] {logging_mixin.py:115} INFO - [2022-09-14T12:40:34.538+0300] {dagbag.py:508} INFO - Filling up the DagBag from /home/alex/code/Hillel_Homework/airflow_project/lib/python3.10/site-packages/airflow/example_dags/example_python_operator.py
[2022-09-14T12:40:34.570+0300] {processor.py:650} INFO - DAG(s) dict_keys(['example_python_operator']) retrieved from /home/alex/code/Hillel_Homework/airflow_project/lib/python3.10/site-packages/airflow/example_dags/example_python_operator.py
[2022-09-14T12:40:34.649+0300] {logging_mixin.py:115} INFO - [2022-09-14T12:40:34.649+0300] {manager.py:508} INFO - Created Permission View: can edit on DAG:example_python_operator
[2022-09-14T12:40:34.663+0300] {logging_mixin.py:115} INFO - [2022-09-14T12:40:34.663+0300] {manager.py:508} INFO - Created Permission View: can read on DAG:example_python_operator
[2022-09-14T12:40:34.675+0300] {logging_mixin.py:115} INFO - [2022-09-14T12:40:34.675+0300] {manager.py:508} INFO - Created Permission View: can delete on DAG:example_python_operator
[2022-09-14T12:40:34.676+0300] {logging_mixin.py:115} INFO - [2022-09-14T12:40:34.676+0300] {dag.py:2429} INFO - Sync 1 DAGs
[2022-09-14T12:40:34.684+0300] {logging_mixin.py:115} INFO - [2022-09-14T12:40:34.684+0300] {dag.py:2448} INFO - Creating ORM DAG for example_python_operator
[2022-09-14T12:40:34.694+0300] {logging_mixin.py:115} INFO - [2022-09-14T12:40:34.694+0300] {dag.py:2977} INFO - Setting next_dagrun for example_python_operator to None, run_after=None
[2022-09-14T12:40:34.716+0300] {processor.py:161} INFO - Processing /home/alex/code/Hillel_Homework/airflow_project/lib/python3.10/site-packages/airflow/example_dags/example_python_operator.py took 0.188 seconds
[2022-09-14T12:41:13.805+0300] {processor.py:153} INFO - Started process (PID=18894) to work on /home/alex/code/Hillel_Homework/airflow_project/lib/python3.10/site-packages/airflow/example_dags/example_python_operator.py
[2022-09-14T12:41:13.810+0300] {processor.py:640} INFO - Processing file /home/alex/code/Hillel_Homework/airflow_project/lib/python3.10/site-packages/airflow/example_dags/example_python_operator.py for tasks to queue
[2022-09-14T12:41:13.811+0300] {logging_mixin.py:115} INFO - [2022-09-14T12:41:13.811+0300] {dagbag.py:508} INFO - Filling up the DagBag from /home/alex/code/Hillel_Homework/airflow_project/lib/python3.10/site-packages/airflow/example_dags/example_python_operator.py
[2022-09-14T12:41:13.842+0300] {processor.py:650} INFO - DAG(s) dict_keys(['example_python_operator']) retrieved from /home/alex/code/Hillel_Homework/airflow_project/lib/python3.10/site-packages/airflow/example_dags/example_python_operator.py
[2022-09-14T12:41:13.859+0300] {logging_mixin.py:115} INFO - [2022-09-14T12:41:13.859+0300] {dag.py:2429} INFO - Sync 1 DAGs
[2022-09-14T12:41:13.879+0300] {logging_mixin.py:115} INFO - [2022-09-14T12:41:13.879+0300] {dag.py:2977} INFO - Setting next_dagrun for example_python_operator to None, run_after=None
[2022-09-14T12:41:13.902+0300] {processor.py:161} INFO - Processing /home/alex/code/Hillel_Homework/airflow_project/lib/python3.10/site-packages/airflow/example_dags/example_python_operator.py took 0.104 seconds
[2022-09-14T12:41:48.063+0300] {processor.py:153} INFO - Started process (PID=18986) to work on /home/alex/code/Hillel_Homework/airflow_project/lib/python3.10/site-packages/airflow/example_dags/example_python_operator.py
[2022-09-14T12:41:48.063+0300] {processor.py:640} INFO - Processing file /home/alex/code/Hillel_Homework/airflow_project/lib/python3.10/site-packages/airflow/example_dags/example_python_operator.py for tasks to queue
[2022-09-14T12:41:48.064+0300] {logging_mixin.py:115} INFO - [2022-09-14T12:41:48.064+0300] {dagbag.py:508} INFO - Filling up the DagBag from /home/alex/code/Hillel_Homework/airflow_project/lib/python3.10/site-packages/airflow/example_dags/example_python_operator.py
[2022-09-14T12:41:48.088+0300] {processor.py:650} INFO - DAG(s) dict_keys(['example_python_operator']) retrieved from /home/alex/code/Hillel_Homework/airflow_project/lib/python3.10/site-packages/airflow/example_dags/example_python_operator.py
[2022-09-14T12:41:48.115+0300] {logging_mixin.py:115} INFO - [2022-09-14T12:41:48.115+0300] {dag.py:2429} INFO - Sync 1 DAGs
[2022-09-14T12:41:48.142+0300] {logging_mixin.py:115} INFO - [2022-09-14T12:41:48.141+0300] {dag.py:2977} INFO - Setting next_dagrun for example_python_operator to None, run_after=None
[2022-09-14T12:41:48.167+0300] {processor.py:161} INFO - Processing /home/alex/code/Hillel_Homework/airflow_project/lib/python3.10/site-packages/airflow/example_dags/example_python_operator.py took 0.107 seconds
[2022-09-14T12:42:24.312+0300] {processor.py:153} INFO - Started process (PID=19072) to work on /home/alex/code/Hillel_Homework/airflow_project/lib/python3.10/site-packages/airflow/example_dags/example_python_operator.py
[2022-09-14T12:42:24.313+0300] {processor.py:640} INFO - Processing file /home/alex/code/Hillel_Homework/airflow_project/lib/python3.10/site-packages/airflow/example_dags/example_python_operator.py for tasks to queue
[2022-09-14T12:42:24.314+0300] {logging_mixin.py:115} INFO - [2022-09-14T12:42:24.313+0300] {dagbag.py:508} INFO - Filling up the DagBag from /home/alex/code/Hillel_Homework/airflow_project/lib/python3.10/site-packages/airflow/example_dags/example_python_operator.py
[2022-09-14T12:42:24.333+0300] {processor.py:650} INFO - DAG(s) dict_keys(['example_python_operator']) retrieved from /home/alex/code/Hillel_Homework/airflow_project/lib/python3.10/site-packages/airflow/example_dags/example_python_operator.py
[2022-09-14T12:42:24.349+0300] {logging_mixin.py:115} INFO - [2022-09-14T12:42:24.349+0300] {dag.py:2429} INFO - Sync 1 DAGs
[2022-09-14T12:42:24.369+0300] {logging_mixin.py:115} INFO - [2022-09-14T12:42:24.369+0300] {dag.py:2977} INFO - Setting next_dagrun for example_python_operator to None, run_after=None
[2022-09-14T12:42:24.387+0300] {processor.py:161} INFO - Processing /home/alex/code/Hillel_Homework/airflow_project/lib/python3.10/site-packages/airflow/example_dags/example_python_operator.py took 0.078 seconds
