[2022-09-14T12:40:24.527+0300] {processor.py:153} INFO - Started process (PID=18740) to work on /home/alex/code/Hillel_Homework/airflow_project/lib/python3.10/site-packages/airflow/example_dags/example_xcom.py
[2022-09-14T12:40:24.528+0300] {processor.py:640} INFO - Processing file /home/alex/code/Hillel_Homework/airflow_project/lib/python3.10/site-packages/airflow/example_dags/example_xcom.py for tasks to queue
[2022-09-14T12:40:24.529+0300] {logging_mixin.py:115} INFO - [2022-09-14T12:40:24.529+0300] {dagbag.py:508} INFO - Filling up the DagBag from /home/alex/code/Hillel_Homework/airflow_project/lib/python3.10/site-packages/airflow/example_dags/example_xcom.py
[2022-09-14T12:40:24.553+0300] {processor.py:650} INFO - DAG(s) dict_keys(['example_xcom']) retrieved from /home/alex/code/Hillel_Homework/airflow_project/lib/python3.10/site-packages/airflow/example_dags/example_xcom.py
[2022-09-14T12:40:24.664+0300] {logging_mixin.py:115} INFO - [2022-09-14T12:40:24.664+0300] {manager.py:508} INFO - Created Permission View: can edit on DAG:example_xcom
[2022-09-14T12:40:24.685+0300] {logging_mixin.py:115} INFO - [2022-09-14T12:40:24.685+0300] {manager.py:508} INFO - Created Permission View: can read on DAG:example_xcom
[2022-09-14T12:40:24.699+0300] {logging_mixin.py:115} INFO - [2022-09-14T12:40:24.698+0300] {manager.py:508} INFO - Created Permission View: can delete on DAG:example_xcom
[2022-09-14T12:40:24.699+0300] {logging_mixin.py:115} INFO - [2022-09-14T12:40:24.699+0300] {dag.py:2429} INFO - Sync 1 DAGs
[2022-09-14T12:40:24.708+0300] {logging_mixin.py:115} INFO - [2022-09-14T12:40:24.708+0300] {dag.py:2448} INFO - Creating ORM DAG for example_xcom
[2022-09-14T12:40:24.723+0300] {logging_mixin.py:115} INFO - [2022-09-14T12:40:24.722+0300] {dag.py:2977} INFO - Setting next_dagrun for example_xcom to 2021-01-01T00:00:00+00:00, run_after=2021-01-01T00:00:00+00:00
[2022-09-14T12:40:24.747+0300] {processor.py:161} INFO - Processing /home/alex/code/Hillel_Homework/airflow_project/lib/python3.10/site-packages/airflow/example_dags/example_xcom.py took 0.223 seconds
[2022-09-14T12:41:04.501+0300] {processor.py:153} INFO - Started process (PID=18884) to work on /home/alex/code/Hillel_Homework/airflow_project/lib/python3.10/site-packages/airflow/example_dags/example_xcom.py
[2022-09-14T12:41:04.506+0300] {processor.py:640} INFO - Processing file /home/alex/code/Hillel_Homework/airflow_project/lib/python3.10/site-packages/airflow/example_dags/example_xcom.py for tasks to queue
[2022-09-14T12:41:04.508+0300] {logging_mixin.py:115} INFO - [2022-09-14T12:41:04.508+0300] {dagbag.py:508} INFO - Filling up the DagBag from /home/alex/code/Hillel_Homework/airflow_project/lib/python3.10/site-packages/airflow/example_dags/example_xcom.py
[2022-09-14T12:41:04.538+0300] {processor.py:650} INFO - DAG(s) dict_keys(['example_xcom']) retrieved from /home/alex/code/Hillel_Homework/airflow_project/lib/python3.10/site-packages/airflow/example_dags/example_xcom.py
[2022-09-14T12:41:04.588+0300] {logging_mixin.py:115} INFO - [2022-09-14T12:41:04.588+0300] {dag.py:2429} INFO - Sync 1 DAGs
[2022-09-14T12:41:04.604+0300] {logging_mixin.py:115} INFO - [2022-09-14T12:41:04.604+0300] {dag.py:2977} INFO - Setting next_dagrun for example_xcom to 2021-01-01T00:00:00+00:00, run_after=2021-01-01T00:00:00+00:00
[2022-09-14T12:41:04.627+0300] {processor.py:161} INFO - Processing /home/alex/code/Hillel_Homework/airflow_project/lib/python3.10/site-packages/airflow/example_dags/example_xcom.py took 0.132 seconds
[2022-09-14T12:41:38.782+0300] {processor.py:153} INFO - Started process (PID=18964) to work on /home/alex/code/Hillel_Homework/airflow_project/lib/python3.10/site-packages/airflow/example_dags/example_xcom.py
[2022-09-14T12:41:38.784+0300] {processor.py:640} INFO - Processing file /home/alex/code/Hillel_Homework/airflow_project/lib/python3.10/site-packages/airflow/example_dags/example_xcom.py for tasks to queue
[2022-09-14T12:41:38.785+0300] {logging_mixin.py:115} INFO - [2022-09-14T12:41:38.785+0300] {dagbag.py:508} INFO - Filling up the DagBag from /home/alex/code/Hillel_Homework/airflow_project/lib/python3.10/site-packages/airflow/example_dags/example_xcom.py
[2022-09-14T12:41:38.815+0300] {processor.py:650} INFO - DAG(s) dict_keys(['example_xcom']) retrieved from /home/alex/code/Hillel_Homework/airflow_project/lib/python3.10/site-packages/airflow/example_dags/example_xcom.py
[2022-09-14T12:41:38.889+0300] {logging_mixin.py:115} INFO - [2022-09-14T12:41:38.889+0300] {dag.py:2429} INFO - Sync 1 DAGs
[2022-09-14T12:41:38.911+0300] {logging_mixin.py:115} INFO - [2022-09-14T12:41:38.911+0300] {dag.py:2977} INFO - Setting next_dagrun for example_xcom to 2021-01-01T00:00:00+00:00, run_after=2021-01-01T00:00:00+00:00
[2022-09-14T12:41:38.936+0300] {processor.py:161} INFO - Processing /home/alex/code/Hillel_Homework/airflow_project/lib/python3.10/site-packages/airflow/example_dags/example_xcom.py took 0.157 seconds
[2022-09-14T12:42:15.213+0300] {processor.py:153} INFO - Started process (PID=19060) to work on /home/alex/code/Hillel_Homework/airflow_project/lib/python3.10/site-packages/airflow/example_dags/example_xcom.py
[2022-09-14T12:42:15.215+0300] {processor.py:640} INFO - Processing file /home/alex/code/Hillel_Homework/airflow_project/lib/python3.10/site-packages/airflow/example_dags/example_xcom.py for tasks to queue
[2022-09-14T12:42:15.216+0300] {logging_mixin.py:115} INFO - [2022-09-14T12:42:15.215+0300] {dagbag.py:508} INFO - Filling up the DagBag from /home/alex/code/Hillel_Homework/airflow_project/lib/python3.10/site-packages/airflow/example_dags/example_xcom.py
[2022-09-14T12:42:15.256+0300] {processor.py:650} INFO - DAG(s) dict_keys(['example_xcom']) retrieved from /home/alex/code/Hillel_Homework/airflow_project/lib/python3.10/site-packages/airflow/example_dags/example_xcom.py
[2022-09-14T12:42:15.279+0300] {logging_mixin.py:115} INFO - [2022-09-14T12:42:15.279+0300] {dag.py:2429} INFO - Sync 1 DAGs
[2022-09-14T12:42:15.314+0300] {logging_mixin.py:115} INFO - [2022-09-14T12:42:15.313+0300] {dag.py:2977} INFO - Setting next_dagrun for example_xcom to 2021-01-01T00:00:00+00:00, run_after=2021-01-01T00:00:00+00:00
[2022-09-14T12:42:15.341+0300] {processor.py:161} INFO - Processing /home/alex/code/Hillel_Homework/airflow_project/lib/python3.10/site-packages/airflow/example_dags/example_xcom.py took 0.132 seconds
