[2022-09-14T12:40:35.309+0300] {processor.py:153} INFO - Started process (PID=18771) to work on /home/alex/code/Hillel_Homework/airflow_project/lib/python3.10/site-packages/airflow/example_dags/example_short_circuit_operator.py
[2022-09-14T12:40:35.311+0300] {processor.py:640} INFO - Processing file /home/alex/code/Hillel_Homework/airflow_project/lib/python3.10/site-packages/airflow/example_dags/example_short_circuit_operator.py for tasks to queue
[2022-09-14T12:40:35.313+0300] {logging_mixin.py:115} INFO - [2022-09-14T12:40:35.312+0300] {dagbag.py:508} INFO - Filling up the DagBag from /home/alex/code/Hillel_Homework/airflow_project/lib/python3.10/site-packages/airflow/example_dags/example_short_circuit_operator.py
[2022-09-14T12:40:35.330+0300] {processor.py:650} INFO - DAG(s) dict_keys(['example_short_circuit_operator']) retrieved from /home/alex/code/Hillel_Homework/airflow_project/lib/python3.10/site-packages/airflow/example_dags/example_short_circuit_operator.py
[2022-09-14T12:40:35.436+0300] {logging_mixin.py:115} INFO - [2022-09-14T12:40:35.435+0300] {manager.py:508} INFO - Created Permission View: can edit on DAG:example_short_circuit_operator
[2022-09-14T12:40:35.451+0300] {logging_mixin.py:115} INFO - [2022-09-14T12:40:35.451+0300] {manager.py:508} INFO - Created Permission View: can read on DAG:example_short_circuit_operator
[2022-09-14T12:40:35.465+0300] {logging_mixin.py:115} INFO - [2022-09-14T12:40:35.465+0300] {manager.py:508} INFO - Created Permission View: can delete on DAG:example_short_circuit_operator
[2022-09-14T12:40:35.466+0300] {logging_mixin.py:115} INFO - [2022-09-14T12:40:35.466+0300] {dag.py:2429} INFO - Sync 1 DAGs
[2022-09-14T12:40:35.475+0300] {logging_mixin.py:115} INFO - [2022-09-14T12:40:35.475+0300] {dag.py:2448} INFO - Creating ORM DAG for example_short_circuit_operator
[2022-09-14T12:40:35.485+0300] {logging_mixin.py:115} INFO - [2022-09-14T12:40:35.485+0300] {dag.py:2977} INFO - Setting next_dagrun for example_short_circuit_operator to 2022-09-13T09:40:35.484989+00:00, run_after=2022-09-14T09:40:35.484989+00:00
[2022-09-14T12:40:35.506+0300] {processor.py:161} INFO - Processing /home/alex/code/Hillel_Homework/airflow_project/lib/python3.10/site-packages/airflow/example_dags/example_short_circuit_operator.py took 0.203 seconds
[2022-09-14T12:41:15.048+0300] {processor.py:153} INFO - Started process (PID=18895) to work on /home/alex/code/Hillel_Homework/airflow_project/lib/python3.10/site-packages/airflow/example_dags/example_short_circuit_operator.py
[2022-09-14T12:41:15.053+0300] {processor.py:640} INFO - Processing file /home/alex/code/Hillel_Homework/airflow_project/lib/python3.10/site-packages/airflow/example_dags/example_short_circuit_operator.py for tasks to queue
[2022-09-14T12:41:15.055+0300] {logging_mixin.py:115} INFO - [2022-09-14T12:41:15.054+0300] {dagbag.py:508} INFO - Filling up the DagBag from /home/alex/code/Hillel_Homework/airflow_project/lib/python3.10/site-packages/airflow/example_dags/example_short_circuit_operator.py
[2022-09-14T12:41:15.074+0300] {processor.py:650} INFO - DAG(s) dict_keys(['example_short_circuit_operator']) retrieved from /home/alex/code/Hillel_Homework/airflow_project/lib/python3.10/site-packages/airflow/example_dags/example_short_circuit_operator.py
[2022-09-14T12:41:15.092+0300] {logging_mixin.py:115} INFO - [2022-09-14T12:41:15.092+0300] {dag.py:2429} INFO - Sync 1 DAGs
[2022-09-14T12:41:15.112+0300] {logging_mixin.py:115} INFO - [2022-09-14T12:41:15.112+0300] {dag.py:2977} INFO - Setting next_dagrun for example_short_circuit_operator to 2022-09-13T09:41:15.112509+00:00, run_after=2022-09-14T09:41:15.112509+00:00
[2022-09-14T12:41:15.134+0300] {processor.py:161} INFO - Processing /home/alex/code/Hillel_Homework/airflow_project/lib/python3.10/site-packages/airflow/example_dags/example_short_circuit_operator.py took 0.088 seconds
[2022-09-14T12:41:49.322+0300] {processor.py:153} INFO - Started process (PID=18987) to work on /home/alex/code/Hillel_Homework/airflow_project/lib/python3.10/site-packages/airflow/example_dags/example_short_circuit_operator.py
[2022-09-14T12:41:49.326+0300] {processor.py:640} INFO - Processing file /home/alex/code/Hillel_Homework/airflow_project/lib/python3.10/site-packages/airflow/example_dags/example_short_circuit_operator.py for tasks to queue
[2022-09-14T12:41:49.328+0300] {logging_mixin.py:115} INFO - [2022-09-14T12:41:49.327+0300] {dagbag.py:508} INFO - Filling up the DagBag from /home/alex/code/Hillel_Homework/airflow_project/lib/python3.10/site-packages/airflow/example_dags/example_short_circuit_operator.py
[2022-09-14T12:41:49.342+0300] {processor.py:650} INFO - DAG(s) dict_keys(['example_short_circuit_operator']) retrieved from /home/alex/code/Hillel_Homework/airflow_project/lib/python3.10/site-packages/airflow/example_dags/example_short_circuit_operator.py
[2022-09-14T12:41:49.360+0300] {logging_mixin.py:115} INFO - [2022-09-14T12:41:49.360+0300] {dag.py:2429} INFO - Sync 1 DAGs
[2022-09-14T12:41:49.381+0300] {logging_mixin.py:115} INFO - [2022-09-14T12:41:49.381+0300] {dag.py:2977} INFO - Setting next_dagrun for example_short_circuit_operator to 2022-09-13T09:41:49.380753+00:00, run_after=2022-09-14T09:41:49.380753+00:00
[2022-09-14T12:41:49.406+0300] {processor.py:161} INFO - Processing /home/alex/code/Hillel_Homework/airflow_project/lib/python3.10/site-packages/airflow/example_dags/example_short_circuit_operator.py took 0.092 seconds
[2022-09-14T12:42:25.466+0300] {processor.py:153} INFO - Started process (PID=19073) to work on /home/alex/code/Hillel_Homework/airflow_project/lib/python3.10/site-packages/airflow/example_dags/example_short_circuit_operator.py
[2022-09-14T12:42:25.472+0300] {processor.py:640} INFO - Processing file /home/alex/code/Hillel_Homework/airflow_project/lib/python3.10/site-packages/airflow/example_dags/example_short_circuit_operator.py for tasks to queue
[2022-09-14T12:42:25.473+0300] {logging_mixin.py:115} INFO - [2022-09-14T12:42:25.473+0300] {dagbag.py:508} INFO - Filling up the DagBag from /home/alex/code/Hillel_Homework/airflow_project/lib/python3.10/site-packages/airflow/example_dags/example_short_circuit_operator.py
[2022-09-14T12:42:25.484+0300] {processor.py:650} INFO - DAG(s) dict_keys(['example_short_circuit_operator']) retrieved from /home/alex/code/Hillel_Homework/airflow_project/lib/python3.10/site-packages/airflow/example_dags/example_short_circuit_operator.py
[2022-09-14T12:42:25.501+0300] {logging_mixin.py:115} INFO - [2022-09-14T12:42:25.501+0300] {dag.py:2429} INFO - Sync 1 DAGs
[2022-09-14T12:42:25.520+0300] {logging_mixin.py:115} INFO - [2022-09-14T12:42:25.520+0300] {dag.py:2977} INFO - Setting next_dagrun for example_short_circuit_operator to 2022-09-13T09:42:25.520569+00:00, run_after=2022-09-14T09:42:25.520569+00:00
[2022-09-14T12:42:25.545+0300] {processor.py:161} INFO - Processing /home/alex/code/Hillel_Homework/airflow_project/lib/python3.10/site-packages/airflow/example_dags/example_short_circuit_operator.py took 0.087 seconds
