[2022-09-14T12:40:48.744+0300] {processor.py:153} INFO - Started process (PID=18850) to work on /home/alex/code/Hillel_Homework/airflow_project/lib/python3.10/site-packages/airflow/example_dags/example_branch_day_of_week_operator.py
[2022-09-14T12:40:48.745+0300] {processor.py:640} INFO - Processing file /home/alex/code/Hillel_Homework/airflow_project/lib/python3.10/site-packages/airflow/example_dags/example_branch_day_of_week_operator.py for tasks to queue
[2022-09-14T12:40:48.745+0300] {logging_mixin.py:115} INFO - [2022-09-14T12:40:48.745+0300] {dagbag.py:508} INFO - Filling up the DagBag from /home/alex/code/Hillel_Homework/airflow_project/lib/python3.10/site-packages/airflow/example_dags/example_branch_day_of_week_operator.py
[2022-09-14T12:40:48.758+0300] {processor.py:650} INFO - DAG(s) dict_keys(['example_weekday_branch_operator']) retrieved from /home/alex/code/Hillel_Homework/airflow_project/lib/python3.10/site-packages/airflow/example_dags/example_branch_day_of_week_operator.py
[2022-09-14T12:40:48.861+0300] {logging_mixin.py:115} INFO - [2022-09-14T12:40:48.861+0300] {manager.py:508} INFO - Created Permission View: can edit on DAG:example_weekday_branch_operator
[2022-09-14T12:40:48.888+0300] {logging_mixin.py:115} INFO - [2022-09-14T12:40:48.887+0300] {manager.py:508} INFO - Created Permission View: can read on DAG:example_weekday_branch_operator
[2022-09-14T12:40:48.900+0300] {logging_mixin.py:115} INFO - [2022-09-14T12:40:48.900+0300] {manager.py:508} INFO - Created Permission View: can delete on DAG:example_weekday_branch_operator
[2022-09-14T12:40:48.901+0300] {logging_mixin.py:115} INFO - [2022-09-14T12:40:48.901+0300] {dag.py:2429} INFO - Sync 1 DAGs
[2022-09-14T12:40:48.909+0300] {logging_mixin.py:115} INFO - [2022-09-14T12:40:48.909+0300] {dag.py:2448} INFO - Creating ORM DAG for example_weekday_branch_operator
[2022-09-14T12:40:48.923+0300] {logging_mixin.py:115} INFO - [2022-09-14T12:40:48.922+0300] {dag.py:2977} INFO - Setting next_dagrun for example_weekday_branch_operator to 2022-09-13T00:00:00+00:00, run_after=2022-09-14T00:00:00+00:00
[2022-09-14T12:40:48.945+0300] {processor.py:161} INFO - Processing /home/alex/code/Hillel_Homework/airflow_project/lib/python3.10/site-packages/airflow/example_dags/example_branch_day_of_week_operator.py took 0.204 seconds
[2022-09-14T12:41:24.228+0300] {processor.py:153} INFO - Started process (PID=18910) to work on /home/alex/code/Hillel_Homework/airflow_project/lib/python3.10/site-packages/airflow/example_dags/example_branch_day_of_week_operator.py
[2022-09-14T12:41:24.231+0300] {processor.py:640} INFO - Processing file /home/alex/code/Hillel_Homework/airflow_project/lib/python3.10/site-packages/airflow/example_dags/example_branch_day_of_week_operator.py for tasks to queue
[2022-09-14T12:41:24.232+0300] {logging_mixin.py:115} INFO - [2022-09-14T12:41:24.232+0300] {dagbag.py:508} INFO - Filling up the DagBag from /home/alex/code/Hillel_Homework/airflow_project/lib/python3.10/site-packages/airflow/example_dags/example_branch_day_of_week_operator.py
[2022-09-14T12:41:24.241+0300] {processor.py:650} INFO - DAG(s) dict_keys(['example_weekday_branch_operator']) retrieved from /home/alex/code/Hillel_Homework/airflow_project/lib/python3.10/site-packages/airflow/example_dags/example_branch_day_of_week_operator.py
[2022-09-14T12:41:24.256+0300] {logging_mixin.py:115} INFO - [2022-09-14T12:41:24.256+0300] {dag.py:2429} INFO - Sync 1 DAGs
[2022-09-14T12:41:24.279+0300] {logging_mixin.py:115} INFO - [2022-09-14T12:41:24.279+0300] {dag.py:2977} INFO - Setting next_dagrun for example_weekday_branch_operator to 2022-09-13T00:00:00+00:00, run_after=2022-09-14T00:00:00+00:00
[2022-09-14T12:41:24.297+0300] {processor.py:161} INFO - Processing /home/alex/code/Hillel_Homework/airflow_project/lib/python3.10/site-packages/airflow/example_dags/example_branch_day_of_week_operator.py took 0.072 seconds
[2022-09-14T12:41:59.891+0300] {processor.py:153} INFO - Started process (PID=19035) to work on /home/alex/code/Hillel_Homework/airflow_project/lib/python3.10/site-packages/airflow/example_dags/example_branch_day_of_week_operator.py
[2022-09-14T12:41:59.897+0300] {processor.py:640} INFO - Processing file /home/alex/code/Hillel_Homework/airflow_project/lib/python3.10/site-packages/airflow/example_dags/example_branch_day_of_week_operator.py for tasks to queue
[2022-09-14T12:41:59.900+0300] {logging_mixin.py:115} INFO - [2022-09-14T12:41:59.899+0300] {dagbag.py:508} INFO - Filling up the DagBag from /home/alex/code/Hillel_Homework/airflow_project/lib/python3.10/site-packages/airflow/example_dags/example_branch_day_of_week_operator.py
[2022-09-14T12:41:59.925+0300] {processor.py:650} INFO - DAG(s) dict_keys(['example_weekday_branch_operator']) retrieved from /home/alex/code/Hillel_Homework/airflow_project/lib/python3.10/site-packages/airflow/example_dags/example_branch_day_of_week_operator.py
[2022-09-14T12:41:59.941+0300] {logging_mixin.py:115} INFO - [2022-09-14T12:41:59.940+0300] {dag.py:2429} INFO - Sync 1 DAGs
[2022-09-14T12:41:59.961+0300] {logging_mixin.py:115} INFO - [2022-09-14T12:41:59.961+0300] {dag.py:2977} INFO - Setting next_dagrun for example_weekday_branch_operator to 2022-09-13T00:00:00+00:00, run_after=2022-09-14T00:00:00+00:00
[2022-09-14T12:41:59.986+0300] {processor.py:161} INFO - Processing /home/alex/code/Hillel_Homework/airflow_project/lib/python3.10/site-packages/airflow/example_dags/example_branch_day_of_week_operator.py took 0.107 seconds
