[2022-09-14T12:40:29.163+0300] {processor.py:153} INFO - Started process (PID=18756) to work on /home/alex/code/Hillel_Homework/airflow_project/lib/python3.10/site-packages/airflow/example_dags/example_task_group.py
[2022-09-14T12:40:29.165+0300] {processor.py:640} INFO - Processing file /home/alex/code/Hillel_Homework/airflow_project/lib/python3.10/site-packages/airflow/example_dags/example_task_group.py for tasks to queue
[2022-09-14T12:40:29.166+0300] {logging_mixin.py:115} INFO - [2022-09-14T12:40:29.166+0300] {dagbag.py:508} INFO - Filling up the DagBag from /home/alex/code/Hillel_Homework/airflow_project/lib/python3.10/site-packages/airflow/example_dags/example_task_group.py
[2022-09-14T12:40:29.179+0300] {processor.py:650} INFO - DAG(s) dict_keys(['example_task_group']) retrieved from /home/alex/code/Hillel_Homework/airflow_project/lib/python3.10/site-packages/airflow/example_dags/example_task_group.py
[2022-09-14T12:40:29.295+0300] {logging_mixin.py:115} INFO - [2022-09-14T12:40:29.295+0300] {manager.py:508} INFO - Created Permission View: can edit on DAG:example_task_group
[2022-09-14T12:40:29.315+0300] {logging_mixin.py:115} INFO - [2022-09-14T12:40:29.314+0300] {manager.py:508} INFO - Created Permission View: can read on DAG:example_task_group
[2022-09-14T12:40:29.334+0300] {logging_mixin.py:115} INFO - [2022-09-14T12:40:29.334+0300] {manager.py:508} INFO - Created Permission View: can delete on DAG:example_task_group
[2022-09-14T12:40:29.335+0300] {logging_mixin.py:115} INFO - [2022-09-14T12:40:29.335+0300] {dag.py:2429} INFO - Sync 1 DAGs
[2022-09-14T12:40:29.350+0300] {logging_mixin.py:115} INFO - [2022-09-14T12:40:29.350+0300] {dag.py:2448} INFO - Creating ORM DAG for example_task_group
[2022-09-14T12:40:29.361+0300] {logging_mixin.py:115} INFO - [2022-09-14T12:40:29.361+0300] {dag.py:2977} INFO - Setting next_dagrun for example_task_group to 2022-09-13T09:40:29.361284+00:00, run_after=2022-09-14T09:40:29.361284+00:00
[2022-09-14T12:40:29.382+0300] {processor.py:161} INFO - Processing /home/alex/code/Hillel_Homework/airflow_project/lib/python3.10/site-packages/airflow/example_dags/example_task_group.py took 0.225 seconds
[2022-09-14T12:41:08.628+0300] {processor.py:153} INFO - Started process (PID=18889) to work on /home/alex/code/Hillel_Homework/airflow_project/lib/python3.10/site-packages/airflow/example_dags/example_task_group.py
[2022-09-14T12:41:08.633+0300] {processor.py:640} INFO - Processing file /home/alex/code/Hillel_Homework/airflow_project/lib/python3.10/site-packages/airflow/example_dags/example_task_group.py for tasks to queue
[2022-09-14T12:41:08.635+0300] {logging_mixin.py:115} INFO - [2022-09-14T12:41:08.635+0300] {dagbag.py:508} INFO - Filling up the DagBag from /home/alex/code/Hillel_Homework/airflow_project/lib/python3.10/site-packages/airflow/example_dags/example_task_group.py
[2022-09-14T12:41:08.649+0300] {processor.py:650} INFO - DAG(s) dict_keys(['example_task_group']) retrieved from /home/alex/code/Hillel_Homework/airflow_project/lib/python3.10/site-packages/airflow/example_dags/example_task_group.py
[2022-09-14T12:41:08.668+0300] {logging_mixin.py:115} INFO - [2022-09-14T12:41:08.667+0300] {dag.py:2429} INFO - Sync 1 DAGs
[2022-09-14T12:41:08.687+0300] {logging_mixin.py:115} INFO - [2022-09-14T12:41:08.687+0300] {dag.py:2977} INFO - Setting next_dagrun for example_task_group to 2022-09-13T09:41:08.686974+00:00, run_after=2022-09-14T09:41:08.686974+00:00
[2022-09-14T12:41:08.714+0300] {processor.py:161} INFO - Processing /home/alex/code/Hillel_Homework/airflow_project/lib/python3.10/site-packages/airflow/example_dags/example_task_group.py took 0.092 seconds
[2022-09-14T12:41:43.720+0300] {processor.py:153} INFO - Started process (PID=18970) to work on /home/alex/code/Hillel_Homework/airflow_project/lib/python3.10/site-packages/airflow/example_dags/example_task_group.py
[2022-09-14T12:41:43.727+0300] {processor.py:640} INFO - Processing file /home/alex/code/Hillel_Homework/airflow_project/lib/python3.10/site-packages/airflow/example_dags/example_task_group.py for tasks to queue
[2022-09-14T12:41:43.730+0300] {logging_mixin.py:115} INFO - [2022-09-14T12:41:43.729+0300] {dagbag.py:508} INFO - Filling up the DagBag from /home/alex/code/Hillel_Homework/airflow_project/lib/python3.10/site-packages/airflow/example_dags/example_task_group.py
[2022-09-14T12:41:43.742+0300] {processor.py:650} INFO - DAG(s) dict_keys(['example_task_group']) retrieved from /home/alex/code/Hillel_Homework/airflow_project/lib/python3.10/site-packages/airflow/example_dags/example_task_group.py
[2022-09-14T12:41:43.760+0300] {logging_mixin.py:115} INFO - [2022-09-14T12:41:43.760+0300] {dag.py:2429} INFO - Sync 1 DAGs
[2022-09-14T12:41:43.781+0300] {logging_mixin.py:115} INFO - [2022-09-14T12:41:43.781+0300] {dag.py:2977} INFO - Setting next_dagrun for example_task_group to 2022-09-13T09:41:43.781512+00:00, run_after=2022-09-14T09:41:43.781512+00:00
[2022-09-14T12:41:43.805+0300] {processor.py:161} INFO - Processing /home/alex/code/Hillel_Homework/airflow_project/lib/python3.10/site-packages/airflow/example_dags/example_task_group.py took 0.093 seconds
[2022-09-14T12:42:18.704+0300] {processor.py:153} INFO - Started process (PID=19065) to work on /home/alex/code/Hillel_Homework/airflow_project/lib/python3.10/site-packages/airflow/example_dags/example_task_group.py
[2022-09-14T12:42:18.709+0300] {processor.py:640} INFO - Processing file /home/alex/code/Hillel_Homework/airflow_project/lib/python3.10/site-packages/airflow/example_dags/example_task_group.py for tasks to queue
[2022-09-14T12:42:18.710+0300] {logging_mixin.py:115} INFO - [2022-09-14T12:42:18.710+0300] {dagbag.py:508} INFO - Filling up the DagBag from /home/alex/code/Hillel_Homework/airflow_project/lib/python3.10/site-packages/airflow/example_dags/example_task_group.py
[2022-09-14T12:42:18.720+0300] {processor.py:650} INFO - DAG(s) dict_keys(['example_task_group']) retrieved from /home/alex/code/Hillel_Homework/airflow_project/lib/python3.10/site-packages/airflow/example_dags/example_task_group.py
[2022-09-14T12:42:18.736+0300] {logging_mixin.py:115} INFO - [2022-09-14T12:42:18.736+0300] {dag.py:2429} INFO - Sync 1 DAGs
[2022-09-14T12:42:18.755+0300] {logging_mixin.py:115} INFO - [2022-09-14T12:42:18.755+0300] {dag.py:2977} INFO - Setting next_dagrun for example_task_group to 2022-09-13T09:42:18.754940+00:00, run_after=2022-09-14T09:42:18.754940+00:00
[2022-09-14T12:42:18.775+0300] {processor.py:161} INFO - Processing /home/alex/code/Hillel_Homework/airflow_project/lib/python3.10/site-packages/airflow/example_dags/example_task_group.py took 0.077 seconds
