[2022-09-14T12:40:23.468+0300] {processor.py:153} INFO - Started process (PID=18733) to work on /home/alex/code/Hillel_Homework/airflow_project/lib/python3.10/site-packages/airflow/example_dags/example_subdag_operator.py
[2022-09-14T12:40:23.470+0300] {processor.py:640} INFO - Processing file /home/alex/code/Hillel_Homework/airflow_project/lib/python3.10/site-packages/airflow/example_dags/example_subdag_operator.py for tasks to queue
[2022-09-14T12:40:23.472+0300] {logging_mixin.py:115} INFO - [2022-09-14T12:40:23.471+0300] {dagbag.py:508} INFO - Filling up the DagBag from /home/alex/code/Hillel_Homework/airflow_project/lib/python3.10/site-packages/airflow/example_dags/example_subdag_operator.py
[2022-09-14T12:40:23.547+0300] {processor.py:650} INFO - DAG(s) dict_keys(['example_subdag_operator.section-1', 'example_subdag_operator.section-2', 'example_subdag_operator']) retrieved from /home/alex/code/Hillel_Homework/airflow_project/lib/python3.10/site-packages/airflow/example_dags/example_subdag_operator.py
[2022-09-14T12:40:23.707+0300] {logging_mixin.py:115} INFO - [2022-09-14T12:40:23.706+0300] {manager.py:508} INFO - Created Permission View: can edit on DAG:example_subdag_operator
[2022-09-14T12:40:23.723+0300] {logging_mixin.py:115} INFO - [2022-09-14T12:40:23.723+0300] {manager.py:508} INFO - Created Permission View: can read on DAG:example_subdag_operator
[2022-09-14T12:40:23.735+0300] {logging_mixin.py:115} INFO - [2022-09-14T12:40:23.735+0300] {manager.py:508} INFO - Created Permission View: can delete on DAG:example_subdag_operator
[2022-09-14T12:40:23.735+0300] {logging_mixin.py:115} INFO - [2022-09-14T12:40:23.735+0300] {dag.py:2429} INFO - Sync 3 DAGs
[2022-09-14T12:40:23.744+0300] {logging_mixin.py:115} INFO - [2022-09-14T12:40:23.744+0300] {dag.py:2448} INFO - Creating ORM DAG for example_subdag_operator.section-1
[2022-09-14T12:40:23.745+0300] {logging_mixin.py:115} INFO - [2022-09-14T12:40:23.745+0300] {dag.py:2448} INFO - Creating ORM DAG for example_subdag_operator
[2022-09-14T12:40:23.745+0300] {logging_mixin.py:115} INFO - [2022-09-14T12:40:23.745+0300] {dag.py:2448} INFO - Creating ORM DAG for example_subdag_operator.section-2
[2022-09-14T12:40:23.755+0300] {logging_mixin.py:115} INFO - [2022-09-14T12:40:23.755+0300] {dag.py:2977} INFO - Setting next_dagrun for example_subdag_operator to 2022-01-01T00:00:00+00:00, run_after=2022-01-01T00:00:00+00:00
[2022-09-14T12:40:23.756+0300] {logging_mixin.py:115} INFO - [2022-09-14T12:40:23.756+0300] {dag.py:2977} INFO - Setting next_dagrun for example_subdag_operator.section-1 to None, run_after=None
[2022-09-14T12:40:23.756+0300] {logging_mixin.py:115} INFO - [2022-09-14T12:40:23.756+0300] {dag.py:2977} INFO - Setting next_dagrun for example_subdag_operator.section-2 to None, run_after=None
[2022-09-14T12:40:23.764+0300] {logging_mixin.py:115} INFO - [2022-09-14T12:40:23.764+0300] {dag.py:2429} INFO - Sync 2 DAGs
[2022-09-14T12:40:23.769+0300] {logging_mixin.py:115} INFO - [2022-09-14T12:40:23.769+0300] {dag.py:2977} INFO - Setting next_dagrun for example_subdag_operator.section-1 to None, run_after=None
[2022-09-14T12:40:23.769+0300] {logging_mixin.py:115} INFO - [2022-09-14T12:40:23.769+0300] {dag.py:2977} INFO - Setting next_dagrun for example_subdag_operator.section-2 to None, run_after=None
[2022-09-14T12:40:23.786+0300] {processor.py:161} INFO - Processing /home/alex/code/Hillel_Homework/airflow_project/lib/python3.10/site-packages/airflow/example_dags/example_subdag_operator.py took 0.327 seconds
[2022-09-14T12:41:02.070+0300] {processor.py:153} INFO - Started process (PID=18880) to work on /home/alex/code/Hillel_Homework/airflow_project/lib/python3.10/site-packages/airflow/example_dags/example_subdag_operator.py
[2022-09-14T12:41:02.075+0300] {processor.py:640} INFO - Processing file /home/alex/code/Hillel_Homework/airflow_project/lib/python3.10/site-packages/airflow/example_dags/example_subdag_operator.py for tasks to queue
[2022-09-14T12:41:02.076+0300] {logging_mixin.py:115} INFO - [2022-09-14T12:41:02.076+0300] {dagbag.py:508} INFO - Filling up the DagBag from /home/alex/code/Hillel_Homework/airflow_project/lib/python3.10/site-packages/airflow/example_dags/example_subdag_operator.py
[2022-09-14T12:41:02.103+0300] {processor.py:650} INFO - DAG(s) dict_keys(['example_subdag_operator.section-1', 'example_subdag_operator.section-2', 'example_subdag_operator']) retrieved from /home/alex/code/Hillel_Homework/airflow_project/lib/python3.10/site-packages/airflow/example_dags/example_subdag_operator.py
[2022-09-14T12:41:02.177+0300] {logging_mixin.py:115} INFO - [2022-09-14T12:41:02.177+0300] {dag.py:2429} INFO - Sync 3 DAGs
[2022-09-14T12:41:02.196+0300] {logging_mixin.py:115} INFO - [2022-09-14T12:41:02.195+0300] {dag.py:2977} INFO - Setting next_dagrun for example_subdag_operator to 2022-01-01T00:00:00+00:00, run_after=2022-01-01T00:00:00+00:00
[2022-09-14T12:41:02.196+0300] {logging_mixin.py:115} INFO - [2022-09-14T12:41:02.196+0300] {dag.py:2977} INFO - Setting next_dagrun for example_subdag_operator.section-1 to None, run_after=None
[2022-09-14T12:41:02.196+0300] {logging_mixin.py:115} INFO - [2022-09-14T12:41:02.196+0300] {dag.py:2977} INFO - Setting next_dagrun for example_subdag_operator.section-2 to None, run_after=None
[2022-09-14T12:41:02.205+0300] {logging_mixin.py:115} INFO - [2022-09-14T12:41:02.205+0300] {dag.py:2429} INFO - Sync 2 DAGs
[2022-09-14T12:41:02.210+0300] {logging_mixin.py:115} INFO - [2022-09-14T12:41:02.209+0300] {dag.py:2977} INFO - Setting next_dagrun for example_subdag_operator.section-1 to None, run_after=None
[2022-09-14T12:41:02.210+0300] {logging_mixin.py:115} INFO - [2022-09-14T12:41:02.210+0300] {dag.py:2977} INFO - Setting next_dagrun for example_subdag_operator.section-2 to None, run_after=None
[2022-09-14T12:41:02.225+0300] {processor.py:161} INFO - Processing /home/alex/code/Hillel_Homework/airflow_project/lib/python3.10/site-packages/airflow/example_dags/example_subdag_operator.py took 0.162 seconds
[2022-09-14T12:41:36.773+0300] {processor.py:153} INFO - Started process (PID=18951) to work on /home/alex/code/Hillel_Homework/airflow_project/lib/python3.10/site-packages/airflow/example_dags/example_subdag_operator.py
[2022-09-14T12:41:36.779+0300] {processor.py:640} INFO - Processing file /home/alex/code/Hillel_Homework/airflow_project/lib/python3.10/site-packages/airflow/example_dags/example_subdag_operator.py for tasks to queue
[2022-09-14T12:41:36.781+0300] {logging_mixin.py:115} INFO - [2022-09-14T12:41:36.780+0300] {dagbag.py:508} INFO - Filling up the DagBag from /home/alex/code/Hillel_Homework/airflow_project/lib/python3.10/site-packages/airflow/example_dags/example_subdag_operator.py
[2022-09-14T12:41:36.821+0300] {processor.py:650} INFO - DAG(s) dict_keys(['example_subdag_operator.section-1', 'example_subdag_operator.section-2', 'example_subdag_operator']) retrieved from /home/alex/code/Hillel_Homework/airflow_project/lib/python3.10/site-packages/airflow/example_dags/example_subdag_operator.py
[2022-09-14T12:41:36.897+0300] {logging_mixin.py:115} INFO - [2022-09-14T12:41:36.897+0300] {dag.py:2429} INFO - Sync 3 DAGs
[2022-09-14T12:41:36.926+0300] {logging_mixin.py:115} INFO - [2022-09-14T12:41:36.926+0300] {dag.py:2977} INFO - Setting next_dagrun for example_subdag_operator to 2022-01-01T00:00:00+00:00, run_after=2022-01-01T00:00:00+00:00
[2022-09-14T12:41:36.927+0300] {logging_mixin.py:115} INFO - [2022-09-14T12:41:36.927+0300] {dag.py:2977} INFO - Setting next_dagrun for example_subdag_operator.section-1 to None, run_after=None
[2022-09-14T12:41:36.927+0300] {logging_mixin.py:115} INFO - [2022-09-14T12:41:36.927+0300] {dag.py:2977} INFO - Setting next_dagrun for example_subdag_operator.section-2 to None, run_after=None
[2022-09-14T12:41:36.939+0300] {logging_mixin.py:115} INFO - [2022-09-14T12:41:36.939+0300] {dag.py:2429} INFO - Sync 2 DAGs
[2022-09-14T12:41:36.947+0300] {logging_mixin.py:115} INFO - [2022-09-14T12:41:36.946+0300] {dag.py:2977} INFO - Setting next_dagrun for example_subdag_operator.section-1 to None, run_after=None
[2022-09-14T12:41:36.947+0300] {logging_mixin.py:115} INFO - [2022-09-14T12:41:36.947+0300] {dag.py:2977} INFO - Setting next_dagrun for example_subdag_operator.section-2 to None, run_after=None
[2022-09-14T12:41:36.970+0300] {processor.py:161} INFO - Processing /home/alex/code/Hillel_Homework/airflow_project/lib/python3.10/site-packages/airflow/example_dags/example_subdag_operator.py took 0.203 seconds
[2022-09-14T12:42:12.681+0300] {processor.py:153} INFO - Started process (PID=19055) to work on /home/alex/code/Hillel_Homework/airflow_project/lib/python3.10/site-packages/airflow/example_dags/example_subdag_operator.py
[2022-09-14T12:42:12.682+0300] {processor.py:640} INFO - Processing file /home/alex/code/Hillel_Homework/airflow_project/lib/python3.10/site-packages/airflow/example_dags/example_subdag_operator.py for tasks to queue
[2022-09-14T12:42:12.683+0300] {logging_mixin.py:115} INFO - [2022-09-14T12:42:12.683+0300] {dagbag.py:508} INFO - Filling up the DagBag from /home/alex/code/Hillel_Homework/airflow_project/lib/python3.10/site-packages/airflow/example_dags/example_subdag_operator.py
[2022-09-14T12:42:12.720+0300] {processor.py:650} INFO - DAG(s) dict_keys(['example_subdag_operator.section-1', 'example_subdag_operator.section-2', 'example_subdag_operator']) retrieved from /home/alex/code/Hillel_Homework/airflow_project/lib/python3.10/site-packages/airflow/example_dags/example_subdag_operator.py
[2022-09-14T12:42:12.824+0300] {logging_mixin.py:115} INFO - [2022-09-14T12:42:12.824+0300] {dag.py:2429} INFO - Sync 3 DAGs
[2022-09-14T12:42:12.850+0300] {logging_mixin.py:115} INFO - [2022-09-14T12:42:12.850+0300] {dag.py:2977} INFO - Setting next_dagrun for example_subdag_operator to 2022-01-01T00:00:00+00:00, run_after=2022-01-01T00:00:00+00:00
[2022-09-14T12:42:12.851+0300] {logging_mixin.py:115} INFO - [2022-09-14T12:42:12.850+0300] {dag.py:2977} INFO - Setting next_dagrun for example_subdag_operator.section-1 to None, run_after=None
[2022-09-14T12:42:12.852+0300] {logging_mixin.py:115} INFO - [2022-09-14T12:42:12.851+0300] {dag.py:2977} INFO - Setting next_dagrun for example_subdag_operator.section-2 to None, run_after=None
[2022-09-14T12:42:12.861+0300] {logging_mixin.py:115} INFO - [2022-09-14T12:42:12.861+0300] {dag.py:2429} INFO - Sync 2 DAGs
[2022-09-14T12:42:12.869+0300] {logging_mixin.py:115} INFO - [2022-09-14T12:42:12.869+0300] {dag.py:2977} INFO - Setting next_dagrun for example_subdag_operator.section-1 to None, run_after=None
[2022-09-14T12:42:12.870+0300] {logging_mixin.py:115} INFO - [2022-09-14T12:42:12.869+0300] {dag.py:2977} INFO - Setting next_dagrun for example_subdag_operator.section-2 to None, run_after=None
[2022-09-14T12:42:12.888+0300] {processor.py:161} INFO - Processing /home/alex/code/Hillel_Homework/airflow_project/lib/python3.10/site-packages/airflow/example_dags/example_subdag_operator.py took 0.210 seconds
