[2022-09-14T12:40:29.923+0300] {processor.py:153} INFO - Started process (PID=18757) to work on /home/alex/code/Hillel_Homework/airflow_project/lib/python3.10/site-packages/airflow/example_dags/example_sla_dag.py
[2022-09-14T12:40:29.925+0300] {processor.py:640} INFO - Processing file /home/alex/code/Hillel_Homework/airflow_project/lib/python3.10/site-packages/airflow/example_dags/example_sla_dag.py for tasks to queue
[2022-09-14T12:40:29.928+0300] {logging_mixin.py:115} INFO - [2022-09-14T12:40:29.927+0300] {dagbag.py:508} INFO - Filling up the DagBag from /home/alex/code/Hillel_Homework/airflow_project/lib/python3.10/site-packages/airflow/example_dags/example_sla_dag.py
[2022-09-14T12:40:29.957+0300] {processor.py:650} INFO - DAG(s) dict_keys(['example_sla_dag']) retrieved from /home/alex/code/Hillel_Homework/airflow_project/lib/python3.10/site-packages/airflow/example_dags/example_sla_dag.py
[2022-09-14T12:40:30.070+0300] {logging_mixin.py:115} INFO - [2022-09-14T12:40:30.070+0300] {manager.py:508} INFO - Created Permission View: can edit on DAG:example_sla_dag
[2022-09-14T12:40:30.089+0300] {logging_mixin.py:115} INFO - [2022-09-14T12:40:30.089+0300] {manager.py:508} INFO - Created Permission View: can read on DAG:example_sla_dag
[2022-09-14T12:40:30.105+0300] {logging_mixin.py:115} INFO - [2022-09-14T12:40:30.104+0300] {manager.py:508} INFO - Created Permission View: can delete on DAG:example_sla_dag
[2022-09-14T12:40:30.106+0300] {logging_mixin.py:115} INFO - [2022-09-14T12:40:30.105+0300] {dag.py:2429} INFO - Sync 1 DAGs
[2022-09-14T12:40:30.134+0300] {logging_mixin.py:115} INFO - [2022-09-14T12:40:30.134+0300] {dag.py:2448} INFO - Creating ORM DAG for example_sla_dag
[2022-09-14T12:40:30.153+0300] {logging_mixin.py:115} INFO - [2022-09-14T12:40:30.152+0300] {dag.py:2977} INFO - Setting next_dagrun for example_sla_dag to 2022-09-14T09:38:00+00:00, run_after=2022-09-14T09:40:00+00:00
[2022-09-14T12:40:30.202+0300] {processor.py:161} INFO - Processing /home/alex/code/Hillel_Homework/airflow_project/lib/python3.10/site-packages/airflow/example_dags/example_sla_dag.py took 0.289 seconds
[2022-09-14T12:41:09.780+0300] {processor.py:153} INFO - Started process (PID=18890) to work on /home/alex/code/Hillel_Homework/airflow_project/lib/python3.10/site-packages/airflow/example_dags/example_sla_dag.py
[2022-09-14T12:41:09.785+0300] {processor.py:640} INFO - Processing file /home/alex/code/Hillel_Homework/airflow_project/lib/python3.10/site-packages/airflow/example_dags/example_sla_dag.py for tasks to queue
[2022-09-14T12:41:09.787+0300] {logging_mixin.py:115} INFO - [2022-09-14T12:41:09.786+0300] {dagbag.py:508} INFO - Filling up the DagBag from /home/alex/code/Hillel_Homework/airflow_project/lib/python3.10/site-packages/airflow/example_dags/example_sla_dag.py
[2022-09-14T12:41:09.811+0300] {processor.py:650} INFO - DAG(s) dict_keys(['example_sla_dag']) retrieved from /home/alex/code/Hillel_Homework/airflow_project/lib/python3.10/site-packages/airflow/example_dags/example_sla_dag.py
[2022-09-14T12:41:09.825+0300] {logging_mixin.py:115} INFO - [2022-09-14T12:41:09.825+0300] {dag.py:2429} INFO - Sync 1 DAGs
[2022-09-14T12:41:09.848+0300] {logging_mixin.py:115} INFO - [2022-09-14T12:41:09.847+0300] {dag.py:2977} INFO - Setting next_dagrun for example_sla_dag to 2022-09-14T09:38:00+00:00, run_after=2022-09-14T09:40:00+00:00
[2022-09-14T12:41:09.870+0300] {processor.py:161} INFO - Processing /home/alex/code/Hillel_Homework/airflow_project/lib/python3.10/site-packages/airflow/example_dags/example_sla_dag.py took 0.097 seconds
[2022-09-14T12:41:44.040+0300] {processor.py:153} INFO - Started process (PID=18971) to work on /home/alex/code/Hillel_Homework/airflow_project/lib/python3.10/site-packages/airflow/example_dags/example_sla_dag.py
[2022-09-14T12:41:44.042+0300] {processor.py:640} INFO - Processing file /home/alex/code/Hillel_Homework/airflow_project/lib/python3.10/site-packages/airflow/example_dags/example_sla_dag.py for tasks to queue
[2022-09-14T12:41:44.044+0300] {logging_mixin.py:115} INFO - [2022-09-14T12:41:44.043+0300] {dagbag.py:508} INFO - Filling up the DagBag from /home/alex/code/Hillel_Homework/airflow_project/lib/python3.10/site-packages/airflow/example_dags/example_sla_dag.py
[2022-09-14T12:41:44.077+0300] {processor.py:650} INFO - DAG(s) dict_keys(['example_sla_dag']) retrieved from /home/alex/code/Hillel_Homework/airflow_project/lib/python3.10/site-packages/airflow/example_dags/example_sla_dag.py
[2022-09-14T12:41:44.095+0300] {logging_mixin.py:115} INFO - [2022-09-14T12:41:44.095+0300] {dag.py:2429} INFO - Sync 1 DAGs
[2022-09-14T12:41:44.120+0300] {logging_mixin.py:115} INFO - [2022-09-14T12:41:44.120+0300] {dag.py:2977} INFO - Setting next_dagrun for example_sla_dag to 2022-09-14T09:38:00+00:00, run_after=2022-09-14T09:40:00+00:00
[2022-09-14T12:41:44.139+0300] {processor.py:161} INFO - Processing /home/alex/code/Hillel_Homework/airflow_project/lib/python3.10/site-packages/airflow/example_dags/example_sla_dag.py took 0.102 seconds
[2022-09-14T12:42:19.851+0300] {processor.py:153} INFO - Started process (PID=19067) to work on /home/alex/code/Hillel_Homework/airflow_project/lib/python3.10/site-packages/airflow/example_dags/example_sla_dag.py
[2022-09-14T12:42:19.856+0300] {processor.py:640} INFO - Processing file /home/alex/code/Hillel_Homework/airflow_project/lib/python3.10/site-packages/airflow/example_dags/example_sla_dag.py for tasks to queue
[2022-09-14T12:42:19.858+0300] {logging_mixin.py:115} INFO - [2022-09-14T12:42:19.857+0300] {dagbag.py:508} INFO - Filling up the DagBag from /home/alex/code/Hillel_Homework/airflow_project/lib/python3.10/site-packages/airflow/example_dags/example_sla_dag.py
[2022-09-14T12:42:19.886+0300] {processor.py:650} INFO - DAG(s) dict_keys(['example_sla_dag']) retrieved from /home/alex/code/Hillel_Homework/airflow_project/lib/python3.10/site-packages/airflow/example_dags/example_sla_dag.py
[2022-09-14T12:42:19.900+0300] {logging_mixin.py:115} INFO - [2022-09-14T12:42:19.900+0300] {dag.py:2429} INFO - Sync 1 DAGs
[2022-09-14T12:42:19.924+0300] {logging_mixin.py:115} INFO - [2022-09-14T12:42:19.923+0300] {dag.py:2977} INFO - Setting next_dagrun for example_sla_dag to 2022-09-14T09:40:00+00:00, run_after=2022-09-14T09:42:00+00:00
[2022-09-14T12:42:19.944+0300] {processor.py:161} INFO - Processing /home/alex/code/Hillel_Homework/airflow_project/lib/python3.10/site-packages/airflow/example_dags/example_sla_dag.py took 0.101 seconds
