[2022-09-14T12:40:24.166+0300] {processor.py:153} INFO - Started process (PID=18739) to work on /home/alex/code/Hillel_Homework/airflow_project/lib/python3.10/site-packages/airflow/example_dags/example_trigger_controller_dag.py
[2022-09-14T12:40:24.167+0300] {processor.py:640} INFO - Processing file /home/alex/code/Hillel_Homework/airflow_project/lib/python3.10/site-packages/airflow/example_dags/example_trigger_controller_dag.py for tasks to queue
[2022-09-14T12:40:24.168+0300] {logging_mixin.py:115} INFO - [2022-09-14T12:40:24.168+0300] {dagbag.py:508} INFO - Filling up the DagBag from /home/alex/code/Hillel_Homework/airflow_project/lib/python3.10/site-packages/airflow/example_dags/example_trigger_controller_dag.py
[2022-09-14T12:40:24.172+0300] {processor.py:650} INFO - DAG(s) dict_keys(['example_trigger_controller_dag']) retrieved from /home/alex/code/Hillel_Homework/airflow_project/lib/python3.10/site-packages/airflow/example_dags/example_trigger_controller_dag.py
[2022-09-14T12:40:24.282+0300] {logging_mixin.py:115} INFO - [2022-09-14T12:40:24.282+0300] {manager.py:508} INFO - Created Permission View: can edit on DAG:example_trigger_controller_dag
[2022-09-14T12:40:24.304+0300] {logging_mixin.py:115} INFO - [2022-09-14T12:40:24.304+0300] {manager.py:508} INFO - Created Permission View: can read on DAG:example_trigger_controller_dag
[2022-09-14T12:40:24.324+0300] {logging_mixin.py:115} INFO - [2022-09-14T12:40:24.323+0300] {manager.py:508} INFO - Created Permission View: can delete on DAG:example_trigger_controller_dag
[2022-09-14T12:40:24.324+0300] {logging_mixin.py:115} INFO - [2022-09-14T12:40:24.324+0300] {dag.py:2429} INFO - Sync 1 DAGs
[2022-09-14T12:40:24.338+0300] {logging_mixin.py:115} INFO - [2022-09-14T12:40:24.337+0300] {dag.py:2448} INFO - Creating ORM DAG for example_trigger_controller_dag
[2022-09-14T12:40:24.353+0300] {logging_mixin.py:115} INFO - [2022-09-14T12:40:24.352+0300] {dag.py:2977} INFO - Setting next_dagrun for example_trigger_controller_dag to 2021-01-01T00:00:00+00:00, run_after=2021-01-01T00:00:00+00:00
[2022-09-14T12:40:24.372+0300] {processor.py:161} INFO - Processing /home/alex/code/Hillel_Homework/airflow_project/lib/python3.10/site-packages/airflow/example_dags/example_trigger_controller_dag.py took 0.212 seconds
[2022-09-14T12:41:03.356+0300] {processor.py:153} INFO - Started process (PID=18883) to work on /home/alex/code/Hillel_Homework/airflow_project/lib/python3.10/site-packages/airflow/example_dags/example_trigger_controller_dag.py
[2022-09-14T12:41:03.361+0300] {processor.py:640} INFO - Processing file /home/alex/code/Hillel_Homework/airflow_project/lib/python3.10/site-packages/airflow/example_dags/example_trigger_controller_dag.py for tasks to queue
[2022-09-14T12:41:03.363+0300] {logging_mixin.py:115} INFO - [2022-09-14T12:41:03.363+0300] {dagbag.py:508} INFO - Filling up the DagBag from /home/alex/code/Hillel_Homework/airflow_project/lib/python3.10/site-packages/airflow/example_dags/example_trigger_controller_dag.py
[2022-09-14T12:41:03.373+0300] {processor.py:650} INFO - DAG(s) dict_keys(['example_trigger_controller_dag']) retrieved from /home/alex/code/Hillel_Homework/airflow_project/lib/python3.10/site-packages/airflow/example_dags/example_trigger_controller_dag.py
[2022-09-14T12:41:03.394+0300] {logging_mixin.py:115} INFO - [2022-09-14T12:41:03.394+0300] {dag.py:2429} INFO - Sync 1 DAGs
[2022-09-14T12:41:03.413+0300] {logging_mixin.py:115} INFO - [2022-09-14T12:41:03.413+0300] {dag.py:2977} INFO - Setting next_dagrun for example_trigger_controller_dag to 2021-01-01T00:00:00+00:00, run_after=2021-01-01T00:00:00+00:00
[2022-09-14T12:41:03.434+0300] {processor.py:161} INFO - Processing /home/alex/code/Hillel_Homework/airflow_project/lib/python3.10/site-packages/airflow/example_dags/example_trigger_controller_dag.py took 0.085 seconds
[2022-09-14T12:41:38.126+0300] {processor.py:153} INFO - Started process (PID=18954) to work on /home/alex/code/Hillel_Homework/airflow_project/lib/python3.10/site-packages/airflow/example_dags/example_trigger_controller_dag.py
[2022-09-14T12:41:38.131+0300] {processor.py:640} INFO - Processing file /home/alex/code/Hillel_Homework/airflow_project/lib/python3.10/site-packages/airflow/example_dags/example_trigger_controller_dag.py for tasks to queue
[2022-09-14T12:41:38.132+0300] {logging_mixin.py:115} INFO - [2022-09-14T12:41:38.131+0300] {dagbag.py:508} INFO - Filling up the DagBag from /home/alex/code/Hillel_Homework/airflow_project/lib/python3.10/site-packages/airflow/example_dags/example_trigger_controller_dag.py
[2022-09-14T12:41:38.135+0300] {processor.py:650} INFO - DAG(s) dict_keys(['example_trigger_controller_dag']) retrieved from /home/alex/code/Hillel_Homework/airflow_project/lib/python3.10/site-packages/airflow/example_dags/example_trigger_controller_dag.py
[2022-09-14T12:41:38.157+0300] {logging_mixin.py:115} INFO - [2022-09-14T12:41:38.157+0300] {dag.py:2429} INFO - Sync 1 DAGs
[2022-09-14T12:41:38.196+0300] {logging_mixin.py:115} INFO - [2022-09-14T12:41:38.196+0300] {dag.py:2977} INFO - Setting next_dagrun for example_trigger_controller_dag to 2021-01-01T00:00:00+00:00, run_after=2021-01-01T00:00:00+00:00
[2022-09-14T12:41:38.221+0300] {processor.py:161} INFO - Processing /home/alex/code/Hillel_Homework/airflow_project/lib/python3.10/site-packages/airflow/example_dags/example_trigger_controller_dag.py took 0.098 seconds
[2022-09-14T12:42:14.022+0300] {processor.py:153} INFO - Started process (PID=19059) to work on /home/alex/code/Hillel_Homework/airflow_project/lib/python3.10/site-packages/airflow/example_dags/example_trigger_controller_dag.py
[2022-09-14T12:42:14.025+0300] {processor.py:640} INFO - Processing file /home/alex/code/Hillel_Homework/airflow_project/lib/python3.10/site-packages/airflow/example_dags/example_trigger_controller_dag.py for tasks to queue
[2022-09-14T12:42:14.026+0300] {logging_mixin.py:115} INFO - [2022-09-14T12:42:14.026+0300] {dagbag.py:508} INFO - Filling up the DagBag from /home/alex/code/Hillel_Homework/airflow_project/lib/python3.10/site-packages/airflow/example_dags/example_trigger_controller_dag.py
[2022-09-14T12:42:14.029+0300] {processor.py:650} INFO - DAG(s) dict_keys(['example_trigger_controller_dag']) retrieved from /home/alex/code/Hillel_Homework/airflow_project/lib/python3.10/site-packages/airflow/example_dags/example_trigger_controller_dag.py
[2022-09-14T12:42:14.047+0300] {logging_mixin.py:115} INFO - [2022-09-14T12:42:14.047+0300] {dag.py:2429} INFO - Sync 1 DAGs
[2022-09-14T12:42:14.067+0300] {logging_mixin.py:115} INFO - [2022-09-14T12:42:14.067+0300] {dag.py:2977} INFO - Setting next_dagrun for example_trigger_controller_dag to 2021-01-01T00:00:00+00:00, run_after=2021-01-01T00:00:00+00:00
[2022-09-14T12:42:14.087+0300] {processor.py:161} INFO - Processing /home/alex/code/Hillel_Homework/airflow_project/lib/python3.10/site-packages/airflow/example_dags/example_trigger_controller_dag.py took 0.067 seconds
