[2022-09-14T12:40:38.056+0300] {processor.py:153} INFO - Started process (PID=18782) to work on /home/alex/code/Hillel_Homework/airflow_project/lib/python3.10/site-packages/airflow/example_dags/example_latest_only.py
[2022-09-14T12:40:38.058+0300] {processor.py:640} INFO - Processing file /home/alex/code/Hillel_Homework/airflow_project/lib/python3.10/site-packages/airflow/example_dags/example_latest_only.py for tasks to queue
[2022-09-14T12:40:38.059+0300] {logging_mixin.py:115} INFO - [2022-09-14T12:40:38.059+0300] {dagbag.py:508} INFO - Filling up the DagBag from /home/alex/code/Hillel_Homework/airflow_project/lib/python3.10/site-packages/airflow/example_dags/example_latest_only.py
[2022-09-14T12:40:38.073+0300] {processor.py:650} INFO - DAG(s) dict_keys(['latest_only']) retrieved from /home/alex/code/Hillel_Homework/airflow_project/lib/python3.10/site-packages/airflow/example_dags/example_latest_only.py
[2022-09-14T12:40:38.178+0300] {logging_mixin.py:115} INFO - [2022-09-14T12:40:38.177+0300] {manager.py:508} INFO - Created Permission View: can edit on DAG:latest_only
[2022-09-14T12:40:38.200+0300] {logging_mixin.py:115} INFO - [2022-09-14T12:40:38.200+0300] {manager.py:508} INFO - Created Permission View: can read on DAG:latest_only
[2022-09-14T12:40:38.222+0300] {logging_mixin.py:115} INFO - [2022-09-14T12:40:38.221+0300] {manager.py:508} INFO - Created Permission View: can delete on DAG:latest_only
[2022-09-14T12:40:38.222+0300] {logging_mixin.py:115} INFO - [2022-09-14T12:40:38.222+0300] {dag.py:2429} INFO - Sync 1 DAGs
[2022-09-14T12:40:38.230+0300] {logging_mixin.py:115} INFO - [2022-09-14T12:40:38.230+0300] {dag.py:2448} INFO - Creating ORM DAG for latest_only
[2022-09-14T12:40:38.242+0300] {logging_mixin.py:115} INFO - [2022-09-14T12:40:38.241+0300] {dag.py:2977} INFO - Setting next_dagrun for latest_only to 2022-09-14T05:40:38.241544+00:00, run_after=2022-09-14T09:40:38.241544+00:00
[2022-09-14T12:40:38.268+0300] {processor.py:161} INFO - Processing /home/alex/code/Hillel_Homework/airflow_project/lib/python3.10/site-packages/airflow/example_dags/example_latest_only.py took 0.219 seconds
[2022-09-14T12:41:16.363+0300] {processor.py:153} INFO - Started process (PID=18897) to work on /home/alex/code/Hillel_Homework/airflow_project/lib/python3.10/site-packages/airflow/example_dags/example_latest_only.py
[2022-09-14T12:41:16.368+0300] {processor.py:640} INFO - Processing file /home/alex/code/Hillel_Homework/airflow_project/lib/python3.10/site-packages/airflow/example_dags/example_latest_only.py for tasks to queue
[2022-09-14T12:41:16.370+0300] {logging_mixin.py:115} INFO - [2022-09-14T12:41:16.369+0300] {dagbag.py:508} INFO - Filling up the DagBag from /home/alex/code/Hillel_Homework/airflow_project/lib/python3.10/site-packages/airflow/example_dags/example_latest_only.py
[2022-09-14T12:41:16.383+0300] {processor.py:650} INFO - DAG(s) dict_keys(['latest_only']) retrieved from /home/alex/code/Hillel_Homework/airflow_project/lib/python3.10/site-packages/airflow/example_dags/example_latest_only.py
[2022-09-14T12:41:16.400+0300] {logging_mixin.py:115} INFO - [2022-09-14T12:41:16.400+0300] {dag.py:2429} INFO - Sync 1 DAGs
[2022-09-14T12:41:16.419+0300] {logging_mixin.py:115} INFO - [2022-09-14T12:41:16.419+0300] {dag.py:2977} INFO - Setting next_dagrun for latest_only to 2022-09-14T05:41:16.419258+00:00, run_after=2022-09-14T09:41:16.419258+00:00
[2022-09-14T12:41:16.440+0300] {processor.py:161} INFO - Processing /home/alex/code/Hillel_Homework/airflow_project/lib/python3.10/site-packages/airflow/example_dags/example_latest_only.py took 0.083 seconds
[2022-09-14T12:41:51.768+0300] {processor.py:153} INFO - Started process (PID=18989) to work on /home/alex/code/Hillel_Homework/airflow_project/lib/python3.10/site-packages/airflow/example_dags/example_latest_only.py
[2022-09-14T12:41:51.774+0300] {processor.py:640} INFO - Processing file /home/alex/code/Hillel_Homework/airflow_project/lib/python3.10/site-packages/airflow/example_dags/example_latest_only.py for tasks to queue
[2022-09-14T12:41:51.776+0300] {logging_mixin.py:115} INFO - [2022-09-14T12:41:51.776+0300] {dagbag.py:508} INFO - Filling up the DagBag from /home/alex/code/Hillel_Homework/airflow_project/lib/python3.10/site-packages/airflow/example_dags/example_latest_only.py
[2022-09-14T12:41:51.785+0300] {processor.py:650} INFO - DAG(s) dict_keys(['latest_only']) retrieved from /home/alex/code/Hillel_Homework/airflow_project/lib/python3.10/site-packages/airflow/example_dags/example_latest_only.py
[2022-09-14T12:41:51.803+0300] {logging_mixin.py:115} INFO - [2022-09-14T12:41:51.803+0300] {dag.py:2429} INFO - Sync 1 DAGs
[2022-09-14T12:41:51.822+0300] {logging_mixin.py:115} INFO - [2022-09-14T12:41:51.822+0300] {dag.py:2977} INFO - Setting next_dagrun for latest_only to 2022-09-14T05:41:51.822137+00:00, run_after=2022-09-14T09:41:51.822137+00:00
[2022-09-14T12:41:51.841+0300] {processor.py:161} INFO - Processing /home/alex/code/Hillel_Homework/airflow_project/lib/python3.10/site-packages/airflow/example_dags/example_latest_only.py took 0.077 seconds
[2022-09-14T12:42:26.469+0300] {processor.py:153} INFO - Started process (PID=19078) to work on /home/alex/code/Hillel_Homework/airflow_project/lib/python3.10/site-packages/airflow/example_dags/example_latest_only.py
[2022-09-14T12:42:26.474+0300] {processor.py:640} INFO - Processing file /home/alex/code/Hillel_Homework/airflow_project/lib/python3.10/site-packages/airflow/example_dags/example_latest_only.py for tasks to queue
[2022-09-14T12:42:26.477+0300] {logging_mixin.py:115} INFO - [2022-09-14T12:42:26.476+0300] {dagbag.py:508} INFO - Filling up the DagBag from /home/alex/code/Hillel_Homework/airflow_project/lib/python3.10/site-packages/airflow/example_dags/example_latest_only.py
[2022-09-14T12:42:26.490+0300] {processor.py:650} INFO - DAG(s) dict_keys(['latest_only']) retrieved from /home/alex/code/Hillel_Homework/airflow_project/lib/python3.10/site-packages/airflow/example_dags/example_latest_only.py
[2022-09-14T12:42:26.506+0300] {logging_mixin.py:115} INFO - [2022-09-14T12:42:26.506+0300] {dag.py:2429} INFO - Sync 1 DAGs
[2022-09-14T12:42:26.525+0300] {logging_mixin.py:115} INFO - [2022-09-14T12:42:26.525+0300] {dag.py:2977} INFO - Setting next_dagrun for latest_only to 2022-09-14T05:42:26.525485+00:00, run_after=2022-09-14T09:42:26.525485+00:00
[2022-09-14T12:42:26.547+0300] {processor.py:161} INFO - Processing /home/alex/code/Hillel_Homework/airflow_project/lib/python3.10/site-packages/airflow/example_dags/example_latest_only.py took 0.085 seconds
