[2022-09-14T12:40:16.580+0300] {processor.py:153} INFO - Started process (PID=18702) to work on /home/alex/code/Hillel_Homework/airflow_project/lib/python3.10/site-packages/airflow/example_dags/tutorial_taskflow_api_etl.py
[2022-09-14T12:40:16.581+0300] {processor.py:640} INFO - Processing file /home/alex/code/Hillel_Homework/airflow_project/lib/python3.10/site-packages/airflow/example_dags/tutorial_taskflow_api_etl.py for tasks to queue
[2022-09-14T12:40:16.583+0300] {logging_mixin.py:115} INFO - [2022-09-14T12:40:16.582+0300] {dagbag.py:508} INFO - Filling up the DagBag from /home/alex/code/Hillel_Homework/airflow_project/lib/python3.10/site-packages/airflow/example_dags/tutorial_taskflow_api_etl.py
[2022-09-14T12:40:16.605+0300] {processor.py:650} INFO - DAG(s) dict_keys(['tutorial_taskflow_api_etl']) retrieved from /home/alex/code/Hillel_Homework/airflow_project/lib/python3.10/site-packages/airflow/example_dags/tutorial_taskflow_api_etl.py
[2022-09-14T12:40:16.691+0300] {logging_mixin.py:115} INFO - [2022-09-14T12:40:16.690+0300] {manager.py:508} INFO - Created Permission View: can edit on DAG:tutorial_taskflow_api_etl
[2022-09-14T12:40:16.714+0300] {logging_mixin.py:115} INFO - [2022-09-14T12:40:16.714+0300] {manager.py:508} INFO - Created Permission View: can read on DAG:tutorial_taskflow_api_etl
[2022-09-14T12:40:16.730+0300] {logging_mixin.py:115} INFO - [2022-09-14T12:40:16.730+0300] {manager.py:508} INFO - Created Permission View: can delete on DAG:tutorial_taskflow_api_etl
[2022-09-14T12:40:16.730+0300] {logging_mixin.py:115} INFO - [2022-09-14T12:40:16.730+0300] {dag.py:2429} INFO - Sync 1 DAGs
[2022-09-14T12:40:16.739+0300] {logging_mixin.py:115} INFO - [2022-09-14T12:40:16.739+0300] {dag.py:2448} INFO - Creating ORM DAG for tutorial_taskflow_api_etl
[2022-09-14T12:40:16.752+0300] {logging_mixin.py:115} INFO - [2022-09-14T12:40:16.752+0300] {dag.py:2977} INFO - Setting next_dagrun for tutorial_taskflow_api_etl to None, run_after=None
[2022-09-14T12:40:16.774+0300] {processor.py:161} INFO - Processing /home/alex/code/Hillel_Homework/airflow_project/lib/python3.10/site-packages/airflow/example_dags/tutorial_taskflow_api_etl.py took 0.202 seconds
[2022-09-14T12:40:56.771+0300] {processor.py:153} INFO - Started process (PID=18874) to work on /home/alex/code/Hillel_Homework/airflow_project/lib/python3.10/site-packages/airflow/example_dags/tutorial_taskflow_api_etl.py
[2022-09-14T12:40:56.777+0300] {processor.py:640} INFO - Processing file /home/alex/code/Hillel_Homework/airflow_project/lib/python3.10/site-packages/airflow/example_dags/tutorial_taskflow_api_etl.py for tasks to queue
[2022-09-14T12:40:56.778+0300] {logging_mixin.py:115} INFO - [2022-09-14T12:40:56.778+0300] {dagbag.py:508} INFO - Filling up the DagBag from /home/alex/code/Hillel_Homework/airflow_project/lib/python3.10/site-packages/airflow/example_dags/tutorial_taskflow_api_etl.py
[2022-09-14T12:40:56.807+0300] {processor.py:650} INFO - DAG(s) dict_keys(['tutorial_taskflow_api_etl']) retrieved from /home/alex/code/Hillel_Homework/airflow_project/lib/python3.10/site-packages/airflow/example_dags/tutorial_taskflow_api_etl.py
[2022-09-14T12:40:56.854+0300] {logging_mixin.py:115} INFO - [2022-09-14T12:40:56.854+0300] {dag.py:2429} INFO - Sync 1 DAGs
[2022-09-14T12:40:56.871+0300] {logging_mixin.py:115} INFO - [2022-09-14T12:40:56.871+0300] {dag.py:2977} INFO - Setting next_dagrun for tutorial_taskflow_api_etl to None, run_after=None
[2022-09-14T12:40:56.895+0300] {processor.py:161} INFO - Processing /home/alex/code/Hillel_Homework/airflow_project/lib/python3.10/site-packages/airflow/example_dags/tutorial_taskflow_api_etl.py took 0.131 seconds
[2022-09-14T12:41:31.359+0300] {processor.py:153} INFO - Started process (PID=18940) to work on /home/alex/code/Hillel_Homework/airflow_project/lib/python3.10/site-packages/airflow/example_dags/tutorial_taskflow_api_etl.py
[2022-09-14T12:41:31.363+0300] {processor.py:640} INFO - Processing file /home/alex/code/Hillel_Homework/airflow_project/lib/python3.10/site-packages/airflow/example_dags/tutorial_taskflow_api_etl.py for tasks to queue
[2022-09-14T12:41:31.364+0300] {logging_mixin.py:115} INFO - [2022-09-14T12:41:31.364+0300] {dagbag.py:508} INFO - Filling up the DagBag from /home/alex/code/Hillel_Homework/airflow_project/lib/python3.10/site-packages/airflow/example_dags/tutorial_taskflow_api_etl.py
[2022-09-14T12:41:31.399+0300] {processor.py:650} INFO - DAG(s) dict_keys(['tutorial_taskflow_api_etl']) retrieved from /home/alex/code/Hillel_Homework/airflow_project/lib/python3.10/site-packages/airflow/example_dags/tutorial_taskflow_api_etl.py
[2022-09-14T12:41:31.498+0300] {logging_mixin.py:115} INFO - [2022-09-14T12:41:31.498+0300] {dag.py:2429} INFO - Sync 1 DAGs
[2022-09-14T12:41:31.525+0300] {logging_mixin.py:115} INFO - [2022-09-14T12:41:31.525+0300] {dag.py:2977} INFO - Setting next_dagrun for tutorial_taskflow_api_etl to None, run_after=None
[2022-09-14T12:41:31.569+0300] {processor.py:161} INFO - Processing /home/alex/code/Hillel_Homework/airflow_project/lib/python3.10/site-packages/airflow/example_dags/tutorial_taskflow_api_etl.py took 0.214 seconds
[2022-09-14T12:42:07.208+0300] {processor.py:153} INFO - Started process (PID=19043) to work on /home/alex/code/Hillel_Homework/airflow_project/lib/python3.10/site-packages/airflow/example_dags/tutorial_taskflow_api_etl.py
[2022-09-14T12:42:07.214+0300] {processor.py:640} INFO - Processing file /home/alex/code/Hillel_Homework/airflow_project/lib/python3.10/site-packages/airflow/example_dags/tutorial_taskflow_api_etl.py for tasks to queue
[2022-09-14T12:42:07.216+0300] {logging_mixin.py:115} INFO - [2022-09-14T12:42:07.216+0300] {dagbag.py:508} INFO - Filling up the DagBag from /home/alex/code/Hillel_Homework/airflow_project/lib/python3.10/site-packages/airflow/example_dags/tutorial_taskflow_api_etl.py
[2022-09-14T12:42:07.241+0300] {processor.py:650} INFO - DAG(s) dict_keys(['tutorial_taskflow_api_etl']) retrieved from /home/alex/code/Hillel_Homework/airflow_project/lib/python3.10/site-packages/airflow/example_dags/tutorial_taskflow_api_etl.py
[2022-09-14T12:42:07.256+0300] {logging_mixin.py:115} INFO - [2022-09-14T12:42:07.256+0300] {dag.py:2429} INFO - Sync 1 DAGs
[2022-09-14T12:42:07.276+0300] {logging_mixin.py:115} INFO - [2022-09-14T12:42:07.276+0300] {dag.py:2977} INFO - Setting next_dagrun for tutorial_taskflow_api_etl to None, run_after=None
[2022-09-14T12:42:07.304+0300] {processor.py:161} INFO - Processing /home/alex/code/Hillel_Homework/airflow_project/lib/python3.10/site-packages/airflow/example_dags/tutorial_taskflow_api_etl.py took 0.103 seconds
