[2022-09-14T12:40:20.548+0300] {processor.py:153} INFO - Started process (PID=18724) to work on /home/alex/code/Hillel_Homework/airflow_project/lib/python3.10/site-packages/airflow/example_dags/tutorial_taskflow_api_etl_virtualenv.py
[2022-09-14T12:40:20.550+0300] {processor.py:640} INFO - Processing file /home/alex/code/Hillel_Homework/airflow_project/lib/python3.10/site-packages/airflow/example_dags/tutorial_taskflow_api_etl_virtualenv.py for tasks to queue
[2022-09-14T12:40:20.553+0300] {logging_mixin.py:115} INFO - [2022-09-14T12:40:20.552+0300] {dagbag.py:508} INFO - Filling up the DagBag from /home/alex/code/Hillel_Homework/airflow_project/lib/python3.10/site-packages/airflow/example_dags/tutorial_taskflow_api_etl_virtualenv.py
[2022-09-14T12:40:20.597+0300] {processor.py:650} INFO - DAG(s) dict_keys(['tutorial_taskflow_api_etl_virtualenv']) retrieved from /home/alex/code/Hillel_Homework/airflow_project/lib/python3.10/site-packages/airflow/example_dags/tutorial_taskflow_api_etl_virtualenv.py
[2022-09-14T12:40:20.706+0300] {logging_mixin.py:115} INFO - [2022-09-14T12:40:20.706+0300] {manager.py:508} INFO - Created Permission View: can edit on DAG:tutorial_taskflow_api_etl_virtualenv
[2022-09-14T12:40:20.734+0300] {logging_mixin.py:115} INFO - [2022-09-14T12:40:20.733+0300] {manager.py:508} INFO - Created Permission View: can read on DAG:tutorial_taskflow_api_etl_virtualenv
[2022-09-14T12:40:20.767+0300] {logging_mixin.py:115} INFO - [2022-09-14T12:40:20.766+0300] {manager.py:508} INFO - Created Permission View: can delete on DAG:tutorial_taskflow_api_etl_virtualenv
[2022-09-14T12:40:20.769+0300] {logging_mixin.py:115} INFO - [2022-09-14T12:40:20.768+0300] {dag.py:2429} INFO - Sync 1 DAGs
[2022-09-14T12:40:20.791+0300] {logging_mixin.py:115} INFO - [2022-09-14T12:40:20.790+0300] {dag.py:2448} INFO - Creating ORM DAG for tutorial_taskflow_api_etl_virtualenv
[2022-09-14T12:40:20.808+0300] {logging_mixin.py:115} INFO - [2022-09-14T12:40:20.808+0300] {dag.py:2977} INFO - Setting next_dagrun for tutorial_taskflow_api_etl_virtualenv to None, run_after=None
[2022-09-14T12:40:20.833+0300] {processor.py:161} INFO - Processing /home/alex/code/Hillel_Homework/airflow_project/lib/python3.10/site-packages/airflow/example_dags/tutorial_taskflow_api_etl_virtualenv.py took 0.294 seconds
[2022-09-14T12:40:59.903+0300] {processor.py:153} INFO - Started process (PID=18877) to work on /home/alex/code/Hillel_Homework/airflow_project/lib/python3.10/site-packages/airflow/example_dags/tutorial_taskflow_api_etl_virtualenv.py
[2022-09-14T12:40:59.909+0300] {processor.py:640} INFO - Processing file /home/alex/code/Hillel_Homework/airflow_project/lib/python3.10/site-packages/airflow/example_dags/tutorial_taskflow_api_etl_virtualenv.py for tasks to queue
[2022-09-14T12:40:59.911+0300] {logging_mixin.py:115} INFO - [2022-09-14T12:40:59.910+0300] {dagbag.py:508} INFO - Filling up the DagBag from /home/alex/code/Hillel_Homework/airflow_project/lib/python3.10/site-packages/airflow/example_dags/tutorial_taskflow_api_etl_virtualenv.py
[2022-09-14T12:40:59.939+0300] {processor.py:650} INFO - DAG(s) dict_keys(['tutorial_taskflow_api_etl_virtualenv']) retrieved from /home/alex/code/Hillel_Homework/airflow_project/lib/python3.10/site-packages/airflow/example_dags/tutorial_taskflow_api_etl_virtualenv.py
[2022-09-14T12:40:59.987+0300] {logging_mixin.py:115} INFO - [2022-09-14T12:40:59.986+0300] {dag.py:2429} INFO - Sync 1 DAGs
[2022-09-14T12:41:00.004+0300] {logging_mixin.py:115} INFO - [2022-09-14T12:41:00.003+0300] {dag.py:2977} INFO - Setting next_dagrun for tutorial_taskflow_api_etl_virtualenv to None, run_after=None
[2022-09-14T12:41:00.026+0300] {processor.py:161} INFO - Processing /home/alex/code/Hillel_Homework/airflow_project/lib/python3.10/site-packages/airflow/example_dags/tutorial_taskflow_api_etl_virtualenv.py took 0.131 seconds
[2022-09-14T12:41:34.783+0300] {processor.py:153} INFO - Started process (PID=18948) to work on /home/alex/code/Hillel_Homework/airflow_project/lib/python3.10/site-packages/airflow/example_dags/tutorial_taskflow_api_etl_virtualenv.py
[2022-09-14T12:41:34.790+0300] {processor.py:640} INFO - Processing file /home/alex/code/Hillel_Homework/airflow_project/lib/python3.10/site-packages/airflow/example_dags/tutorial_taskflow_api_etl_virtualenv.py for tasks to queue
[2022-09-14T12:41:34.791+0300] {logging_mixin.py:115} INFO - [2022-09-14T12:41:34.791+0300] {dagbag.py:508} INFO - Filling up the DagBag from /home/alex/code/Hillel_Homework/airflow_project/lib/python3.10/site-packages/airflow/example_dags/tutorial_taskflow_api_etl_virtualenv.py
[2022-09-14T12:41:34.818+0300] {processor.py:650} INFO - DAG(s) dict_keys(['tutorial_taskflow_api_etl_virtualenv']) retrieved from /home/alex/code/Hillel_Homework/airflow_project/lib/python3.10/site-packages/airflow/example_dags/tutorial_taskflow_api_etl_virtualenv.py
[2022-09-14T12:41:34.840+0300] {logging_mixin.py:115} INFO - [2022-09-14T12:41:34.840+0300] {dag.py:2429} INFO - Sync 1 DAGs
[2022-09-14T12:41:34.876+0300] {logging_mixin.py:115} INFO - [2022-09-14T12:41:34.875+0300] {dag.py:2977} INFO - Setting next_dagrun for tutorial_taskflow_api_etl_virtualenv to None, run_after=None
[2022-09-14T12:41:34.907+0300] {processor.py:161} INFO - Processing /home/alex/code/Hillel_Homework/airflow_project/lib/python3.10/site-packages/airflow/example_dags/tutorial_taskflow_api_etl_virtualenv.py took 0.127 seconds
[2022-09-14T12:42:10.367+0300] {processor.py:153} INFO - Started process (PID=19047) to work on /home/alex/code/Hillel_Homework/airflow_project/lib/python3.10/site-packages/airflow/example_dags/tutorial_taskflow_api_etl_virtualenv.py
[2022-09-14T12:42:10.372+0300] {processor.py:640} INFO - Processing file /home/alex/code/Hillel_Homework/airflow_project/lib/python3.10/site-packages/airflow/example_dags/tutorial_taskflow_api_etl_virtualenv.py for tasks to queue
[2022-09-14T12:42:10.373+0300] {logging_mixin.py:115} INFO - [2022-09-14T12:42:10.373+0300] {dagbag.py:508} INFO - Filling up the DagBag from /home/alex/code/Hillel_Homework/airflow_project/lib/python3.10/site-packages/airflow/example_dags/tutorial_taskflow_api_etl_virtualenv.py
[2022-09-14T12:42:10.395+0300] {processor.py:650} INFO - DAG(s) dict_keys(['tutorial_taskflow_api_etl_virtualenv']) retrieved from /home/alex/code/Hillel_Homework/airflow_project/lib/python3.10/site-packages/airflow/example_dags/tutorial_taskflow_api_etl_virtualenv.py
[2022-09-14T12:42:10.410+0300] {logging_mixin.py:115} INFO - [2022-09-14T12:42:10.410+0300] {dag.py:2429} INFO - Sync 1 DAGs
[2022-09-14T12:42:10.429+0300] {logging_mixin.py:115} INFO - [2022-09-14T12:42:10.428+0300] {dag.py:2977} INFO - Setting next_dagrun for tutorial_taskflow_api_etl_virtualenv to None, run_after=None
[2022-09-14T12:42:10.449+0300] {processor.py:161} INFO - Processing /home/alex/code/Hillel_Homework/airflow_project/lib/python3.10/site-packages/airflow/example_dags/tutorial_taskflow_api_etl_virtualenv.py took 0.089 seconds
