[2022-09-14T12:40:21.993+0300] {processor.py:153} INFO - Started process (PID=18729) to work on /home/alex/code/Hillel_Homework/airflow_project/lib/python3.10/site-packages/airflow/example_dags/tutorial_etl_dag.py
[2022-09-14T12:40:21.996+0300] {processor.py:640} INFO - Processing file /home/alex/code/Hillel_Homework/airflow_project/lib/python3.10/site-packages/airflow/example_dags/tutorial_etl_dag.py for tasks to queue
[2022-09-14T12:40:21.998+0300] {logging_mixin.py:115} INFO - [2022-09-14T12:40:21.997+0300] {dagbag.py:508} INFO - Filling up the DagBag from /home/alex/code/Hillel_Homework/airflow_project/lib/python3.10/site-packages/airflow/example_dags/tutorial_etl_dag.py
[2022-09-14T12:40:22.025+0300] {processor.py:650} INFO - DAG(s) dict_keys(['tutorial_etl_dag']) retrieved from /home/alex/code/Hillel_Homework/airflow_project/lib/python3.10/site-packages/airflow/example_dags/tutorial_etl_dag.py
[2022-09-14T12:40:22.161+0300] {logging_mixin.py:115} INFO - [2022-09-14T12:40:22.161+0300] {manager.py:508} INFO - Created Permission View: can edit on DAG:tutorial_etl_dag
[2022-09-14T12:40:22.186+0300] {logging_mixin.py:115} INFO - [2022-09-14T12:40:22.186+0300] {manager.py:508} INFO - Created Permission View: can read on DAG:tutorial_etl_dag
[2022-09-14T12:40:22.206+0300] {logging_mixin.py:115} INFO - [2022-09-14T12:40:22.205+0300] {manager.py:508} INFO - Created Permission View: can delete on DAG:tutorial_etl_dag
[2022-09-14T12:40:22.207+0300] {logging_mixin.py:115} INFO - [2022-09-14T12:40:22.206+0300] {dag.py:2429} INFO - Sync 1 DAGs
[2022-09-14T12:40:22.224+0300] {logging_mixin.py:115} INFO - [2022-09-14T12:40:22.224+0300] {dag.py:2448} INFO - Creating ORM DAG for tutorial_etl_dag
[2022-09-14T12:40:22.253+0300] {logging_mixin.py:115} INFO - [2022-09-14T12:40:22.252+0300] {dag.py:2977} INFO - Setting next_dagrun for tutorial_etl_dag to None, run_after=None
[2022-09-14T12:40:22.296+0300] {processor.py:161} INFO - Processing /home/alex/code/Hillel_Homework/airflow_project/lib/python3.10/site-packages/airflow/example_dags/tutorial_etl_dag.py took 0.311 seconds
[2022-09-14T12:41:01.175+0300] {processor.py:153} INFO - Started process (PID=18878) to work on /home/alex/code/Hillel_Homework/airflow_project/lib/python3.10/site-packages/airflow/example_dags/tutorial_etl_dag.py
[2022-09-14T12:41:01.180+0300] {processor.py:640} INFO - Processing file /home/alex/code/Hillel_Homework/airflow_project/lib/python3.10/site-packages/airflow/example_dags/tutorial_etl_dag.py for tasks to queue
[2022-09-14T12:41:01.183+0300] {logging_mixin.py:115} INFO - [2022-09-14T12:41:01.182+0300] {dagbag.py:508} INFO - Filling up the DagBag from /home/alex/code/Hillel_Homework/airflow_project/lib/python3.10/site-packages/airflow/example_dags/tutorial_etl_dag.py
[2022-09-14T12:41:01.195+0300] {processor.py:650} INFO - DAG(s) dict_keys(['tutorial_etl_dag']) retrieved from /home/alex/code/Hillel_Homework/airflow_project/lib/python3.10/site-packages/airflow/example_dags/tutorial_etl_dag.py
[2022-09-14T12:41:01.209+0300] {logging_mixin.py:115} INFO - [2022-09-14T12:41:01.209+0300] {dag.py:2429} INFO - Sync 1 DAGs
[2022-09-14T12:41:01.227+0300] {logging_mixin.py:115} INFO - [2022-09-14T12:41:01.227+0300] {dag.py:2977} INFO - Setting next_dagrun for tutorial_etl_dag to None, run_after=None
[2022-09-14T12:41:01.244+0300] {processor.py:161} INFO - Processing /home/alex/code/Hillel_Homework/airflow_project/lib/python3.10/site-packages/airflow/example_dags/tutorial_etl_dag.py took 0.076 seconds
[2022-09-14T12:41:35.504+0300] {processor.py:153} INFO - Started process (PID=18949) to work on /home/alex/code/Hillel_Homework/airflow_project/lib/python3.10/site-packages/airflow/example_dags/tutorial_etl_dag.py
[2022-09-14T12:41:35.509+0300] {processor.py:640} INFO - Processing file /home/alex/code/Hillel_Homework/airflow_project/lib/python3.10/site-packages/airflow/example_dags/tutorial_etl_dag.py for tasks to queue
[2022-09-14T12:41:35.510+0300] {logging_mixin.py:115} INFO - [2022-09-14T12:41:35.509+0300] {dagbag.py:508} INFO - Filling up the DagBag from /home/alex/code/Hillel_Homework/airflow_project/lib/python3.10/site-packages/airflow/example_dags/tutorial_etl_dag.py
[2022-09-14T12:41:35.520+0300] {processor.py:650} INFO - DAG(s) dict_keys(['tutorial_etl_dag']) retrieved from /home/alex/code/Hillel_Homework/airflow_project/lib/python3.10/site-packages/airflow/example_dags/tutorial_etl_dag.py
[2022-09-14T12:41:35.550+0300] {logging_mixin.py:115} INFO - [2022-09-14T12:41:35.550+0300] {dag.py:2429} INFO - Sync 1 DAGs
[2022-09-14T12:41:35.589+0300] {logging_mixin.py:115} INFO - [2022-09-14T12:41:35.588+0300] {dag.py:2977} INFO - Setting next_dagrun for tutorial_etl_dag to None, run_after=None
[2022-09-14T12:41:35.618+0300] {processor.py:161} INFO - Processing /home/alex/code/Hillel_Homework/airflow_project/lib/python3.10/site-packages/airflow/example_dags/tutorial_etl_dag.py took 0.118 seconds
[2022-09-14T12:42:11.549+0300] {processor.py:153} INFO - Started process (PID=19053) to work on /home/alex/code/Hillel_Homework/airflow_project/lib/python3.10/site-packages/airflow/example_dags/tutorial_etl_dag.py
[2022-09-14T12:42:11.550+0300] {processor.py:640} INFO - Processing file /home/alex/code/Hillel_Homework/airflow_project/lib/python3.10/site-packages/airflow/example_dags/tutorial_etl_dag.py for tasks to queue
[2022-09-14T12:42:11.551+0300] {logging_mixin.py:115} INFO - [2022-09-14T12:42:11.551+0300] {dagbag.py:508} INFO - Filling up the DagBag from /home/alex/code/Hillel_Homework/airflow_project/lib/python3.10/site-packages/airflow/example_dags/tutorial_etl_dag.py
[2022-09-14T12:42:11.559+0300] {processor.py:650} INFO - DAG(s) dict_keys(['tutorial_etl_dag']) retrieved from /home/alex/code/Hillel_Homework/airflow_project/lib/python3.10/site-packages/airflow/example_dags/tutorial_etl_dag.py
[2022-09-14T12:42:11.575+0300] {logging_mixin.py:115} INFO - [2022-09-14T12:42:11.575+0300] {dag.py:2429} INFO - Sync 1 DAGs
[2022-09-14T12:42:11.600+0300] {logging_mixin.py:115} INFO - [2022-09-14T12:42:11.600+0300] {dag.py:2977} INFO - Setting next_dagrun for tutorial_etl_dag to None, run_after=None
[2022-09-14T12:42:11.624+0300] {processor.py:161} INFO - Processing /home/alex/code/Hillel_Homework/airflow_project/lib/python3.10/site-packages/airflow/example_dags/tutorial_etl_dag.py took 0.080 seconds
