[2022-09-14T12:40:19.154+0300] {processor.py:153} INFO - Started process (PID=18722) to work on /home/alex/code/Hillel_Homework/airflow_project/lib/python3.10/site-packages/airflow/example_dags/tutorial.py
[2022-09-14T12:40:19.155+0300] {processor.py:640} INFO - Processing file /home/alex/code/Hillel_Homework/airflow_project/lib/python3.10/site-packages/airflow/example_dags/tutorial.py for tasks to queue
[2022-09-14T12:40:19.156+0300] {logging_mixin.py:115} INFO - [2022-09-14T12:40:19.156+0300] {dagbag.py:508} INFO - Filling up the DagBag from /home/alex/code/Hillel_Homework/airflow_project/lib/python3.10/site-packages/airflow/example_dags/tutorial.py
[2022-09-14T12:40:19.163+0300] {processor.py:650} INFO - DAG(s) dict_keys(['tutorial']) retrieved from /home/alex/code/Hillel_Homework/airflow_project/lib/python3.10/site-packages/airflow/example_dags/tutorial.py
[2022-09-14T12:40:19.288+0300] {logging_mixin.py:115} INFO - [2022-09-14T12:40:19.287+0300] {manager.py:508} INFO - Created Permission View: can edit on DAG:tutorial
[2022-09-14T12:40:19.308+0300] {logging_mixin.py:115} INFO - [2022-09-14T12:40:19.308+0300] {manager.py:508} INFO - Created Permission View: can read on DAG:tutorial
[2022-09-14T12:40:19.325+0300] {logging_mixin.py:115} INFO - [2022-09-14T12:40:19.324+0300] {manager.py:508} INFO - Created Permission View: can delete on DAG:tutorial
[2022-09-14T12:40:19.325+0300] {logging_mixin.py:115} INFO - [2022-09-14T12:40:19.325+0300] {dag.py:2429} INFO - Sync 1 DAGs
[2022-09-14T12:40:19.337+0300] {logging_mixin.py:115} INFO - [2022-09-14T12:40:19.337+0300] {dag.py:2448} INFO - Creating ORM DAG for tutorial
[2022-09-14T12:40:19.356+0300] {logging_mixin.py:115} INFO - [2022-09-14T12:40:19.355+0300] {dag.py:2977} INFO - Setting next_dagrun for tutorial to 2022-09-13T09:40:19.355538+00:00, run_after=2022-09-14T09:40:19.355538+00:00
[2022-09-14T12:40:19.383+0300] {processor.py:161} INFO - Processing /home/alex/code/Hillel_Homework/airflow_project/lib/python3.10/site-packages/airflow/example_dags/tutorial.py took 0.232 seconds
[2022-09-14T12:40:59.323+0300] {processor.py:153} INFO - Started process (PID=18876) to work on /home/alex/code/Hillel_Homework/airflow_project/lib/python3.10/site-packages/airflow/example_dags/tutorial.py
[2022-09-14T12:40:59.328+0300] {processor.py:640} INFO - Processing file /home/alex/code/Hillel_Homework/airflow_project/lib/python3.10/site-packages/airflow/example_dags/tutorial.py for tasks to queue
[2022-09-14T12:40:59.330+0300] {logging_mixin.py:115} INFO - [2022-09-14T12:40:59.329+0300] {dagbag.py:508} INFO - Filling up the DagBag from /home/alex/code/Hillel_Homework/airflow_project/lib/python3.10/site-packages/airflow/example_dags/tutorial.py
[2022-09-14T12:40:59.344+0300] {processor.py:650} INFO - DAG(s) dict_keys(['tutorial']) retrieved from /home/alex/code/Hillel_Homework/airflow_project/lib/python3.10/site-packages/airflow/example_dags/tutorial.py
[2022-09-14T12:40:59.362+0300] {logging_mixin.py:115} INFO - [2022-09-14T12:40:59.362+0300] {dag.py:2429} INFO - Sync 1 DAGs
[2022-09-14T12:40:59.381+0300] {logging_mixin.py:115} INFO - [2022-09-14T12:40:59.381+0300] {dag.py:2977} INFO - Setting next_dagrun for tutorial to 2022-09-13T09:40:59.381425+00:00, run_after=2022-09-14T09:40:59.381425+00:00
[2022-09-14T12:40:59.403+0300] {processor.py:161} INFO - Processing /home/alex/code/Hillel_Homework/airflow_project/lib/python3.10/site-packages/airflow/example_dags/tutorial.py took 0.088 seconds
[2022-09-14T12:41:33.500+0300] {processor.py:153} INFO - Started process (PID=18942) to work on /home/alex/code/Hillel_Homework/airflow_project/lib/python3.10/site-packages/airflow/example_dags/tutorial.py
[2022-09-14T12:41:33.505+0300] {processor.py:640} INFO - Processing file /home/alex/code/Hillel_Homework/airflow_project/lib/python3.10/site-packages/airflow/example_dags/tutorial.py for tasks to queue
[2022-09-14T12:41:33.506+0300] {logging_mixin.py:115} INFO - [2022-09-14T12:41:33.506+0300] {dagbag.py:508} INFO - Filling up the DagBag from /home/alex/code/Hillel_Homework/airflow_project/lib/python3.10/site-packages/airflow/example_dags/tutorial.py
[2022-09-14T12:41:33.515+0300] {processor.py:650} INFO - DAG(s) dict_keys(['tutorial']) retrieved from /home/alex/code/Hillel_Homework/airflow_project/lib/python3.10/site-packages/airflow/example_dags/tutorial.py
[2022-09-14T12:41:33.545+0300] {logging_mixin.py:115} INFO - [2022-09-14T12:41:33.544+0300] {dag.py:2429} INFO - Sync 1 DAGs
[2022-09-14T12:41:33.598+0300] {logging_mixin.py:115} INFO - [2022-09-14T12:41:33.597+0300] {dag.py:2977} INFO - Setting next_dagrun for tutorial to 2022-09-13T09:41:33.597598+00:00, run_after=2022-09-14T09:41:33.597598+00:00
[2022-09-14T12:41:33.634+0300] {processor.py:161} INFO - Processing /home/alex/code/Hillel_Homework/airflow_project/lib/python3.10/site-packages/airflow/example_dags/tutorial.py took 0.134 seconds
[2022-09-14T12:42:09.731+0300] {processor.py:153} INFO - Started process (PID=19046) to work on /home/alex/code/Hillel_Homework/airflow_project/lib/python3.10/site-packages/airflow/example_dags/tutorial.py
[2022-09-14T12:42:09.737+0300] {processor.py:640} INFO - Processing file /home/alex/code/Hillel_Homework/airflow_project/lib/python3.10/site-packages/airflow/example_dags/tutorial.py for tasks to queue
[2022-09-14T12:42:09.740+0300] {logging_mixin.py:115} INFO - [2022-09-14T12:42:09.739+0300] {dagbag.py:508} INFO - Filling up the DagBag from /home/alex/code/Hillel_Homework/airflow_project/lib/python3.10/site-packages/airflow/example_dags/tutorial.py
[2022-09-14T12:42:09.756+0300] {processor.py:650} INFO - DAG(s) dict_keys(['tutorial']) retrieved from /home/alex/code/Hillel_Homework/airflow_project/lib/python3.10/site-packages/airflow/example_dags/tutorial.py
[2022-09-14T12:42:09.779+0300] {logging_mixin.py:115} INFO - [2022-09-14T12:42:09.779+0300] {dag.py:2429} INFO - Sync 1 DAGs
[2022-09-14T12:42:09.802+0300] {logging_mixin.py:115} INFO - [2022-09-14T12:42:09.802+0300] {dag.py:2977} INFO - Setting next_dagrun for tutorial to 2022-09-13T09:42:09.802003+00:00, run_after=2022-09-14T09:42:09.802003+00:00
[2022-09-14T12:42:09.824+0300] {processor.py:161} INFO - Processing /home/alex/code/Hillel_Homework/airflow_project/lib/python3.10/site-packages/airflow/example_dags/tutorial.py took 0.102 seconds
