[2022-09-14T12:40:14.213+0300] {processor.py:153} INFO - Started process (PID=18700) to work on /home/alex/code/Hillel_Homework/airflow_project/lib/python3.10/site-packages/airflow/example_dags/subdags/subdag.py
[2022-09-14T12:40:14.214+0300] {processor.py:640} INFO - Processing file /home/alex/code/Hillel_Homework/airflow_project/lib/python3.10/site-packages/airflow/example_dags/subdags/subdag.py for tasks to queue
[2022-09-14T12:40:14.215+0300] {logging_mixin.py:115} INFO - [2022-09-14T12:40:14.214+0300] {dagbag.py:508} INFO - Filling up the DagBag from /home/alex/code/Hillel_Homework/airflow_project/lib/python3.10/site-packages/airflow/example_dags/subdags/subdag.py
[2022-09-14T12:40:14.216+0300] {processor.py:652} WARNING - No viable dags retrieved from /home/alex/code/Hillel_Homework/airflow_project/lib/python3.10/site-packages/airflow/example_dags/subdags/subdag.py
[2022-09-14T12:40:14.225+0300] {processor.py:161} INFO - Processing /home/alex/code/Hillel_Homework/airflow_project/lib/python3.10/site-packages/airflow/example_dags/subdags/subdag.py took 0.014 seconds
[2022-09-14T12:40:54.906+0300] {processor.py:153} INFO - Started process (PID=18872) to work on /home/alex/code/Hillel_Homework/airflow_project/lib/python3.10/site-packages/airflow/example_dags/subdags/subdag.py
[2022-09-14T12:40:54.911+0300] {processor.py:640} INFO - Processing file /home/alex/code/Hillel_Homework/airflow_project/lib/python3.10/site-packages/airflow/example_dags/subdags/subdag.py for tasks to queue
[2022-09-14T12:40:54.913+0300] {logging_mixin.py:115} INFO - [2022-09-14T12:40:54.913+0300] {dagbag.py:508} INFO - Filling up the DagBag from /home/alex/code/Hillel_Homework/airflow_project/lib/python3.10/site-packages/airflow/example_dags/subdags/subdag.py
[2022-09-14T12:40:54.916+0300] {processor.py:652} WARNING - No viable dags retrieved from /home/alex/code/Hillel_Homework/airflow_project/lib/python3.10/site-packages/airflow/example_dags/subdags/subdag.py
[2022-09-14T12:40:54.933+0300] {processor.py:161} INFO - Processing /home/alex/code/Hillel_Homework/airflow_project/lib/python3.10/site-packages/airflow/example_dags/subdags/subdag.py took 0.033 seconds
[2022-09-14T12:41:29.501+0300] {processor.py:153} INFO - Started process (PID=18934) to work on /home/alex/code/Hillel_Homework/airflow_project/lib/python3.10/site-packages/airflow/example_dags/subdags/subdag.py
[2022-09-14T12:41:29.505+0300] {processor.py:640} INFO - Processing file /home/alex/code/Hillel_Homework/airflow_project/lib/python3.10/site-packages/airflow/example_dags/subdags/subdag.py for tasks to queue
[2022-09-14T12:41:29.506+0300] {logging_mixin.py:115} INFO - [2022-09-14T12:41:29.506+0300] {dagbag.py:508} INFO - Filling up the DagBag from /home/alex/code/Hillel_Homework/airflow_project/lib/python3.10/site-packages/airflow/example_dags/subdags/subdag.py
[2022-09-14T12:41:29.508+0300] {processor.py:652} WARNING - No viable dags retrieved from /home/alex/code/Hillel_Homework/airflow_project/lib/python3.10/site-packages/airflow/example_dags/subdags/subdag.py
[2022-09-14T12:41:29.524+0300] {processor.py:161} INFO - Processing /home/alex/code/Hillel_Homework/airflow_project/lib/python3.10/site-packages/airflow/example_dags/subdags/subdag.py took 0.026 seconds
[2022-09-14T12:42:05.182+0300] {processor.py:153} INFO - Started process (PID=19041) to work on /home/alex/code/Hillel_Homework/airflow_project/lib/python3.10/site-packages/airflow/example_dags/subdags/subdag.py
[2022-09-14T12:42:05.187+0300] {processor.py:640} INFO - Processing file /home/alex/code/Hillel_Homework/airflow_project/lib/python3.10/site-packages/airflow/example_dags/subdags/subdag.py for tasks to queue
[2022-09-14T12:42:05.189+0300] {logging_mixin.py:115} INFO - [2022-09-14T12:42:05.189+0300] {dagbag.py:508} INFO - Filling up the DagBag from /home/alex/code/Hillel_Homework/airflow_project/lib/python3.10/site-packages/airflow/example_dags/subdags/subdag.py
[2022-09-14T12:42:05.193+0300] {processor.py:652} WARNING - No viable dags retrieved from /home/alex/code/Hillel_Homework/airflow_project/lib/python3.10/site-packages/airflow/example_dags/subdags/subdag.py
[2022-09-14T12:42:05.212+0300] {processor.py:161} INFO - Processing /home/alex/code/Hillel_Homework/airflow_project/lib/python3.10/site-packages/airflow/example_dags/subdags/subdag.py took 0.038 seconds
